11-20 19:55:37 com_github_MitjaNemec_Archive3DModels.action_archive_3d_models 238:Plugin executed on: 'win32'
11-20 19:55:37 com_github_MitjaNemec_Archive3DModels.action_archive_3d_models 239:Plugin executed with python version: '3.11.5 (main, Jun 15 2025, 06:45:45) [MSC v.1942 64 bit (AMD64)]'
11-20 19:55:37 com_github_MitjaNemec_Archive3DModels.action_archive_3d_models 240:KiCad build version: 9.0.4
11-20 19:55:37 com_github_MitjaNemec_Archive3DModels.action_archive_3d_models 241:Plugin version: 1.0.15
11-20 19:55:37 com_github_MitjaNemec_Archive3DModels.action_archive_3d_models 246:Screen sizes: [wx.Size(1920, 1080)]
11-20 19:55:37 com_github_MitjaNemec_Archive3DModels.action_archive_3d_models 253:Dialog size: wx.Size(213, 81)
11-20 19:55:37 com_github_MitjaNemec_Archive3DModels.action_archive_3d_models 255:Char size: 20
11-20 19:55:43 com_github_MitjaNemec_Archive3DModels.archive_3d_models 30:Starting to archive 3D models
11-20 19:55:43 com_github_MitjaNemec_Archive3DModels.archive_3d_models 51:Getting 3D models for footprint of: D29
11-20 19:55:43 com_github_MitjaNemec_Archive3DModels.archive_3d_models 63:Trying to copy: ${KICAD9_3DMODEL_DIR}/Resistor_SMD.3dshapes/R_0603_1608Metric.step
11-20 19:55:43 com_github_MitjaNemec_Archive3DModels.archive_3d_models 150:Remapping: ${KICAD9_3DMODEL_DIR}/Resistor_SMD.3dshapes/R_0603_1608Metric.step
11-20 19:55:43 com_github_MitjaNemec_Archive3DModels.archive_3d_models 51:Getting 3D models for footprint of: TP3
11-20 19:55:43 com_github_MitjaNemec_Archive3DModels.archive_3d_models 51:Getting 3D models for footprint of: R74
11-20 19:55:43 com_github_MitjaNemec_Archive3DModels.archive_3d_models 63:Trying to copy: ${KICAD9_3DMODEL_DIR}/Resistor_SMD.3dshapes/R_0603_1608Metric.step
11-20 19:55:43 com_github_MitjaNemec_Archive3DModels.archive_3d_models 150:Remapping: ${KICAD9_3DMODEL_DIR}/Resistor_SMD.3dshapes/R_0603_1608Metric.step
11-20 19:55:43 com_github_MitjaNemec_Archive3DModels.archive_3d_models 51:Getting 3D models for footprint of: R51
11-20 19:55:43 com_github_MitjaNemec_Archive3DModels.archive_3d_models 63:Trying to copy: ${KICAD9_3DMODEL_DIR}/Resistor_SMD.3dshapes/R_0603_1608Metric.step
11-20 19:55:43 com_github_MitjaNemec_Archive3DModels.archive_3d_models 150:Remapping: ${KICAD9_3DMODEL_DIR}/Resistor_SMD.3dshapes/R_0603_1608Metric.step
11-20 19:55:43 com_github_MitjaNemec_Archive3DModels.archive_3d_models 51:Getting 3D models for footprint of: R41
11-20 19:55:43 com_github_MitjaNemec_Archive3DModels.archive_3d_models 63:Trying to copy: ${KICAD9_3DMODEL_DIR}/Resistor_SMD.3dshapes/R_0603_1608Metric.step
11-20 19:55:43 com_github_MitjaNemec_Archive3DModels.archive_3d_models 150:Remapping: ${KICAD9_3DMODEL_DIR}/Resistor_SMD.3dshapes/R_0603_1608Metric.step
11-20 19:55:43 com_github_MitjaNemec_Archive3DModels.archive_3d_models 51:Getting 3D models for footprint of: R11
11-20 19:55:43 com_github_MitjaNemec_Archive3DModels.archive_3d_models 63:Trying to copy: ${KICAD9_3DMODEL_DIR}/Resistor_SMD.3dshapes/R_0603_1608Metric.step
11-20 19:55:43 com_github_MitjaNemec_Archive3DModels.archive_3d_models 150:Remapping: ${KICAD9_3DMODEL_DIR}/Resistor_SMD.3dshapes/R_0603_1608Metric.step
11-20 19:55:43 com_github_MitjaNemec_Archive3DModels.archive_3d_models 51:Getting 3D models for footprint of: D5
11-20 19:55:43 com_github_MitjaNemec_Archive3DModels.archive_3d_models 63:Trying to copy: ${KICAD9_3DMODEL_DIR}/Resistor_SMD.3dshapes/R_0603_1608Metric.step
11-20 19:55:43 com_github_MitjaNemec_Archive3DModels.archive_3d_models 150:Remapping: ${KICAD9_3DMODEL_DIR}/Resistor_SMD.3dshapes/R_0603_1608Metric.step
11-20 19:55:43 com_github_MitjaNemec_Archive3DModels.archive_3d_models 51:Getting 3D models for footprint of: K2
11-20 19:55:43 com_github_MitjaNemec_Archive3DModels.archive_3d_models 63:Trying to copy: G:/My Drive/Projects (GDrive)/00_General Kicad/Library Dump 1/3D/JS-12N-K.stp
11-20 19:55:43 com_github_MitjaNemec_Archive3DModels.archive_3d_models 150:Remapping: G:/My Drive/Projects (GDrive)/00_General Kicad/Library Dump 1/3D/JS-12N-K.stp
11-20 19:55:43 com_github_MitjaNemec_Archive3DModels.archive_3d_models 51:Getting 3D models for footprint of: SW3
11-20 19:55:43 com_github_MitjaNemec_Archive3DModels.archive_3d_models 63:Trying to copy: G:/My Drive/Projects (GDrive)/32_The Animation Platter/Electrical Design/3D Models/1985195.stp
11-20 19:55:43 com_github_MitjaNemec_Archive3DModels.archive_3d_models 150:Remapping: G:/My Drive/Projects (GDrive)/32_The Animation Platter/Electrical Design/3D Models/1985195.stp
11-20 19:55:43 com_github_MitjaNemec_Archive3DModels.archive_3d_models 51:Getting 3D models for footprint of: R10
11-20 19:55:43 com_github_MitjaNemec_Archive3DModels.archive_3d_models 63:Trying to copy: ${KICAD9_3DMODEL_DIR}/Resistor_SMD.3dshapes/R_0603_1608Metric.step
11-20 19:55:43 com_github_MitjaNemec_Archive3DModels.archive_3d_models 150:Remapping: ${KICAD9_3DMODEL_DIR}/Resistor_SMD.3dshapes/R_0603_1608Metric.step
11-20 19:55:43 com_github_MitjaNemec_Archive3DModels.archive_3d_models 51:Getting 3D models for footprint of: D1
11-20 19:55:43 com_github_MitjaNemec_Archive3DModels.archive_3d_models 63:Trying to copy: ${KICAD9_3DMODEL_DIR}/LED_SMD.3dshapes/LED_0603_1608Metric.step
11-20 19:55:43 com_github_MitjaNemec_Archive3DModels.archive_3d_models 150:Remapping: ${KICAD9_3DMODEL_DIR}/LED_SMD.3dshapes/LED_0603_1608Metric.step
11-20 19:55:43 com_github_MitjaNemec_Archive3DModels.archive_3d_models 51:Getting 3D models for footprint of: REF**
11-20 19:55:43 com_github_MitjaNemec_Archive3DModels.archive_3d_models 51:Getting 3D models for footprint of: C9
11-20 19:55:43 com_github_MitjaNemec_Archive3DModels.archive_3d_models 63:Trying to copy: ${KICAD9_3DMODEL_DIR}/Capacitor_SMD.3dshapes/C_0603_1608Metric.step
11-20 19:55:43 com_github_MitjaNemec_Archive3DModels.archive_3d_models 150:Remapping: ${KICAD9_3DMODEL_DIR}/Capacitor_SMD.3dshapes/C_0603_1608Metric.step
11-20 19:55:43 com_github_MitjaNemec_Archive3DModels.archive_3d_models 51:Getting 3D models for footprint of: C2
11-20 19:55:43 com_github_MitjaNemec_Archive3DModels.archive_3d_models 63:Trying to copy: ${KICAD9_3DMODEL_DIR}/Capacitor_SMD.3dshapes/C_0603_1608Metric.step
11-20 19:55:43 com_github_MitjaNemec_Archive3DModels.archive_3d_models 150:Remapping: ${KICAD9_3DMODEL_DIR}/Capacitor_SMD.3dshapes/C_0603_1608Metric.step
11-20 19:55:43 com_github_MitjaNemec_Archive3DModels.archive_3d_models 51:Getting 3D models for footprint of: R22
11-20 19:55:43 com_github_MitjaNemec_Archive3DModels.archive_3d_models 63:Trying to copy: ${KICAD9_3DMODEL_DIR}/Resistor_SMD.3dshapes/R_0603_1608Metric.step
11-20 19:55:43 com_github_MitjaNemec_Archive3DModels.archive_3d_models 150:Remapping: ${KICAD9_3DMODEL_DIR}/Resistor_SMD.3dshapes/R_0603_1608Metric.step
11-20 19:55:43 com_github_MitjaNemec_Archive3DModels.archive_3d_models 51:Getting 3D models for footprint of: D19
11-20 19:55:43 com_github_MitjaNemec_Archive3DModels.archive_3d_models 63:Trying to copy: ${KICAD9_3DMODEL_DIR}/Resistor_SMD.3dshapes/R_0603_1608Metric.step
11-20 19:55:43 com_github_MitjaNemec_Archive3DModels.archive_3d_models 150:Remapping: ${KICAD9_3DMODEL_DIR}/Resistor_SMD.3dshapes/R_0603_1608Metric.step
11-20 19:55:43 com_github_MitjaNemec_Archive3DModels.archive_3d_models 51:Getting 3D models for footprint of: Q10
11-20 19:55:43 com_github_MitjaNemec_Archive3DModels.archive_3d_models 63:Trying to copy: G:/My Drive/Projects (GDrive)/24_HDDCLK_V6.0/Electrical/PCBs/00_KiCad Library/HDDCLK_V6.0_Parts.3dshapes/XP231P0201TR-G.stp
11-20 19:55:43 com_github_MitjaNemec_Archive3DModels.archive_3d_models 150:Remapping: G:/My Drive/Projects (GDrive)/24_HDDCLK_V6.0/Electrical/PCBs/00_KiCad Library/HDDCLK_V6.0_Parts.3dshapes/XP231P0201TR-G.stp
11-20 19:55:43 com_github_MitjaNemec_Archive3DModels.archive_3d_models 51:Getting 3D models for footprint of: TP5
11-20 19:55:43 com_github_MitjaNemec_Archive3DModels.archive_3d_models 51:Getting 3D models for footprint of: R49
11-20 19:55:43 com_github_MitjaNemec_Archive3DModels.archive_3d_models 63:Trying to copy: ${KICAD9_3DMODEL_DIR}/Resistor_SMD.3dshapes/R_0603_1608Metric.step
11-20 19:55:43 com_github_MitjaNemec_Archive3DModels.archive_3d_models 150:Remapping: ${KICAD9_3DMODEL_DIR}/Resistor_SMD.3dshapes/R_0603_1608Metric.step
11-20 19:55:43 com_github_MitjaNemec_Archive3DModels.archive_3d_models 51:Getting 3D models for footprint of: C5
11-20 19:55:43 com_github_MitjaNemec_Archive3DModels.archive_3d_models 63:Trying to copy: ${KICAD9_3DMODEL_DIR}/Capacitor_SMD.3dshapes/C_0603_1608Metric.step
11-20 19:55:43 com_github_MitjaNemec_Archive3DModels.archive_3d_models 150:Remapping: ${KICAD9_3DMODEL_DIR}/Capacitor_SMD.3dshapes/C_0603_1608Metric.step
11-20 19:55:43 com_github_MitjaNemec_Archive3DModels.archive_3d_models 51:Getting 3D models for footprint of: R27
11-20 19:55:43 com_github_MitjaNemec_Archive3DModels.archive_3d_models 63:Trying to copy: ${KICAD9_3DMODEL_DIR}/Resistor_SMD.3dshapes/R_0603_1608Metric.step
11-20 19:55:44 com_github_MitjaNemec_Archive3DModels.archive_3d_models 150:Remapping: ${KICAD9_3DMODEL_DIR}/Resistor_SMD.3dshapes/R_0603_1608Metric.step
11-20 19:55:44 com_github_MitjaNemec_Archive3DModels.archive_3d_models 51:Getting 3D models for footprint of: R21
11-20 19:55:44 com_github_MitjaNemec_Archive3DModels.archive_3d_models 63:Trying to copy: ${KICAD9_3DMODEL_DIR}/Resistor_SMD.3dshapes/R_0603_1608Metric.step
11-20 19:55:44 com_github_MitjaNemec_Archive3DModels.archive_3d_models 150:Remapping: ${KICAD9_3DMODEL_DIR}/Resistor_SMD.3dshapes/R_0603_1608Metric.step
11-20 19:55:44 com_github_MitjaNemec_Archive3DModels.archive_3d_models 51:Getting 3D models for footprint of: R12
11-20 19:55:44 com_github_MitjaNemec_Archive3DModels.archive_3d_models 63:Trying to copy: ${KICAD9_3DMODEL_DIR}/Resistor_SMD.3dshapes/R_0603_1608Metric.step
11-20 19:55:44 com_github_MitjaNemec_Archive3DModels.archive_3d_models 150:Remapping: ${KICAD9_3DMODEL_DIR}/Resistor_SMD.3dshapes/R_0603_1608Metric.step
11-20 19:55:44 com_github_MitjaNemec_Archive3DModels.archive_3d_models 51:Getting 3D models for footprint of: R57
11-20 19:55:44 com_github_MitjaNemec_Archive3DModels.archive_3d_models 63:Trying to copy: ${KICAD9_3DMODEL_DIR}/Resistor_SMD.3dshapes/R_0603_1608Metric.step
11-20 19:55:44 com_github_MitjaNemec_Archive3DModels.archive_3d_models 150:Remapping: ${KICAD9_3DMODEL_DIR}/Resistor_SMD.3dshapes/R_0603_1608Metric.step
11-20 19:55:44 com_github_MitjaNemec_Archive3DModels.archive_3d_models 51:Getting 3D models for footprint of: R7
11-20 19:55:44 com_github_MitjaNemec_Archive3DModels.archive_3d_models 63:Trying to copy: ${KICAD9_3DMODEL_DIR}/Resistor_SMD.3dshapes/R_0603_1608Metric.step
11-20 19:55:44 com_github_MitjaNemec_Archive3DModels.archive_3d_models 150:Remapping: ${KICAD9_3DMODEL_DIR}/Resistor_SMD.3dshapes/R_0603_1608Metric.step
11-20 19:55:44 com_github_MitjaNemec_Archive3DModels.archive_3d_models 51:Getting 3D models for footprint of: D7
11-20 19:55:44 com_github_MitjaNemec_Archive3DModels.archive_3d_models 63:Trying to copy: ${KICAD9_3DMODEL_DIR}/Resistor_SMD.3dshapes/R_0603_1608Metric.step
11-20 19:55:44 com_github_MitjaNemec_Archive3DModels.archive_3d_models 150:Remapping: ${KICAD9_3DMODEL_DIR}/Resistor_SMD.3dshapes/R_0603_1608Metric.step
11-20 19:55:44 com_github_MitjaNemec_Archive3DModels.archive_3d_models 51:Getting 3D models for footprint of: R58
11-20 19:55:44 com_github_MitjaNemec_Archive3DModels.archive_3d_models 63:Trying to copy: ${KICAD9_3DMODEL_DIR}/Resistor_SMD.3dshapes/R_0603_1608Metric.step
11-20 19:55:44 com_github_MitjaNemec_Archive3DModels.archive_3d_models 150:Remapping: ${KICAD9_3DMODEL_DIR}/Resistor_SMD.3dshapes/R_0603_1608Metric.step
11-20 19:55:44 com_github_MitjaNemec_Archive3DModels.archive_3d_models 51:Getting 3D models for footprint of: R26
11-20 19:55:44 com_github_MitjaNemec_Archive3DModels.archive_3d_models 63:Trying to copy: ${KICAD9_3DMODEL_DIR}/Resistor_SMD.3dshapes/R_0603_1608Metric.step
11-20 19:55:44 com_github_MitjaNemec_Archive3DModels.archive_3d_models 150:Remapping: ${KICAD9_3DMODEL_DIR}/Resistor_SMD.3dshapes/R_0603_1608Metric.step
11-20 19:55:44 com_github_MitjaNemec_Archive3DModels.archive_3d_models 51:Getting 3D models for footprint of: TP4
11-20 19:55:44 com_github_MitjaNemec_Archive3DModels.archive_3d_models 51:Getting 3D models for footprint of: Q3
11-20 19:55:44 com_github_MitjaNemec_Archive3DModels.archive_3d_models 63:Trying to copy: ${KICAD9_3DMODEL_DIR}/Package_TO_SOT_SMD.3dshapes/SOT-23.step
11-20 19:55:44 com_github_MitjaNemec_Archive3DModels.archive_3d_models 150:Remapping: ${KICAD9_3DMODEL_DIR}/Package_TO_SOT_SMD.3dshapes/SOT-23.step
11-20 19:55:44 com_github_MitjaNemec_Archive3DModels.archive_3d_models 51:Getting 3D models for footprint of: R68
11-20 19:55:44 com_github_MitjaNemec_Archive3DModels.archive_3d_models 63:Trying to copy: ${KICAD9_3DMODEL_DIR}/Resistor_SMD.3dshapes/R_0603_1608Metric.step
11-20 19:55:44 com_github_MitjaNemec_Archive3DModels.archive_3d_models 150:Remapping: ${KICAD9_3DMODEL_DIR}/Resistor_SMD.3dshapes/R_0603_1608Metric.step
11-20 19:55:44 com_github_MitjaNemec_Archive3DModels.archive_3d_models 51:Getting 3D models for footprint of: J2
11-20 19:55:44 com_github_MitjaNemec_Archive3DModels.archive_3d_models 63:Trying to copy: G:/My Drive/Projects (GDrive)/31_My First Nixie Clock/01_My First Nixie Clock/PCB Plots/PCB Steps/64 Bit Display Board.step
11-20 19:55:45 com_github_MitjaNemec_Archive3DModels.archive_3d_models 150:Remapping: G:/My Drive/Projects (GDrive)/31_My First Nixie Clock/01_My First Nixie Clock/PCB Plots/PCB Steps/64 Bit Display Board.step
11-20 19:55:45 com_github_MitjaNemec_Archive3DModels.archive_3d_models 63:Trying to copy: G:/My Drive/Projects (GDrive)/31_My First Nixie Clock/01_My First Nixie Clock/Reference/61301021821 (rev1).stp
11-20 19:55:45 com_github_MitjaNemec_Archive3DModels.archive_3d_models 150:Remapping: G:/My Drive/Projects (GDrive)/31_My First Nixie Clock/01_My First Nixie Clock/Reference/61301021821 (rev1).stp
11-20 19:55:45 com_github_MitjaNemec_Archive3DModels.archive_3d_models 63:Trying to copy: G:/My Drive/Projects (GDrive)/00_General Kicad/Library Dump 1/3D/61301021821.stp
11-20 19:55:45 com_github_MitjaNemec_Archive3DModels.archive_3d_models 150:Remapping: G:/My Drive/Projects (GDrive)/00_General Kicad/Library Dump 1/3D/61301021821.stp
11-20 19:55:45 com_github_MitjaNemec_Archive3DModels.archive_3d_models 51:Getting 3D models for footprint of: R33
11-20 19:55:45 com_github_MitjaNemec_Archive3DModels.archive_3d_models 63:Trying to copy: ${KICAD9_3DMODEL_DIR}/Resistor_SMD.3dshapes/R_0603_1608Metric.step
11-20 19:55:45 com_github_MitjaNemec_Archive3DModels.archive_3d_models 150:Remapping: ${KICAD9_3DMODEL_DIR}/Resistor_SMD.3dshapes/R_0603_1608Metric.step
11-20 19:55:45 com_github_MitjaNemec_Archive3DModels.archive_3d_models 51:Getting 3D models for footprint of: R61
11-20 19:55:45 com_github_MitjaNemec_Archive3DModels.archive_3d_models 63:Trying to copy: ${KICAD9_3DMODEL_DIR}/Resistor_SMD.3dshapes/R_0603_1608Metric.step
11-20 19:55:45 com_github_MitjaNemec_Archive3DModels.archive_3d_models 150:Remapping: ${KICAD9_3DMODEL_DIR}/Resistor_SMD.3dshapes/R_0603_1608Metric.step
11-20 19:55:45 com_github_MitjaNemec_Archive3DModels.archive_3d_models 51:Getting 3D models for footprint of: Q2
11-20 19:55:45 com_github_MitjaNemec_Archive3DModels.archive_3d_models 63:Trying to copy: G:/My Drive/Projects (GDrive)/24_HDDCLK_V6.0/Electrical/PCBs/00_KiCad Library/HDDCLK_V6.0_Parts.3dshapes/XP231P0201TR-G.stp
11-20 19:55:45 com_github_MitjaNemec_Archive3DModels.archive_3d_models 150:Remapping: G:/My Drive/Projects (GDrive)/24_HDDCLK_V6.0/Electrical/PCBs/00_KiCad Library/HDDCLK_V6.0_Parts.3dshapes/XP231P0201TR-G.stp
11-20 19:55:45 com_github_MitjaNemec_Archive3DModels.archive_3d_models 51:Getting 3D models for footprint of: U1
11-20 19:55:45 com_github_MitjaNemec_Archive3DModels.archive_3d_models 63:Trying to copy: ${KICAD9_3DMODEL_DIR}/Package_QFP.3dshapes/LQFP-64_10x10mm_P0.5mm.step
11-20 19:55:45 com_github_MitjaNemec_Archive3DModels.archive_3d_models 150:Remapping: ${KICAD9_3DMODEL_DIR}/Package_QFP.3dshapes/LQFP-64_10x10mm_P0.5mm.step
11-20 19:55:45 com_github_MitjaNemec_Archive3DModels.archive_3d_models 51:Getting 3D models for footprint of: Y1
11-20 19:55:45 com_github_MitjaNemec_Archive3DModels.archive_3d_models 63:Trying to copy: G:/My Drive/Projects (GDrive)/00_General Kicad/Library Dump 1/3D/ECS-160-20-33-TR3.stp
11-20 19:55:45 com_github_MitjaNemec_Archive3DModels.archive_3d_models 150:Remapping: G:/My Drive/Projects (GDrive)/00_General Kicad/Library Dump 1/3D/ECS-160-20-33-TR3.stp
11-20 19:55:45 com_github_MitjaNemec_Archive3DModels.archive_3d_models 51:Getting 3D models for footprint of: C13
11-20 19:55:45 com_github_MitjaNemec_Archive3DModels.archive_3d_models 63:Trying to copy: ${KICAD9_3DMODEL_DIR}/Capacitor_SMD.3dshapes/C_0603_1608Metric.step
11-20 19:55:45 com_github_MitjaNemec_Archive3DModels.archive_3d_models 150:Remapping: ${KICAD9_3DMODEL_DIR}/Capacitor_SMD.3dshapes/C_0603_1608Metric.step
11-20 19:55:45 com_github_MitjaNemec_Archive3DModels.archive_3d_models 51:Getting 3D models for footprint of: TP2
11-20 19:55:45 com_github_MitjaNemec_Archive3DModels.archive_3d_models 51:Getting 3D models for footprint of: SW6
11-20 19:55:45 com_github_MitjaNemec_Archive3DModels.archive_3d_models 63:Trying to copy: G:/My Drive/Projects (GDrive)/32_The Animation Platter/Electrical Design/3D Models/1985195.stp
11-20 19:55:45 com_github_MitjaNemec_Archive3DModels.archive_3d_models 150:Remapping: G:/My Drive/Projects (GDrive)/32_The Animation Platter/Electrical Design/3D Models/1985195.stp
11-20 19:55:45 com_github_MitjaNemec_Archive3DModels.archive_3d_models 51:Getting 3D models for footprint of: R19
11-20 19:55:45 com_github_MitjaNemec_Archive3DModels.archive_3d_models 63:Trying to copy: ${KICAD9_3DMODEL_DIR}/Resistor_SMD.3dshapes/R_0603_1608Metric.step
11-20 19:55:45 com_github_MitjaNemec_Archive3DModels.archive_3d_models 150:Remapping: ${KICAD9_3DMODEL_DIR}/Resistor_SMD.3dshapes/R_0603_1608Metric.step
11-20 19:55:45 com_github_MitjaNemec_Archive3DModels.archive_3d_models 51:Getting 3D models for footprint of: R30
11-20 19:55:45 com_github_MitjaNemec_Archive3DModels.archive_3d_models 63:Trying to copy: ${KICAD9_3DMODEL_DIR}/Resistor_SMD.3dshapes/R_0603_1608Metric.step
11-20 19:55:45 com_github_MitjaNemec_Archive3DModels.archive_3d_models 150:Remapping: ${KICAD9_3DMODEL_DIR}/Resistor_SMD.3dshapes/R_0603_1608Metric.step
11-20 19:55:45 com_github_MitjaNemec_Archive3DModels.archive_3d_models 51:Getting 3D models for footprint of: D16
11-20 19:55:45 com_github_MitjaNemec_Archive3DModels.archive_3d_models 63:Trying to copy: ${KICAD9_3DMODEL_DIR}/Resistor_SMD.3dshapes/R_0603_1608Metric.step
11-20 19:55:45 com_github_MitjaNemec_Archive3DModels.archive_3d_models 150:Remapping: ${KICAD9_3DMODEL_DIR}/Resistor_SMD.3dshapes/R_0603_1608Metric.step
11-20 19:55:45 com_github_MitjaNemec_Archive3DModels.archive_3d_models 51:Getting 3D models for footprint of: R40
11-20 19:55:45 com_github_MitjaNemec_Archive3DModels.archive_3d_models 63:Trying to copy: ${KICAD9_3DMODEL_DIR}/Resistor_SMD.3dshapes/R_0603_1608Metric.step
11-20 19:55:45 com_github_MitjaNemec_Archive3DModels.archive_3d_models 150:Remapping: ${KICAD9_3DMODEL_DIR}/Resistor_SMD.3dshapes/R_0603_1608Metric.step
11-20 19:55:45 com_github_MitjaNemec_Archive3DModels.archive_3d_models 51:Getting 3D models for footprint of: U3
11-20 19:55:45 com_github_MitjaNemec_Archive3DModels.archive_3d_models 63:Trying to copy: G:/My Drive/Projects (GDrive)/24_HDDCLK_V6.0/Electrical/PCBs/00_KiCad Library/HDDCLK_V6.0_Parts.3dshapes/RTC.stp
11-20 19:55:45 com_github_MitjaNemec_Archive3DModels.archive_3d_models 150:Remapping: G:/My Drive/Projects (GDrive)/24_HDDCLK_V6.0/Electrical/PCBs/00_KiCad Library/HDDCLK_V6.0_Parts.3dshapes/RTC.stp
11-20 19:55:45 com_github_MitjaNemec_Archive3DModels.archive_3d_models 51:Getting 3D models for footprint of: R18
11-20 19:55:45 com_github_MitjaNemec_Archive3DModels.archive_3d_models 63:Trying to copy: ${KICAD9_3DMODEL_DIR}/Resistor_SMD.3dshapes/R_0603_1608Metric.step
11-20 19:55:46 com_github_MitjaNemec_Archive3DModels.archive_3d_models 150:Remapping: ${KICAD9_3DMODEL_DIR}/Resistor_SMD.3dshapes/R_0603_1608Metric.step
11-20 19:55:46 com_github_MitjaNemec_Archive3DModels.archive_3d_models 51:Getting 3D models for footprint of: R63
11-20 19:55:46 com_github_MitjaNemec_Archive3DModels.archive_3d_models 63:Trying to copy: ${KICAD9_3DMODEL_DIR}/Resistor_SMD.3dshapes/R_0603_1608Metric.step
11-20 19:55:46 com_github_MitjaNemec_Archive3DModels.archive_3d_models 150:Remapping: ${KICAD9_3DMODEL_DIR}/Resistor_SMD.3dshapes/R_0603_1608Metric.step
11-20 19:55:46 com_github_MitjaNemec_Archive3DModels.archive_3d_models 51:Getting 3D models for footprint of: R20
11-20 19:55:46 com_github_MitjaNemec_Archive3DModels.archive_3d_models 63:Trying to copy: ${KICAD9_3DMODEL_DIR}/Resistor_SMD.3dshapes/R_0603_1608Metric.step
11-20 19:55:46 com_github_MitjaNemec_Archive3DModels.archive_3d_models 150:Remapping: ${KICAD9_3DMODEL_DIR}/Resistor_SMD.3dshapes/R_0603_1608Metric.step
11-20 19:55:46 com_github_MitjaNemec_Archive3DModels.archive_3d_models 51:Getting 3D models for footprint of: C21
11-20 19:55:46 com_github_MitjaNemec_Archive3DModels.archive_3d_models 63:Trying to copy: ${KICAD9_3DMODEL_DIR}/Capacitor_SMD.3dshapes/C_1210_3225Metric.step
11-20 19:55:46 com_github_MitjaNemec_Archive3DModels.archive_3d_models 150:Remapping: ${KICAD9_3DMODEL_DIR}/Capacitor_SMD.3dshapes/C_1210_3225Metric.step
11-20 19:55:46 com_github_MitjaNemec_Archive3DModels.archive_3d_models 51:Getting 3D models for footprint of: Q7
11-20 19:55:46 com_github_MitjaNemec_Archive3DModels.archive_3d_models 63:Trying to copy: G:/My Drive/Projects (GDrive)/24_HDDCLK_V6.0/Electrical/PCBs/00_KiCad Library/HDDCLK_V6.0_Parts.3dshapes/XP231P0201TR-G.stp
11-20 19:55:46 com_github_MitjaNemec_Archive3DModels.archive_3d_models 150:Remapping: G:/My Drive/Projects (GDrive)/24_HDDCLK_V6.0/Electrical/PCBs/00_KiCad Library/HDDCLK_V6.0_Parts.3dshapes/XP231P0201TR-G.stp
11-20 19:55:46 com_github_MitjaNemec_Archive3DModels.archive_3d_models 51:Getting 3D models for footprint of: Q4
11-20 19:55:46 com_github_MitjaNemec_Archive3DModels.archive_3d_models 63:Trying to copy: ${KICAD9_3DMODEL_DIR}/Package_TO_SOT_SMD.3dshapes/SOT-23.step
11-20 19:55:46 com_github_MitjaNemec_Archive3DModels.archive_3d_models 150:Remapping: ${KICAD9_3DMODEL_DIR}/Package_TO_SOT_SMD.3dshapes/SOT-23.step
11-20 19:55:46 com_github_MitjaNemec_Archive3DModels.archive_3d_models 51:Getting 3D models for footprint of: R38
11-20 19:55:46 com_github_MitjaNemec_Archive3DModels.archive_3d_models 63:Trying to copy: ${KICAD9_3DMODEL_DIR}/Resistor_SMD.3dshapes/R_0603_1608Metric.step
11-20 19:55:46 com_github_MitjaNemec_Archive3DModels.archive_3d_models 150:Remapping: ${KICAD9_3DMODEL_DIR}/Resistor_SMD.3dshapes/R_0603_1608Metric.step
11-20 19:55:46 com_github_MitjaNemec_Archive3DModels.archive_3d_models 51:Getting 3D models for footprint of: R46
11-20 19:55:46 com_github_MitjaNemec_Archive3DModels.archive_3d_models 63:Trying to copy: ${KICAD9_3DMODEL_DIR}/Resistor_SMD.3dshapes/R_0603_1608Metric.step
11-20 19:55:46 com_github_MitjaNemec_Archive3DModels.archive_3d_models 150:Remapping: ${KICAD9_3DMODEL_DIR}/Resistor_SMD.3dshapes/R_0603_1608Metric.step
11-20 19:55:46 com_github_MitjaNemec_Archive3DModels.archive_3d_models 51:Getting 3D models for footprint of: C12
11-20 19:55:46 com_github_MitjaNemec_Archive3DModels.archive_3d_models 63:Trying to copy: ${KICAD9_3DMODEL_DIR}/Capacitor_SMD.3dshapes/C_0603_1608Metric.step
11-20 19:55:46 com_github_MitjaNemec_Archive3DModels.archive_3d_models 150:Remapping: ${KICAD9_3DMODEL_DIR}/Capacitor_SMD.3dshapes/C_0603_1608Metric.step
11-20 19:55:46 com_github_MitjaNemec_Archive3DModels.archive_3d_models 51:Getting 3D models for footprint of: D30
11-20 19:55:46 com_github_MitjaNemec_Archive3DModels.archive_3d_models 63:Trying to copy: ${KICAD9_3DMODEL_DIR}/Resistor_SMD.3dshapes/R_0603_1608Metric.step
11-20 19:55:46 com_github_MitjaNemec_Archive3DModels.archive_3d_models 150:Remapping: ${KICAD9_3DMODEL_DIR}/Resistor_SMD.3dshapes/R_0603_1608Metric.step
11-20 19:55:46 com_github_MitjaNemec_Archive3DModels.archive_3d_models 51:Getting 3D models for footprint of: R64
11-20 19:55:46 com_github_MitjaNemec_Archive3DModels.archive_3d_models 63:Trying to copy: ${KICAD9_3DMODEL_DIR}/Resistor_SMD.3dshapes/R_0603_1608Metric.step
11-20 19:55:46 com_github_MitjaNemec_Archive3DModels.archive_3d_models 150:Remapping: ${KICAD9_3DMODEL_DIR}/Resistor_SMD.3dshapes/R_0603_1608Metric.step
11-20 19:55:46 com_github_MitjaNemec_Archive3DModels.archive_3d_models 51:Getting 3D models for footprint of: C24
11-20 19:55:46 com_github_MitjaNemec_Archive3DModels.archive_3d_models 63:Trying to copy: ${KICAD9_3DMODEL_DIR}/Capacitor_SMD.3dshapes/C_1210_3225Metric.step
11-20 19:55:46 com_github_MitjaNemec_Archive3DModels.archive_3d_models 150:Remapping: ${KICAD9_3DMODEL_DIR}/Capacitor_SMD.3dshapes/C_1210_3225Metric.step
11-20 19:55:46 com_github_MitjaNemec_Archive3DModels.archive_3d_models 51:Getting 3D models for footprint of: TP1
11-20 19:55:46 com_github_MitjaNemec_Archive3DModels.archive_3d_models 51:Getting 3D models for footprint of: R59
11-20 19:55:46 com_github_MitjaNemec_Archive3DModels.archive_3d_models 63:Trying to copy: ${KICAD9_3DMODEL_DIR}/Resistor_SMD.3dshapes/R_0603_1608Metric.step
11-20 19:55:46 com_github_MitjaNemec_Archive3DModels.archive_3d_models 150:Remapping: ${KICAD9_3DMODEL_DIR}/Resistor_SMD.3dshapes/R_0603_1608Metric.step
11-20 19:55:46 com_github_MitjaNemec_Archive3DModels.archive_3d_models 51:Getting 3D models for footprint of: J5
11-20 19:55:46 com_github_MitjaNemec_Archive3DModels.archive_3d_models 63:Trying to copy: G:/My Drive/Projects (GDrive)/00_General Kicad/Library Dump 1/3D/USB4216-03-A.stp
11-20 19:55:46 com_github_MitjaNemec_Archive3DModels.archive_3d_models 150:Remapping: G:/My Drive/Projects (GDrive)/00_General Kicad/Library Dump 1/3D/USB4216-03-A.stp
11-20 19:55:46 com_github_MitjaNemec_Archive3DModels.archive_3d_models 51:Getting 3D models for footprint of: R56
11-20 19:55:46 com_github_MitjaNemec_Archive3DModels.archive_3d_models 63:Trying to copy: ${KICAD9_3DMODEL_DIR}/Resistor_SMD.3dshapes/R_0603_1608Metric.step
11-20 19:55:46 com_github_MitjaNemec_Archive3DModels.archive_3d_models 150:Remapping: ${KICAD9_3DMODEL_DIR}/Resistor_SMD.3dshapes/R_0603_1608Metric.step
11-20 19:55:46 com_github_MitjaNemec_Archive3DModels.archive_3d_models 51:Getting 3D models for footprint of: Q5
11-20 19:55:46 com_github_MitjaNemec_Archive3DModels.archive_3d_models 63:Trying to copy: ${KICAD9_3DMODEL_DIR}/Package_TO_SOT_SMD.3dshapes/SOT-23.step
11-20 19:55:46 com_github_MitjaNemec_Archive3DModels.archive_3d_models 150:Remapping: ${KICAD9_3DMODEL_DIR}/Package_TO_SOT_SMD.3dshapes/SOT-23.step
11-20 19:55:46 com_github_MitjaNemec_Archive3DModels.archive_3d_models 51:Getting 3D models for footprint of: H5
11-20 19:55:46 com_github_MitjaNemec_Archive3DModels.archive_3d_models 51:Getting 3D models for footprint of: C28
11-20 19:55:46 com_github_MitjaNemec_Archive3DModels.archive_3d_models 63:Trying to copy: ${KICAD9_3DMODEL_DIR}/Capacitor_SMD.3dshapes/C_1210_3225Metric.step
11-20 19:55:46 com_github_MitjaNemec_Archive3DModels.archive_3d_models 150:Remapping: ${KICAD9_3DMODEL_DIR}/Capacitor_SMD.3dshapes/C_1210_3225Metric.step
11-20 19:55:46 com_github_MitjaNemec_Archive3DModels.archive_3d_models 51:Getting 3D models for footprint of: D2
11-20 19:55:46 com_github_MitjaNemec_Archive3DModels.archive_3d_models 63:Trying to copy: ${KICAD9_3DMODEL_DIR}/LED_SMD.3dshapes/LED_0603_1608Metric.step
11-20 19:55:46 com_github_MitjaNemec_Archive3DModels.archive_3d_models 150:Remapping: ${KICAD9_3DMODEL_DIR}/LED_SMD.3dshapes/LED_0603_1608Metric.step
11-20 19:55:46 com_github_MitjaNemec_Archive3DModels.archive_3d_models 51:Getting 3D models for footprint of: D26
11-20 19:55:46 com_github_MitjaNemec_Archive3DModels.archive_3d_models 63:Trying to copy: ${KICAD9_3DMODEL_DIR}/Resistor_SMD.3dshapes/R_0603_1608Metric.step
11-20 19:55:46 com_github_MitjaNemec_Archive3DModels.archive_3d_models 150:Remapping: ${KICAD9_3DMODEL_DIR}/Resistor_SMD.3dshapes/R_0603_1608Metric.step
11-20 19:55:46 com_github_MitjaNemec_Archive3DModels.archive_3d_models 51:Getting 3D models for footprint of: C4
11-20 19:55:46 com_github_MitjaNemec_Archive3DModels.archive_3d_models 63:Trying to copy: ${KICAD9_3DMODEL_DIR}/Capacitor_SMD.3dshapes/C_0603_1608Metric.step
11-20 19:55:46 com_github_MitjaNemec_Archive3DModels.archive_3d_models 150:Remapping: ${KICAD9_3DMODEL_DIR}/Capacitor_SMD.3dshapes/C_0603_1608Metric.step
11-20 19:55:46 com_github_MitjaNemec_Archive3DModels.archive_3d_models 51:Getting 3D models for footprint of: C27
11-20 19:55:46 com_github_MitjaNemec_Archive3DModels.archive_3d_models 63:Trying to copy: ${KICAD9_3DMODEL_DIR}/Capacitor_SMD.3dshapes/C_0603_1608Metric.step
11-20 19:55:46 com_github_MitjaNemec_Archive3DModels.archive_3d_models 150:Remapping: ${KICAD9_3DMODEL_DIR}/Capacitor_SMD.3dshapes/C_0603_1608Metric.step
11-20 19:55:46 com_github_MitjaNemec_Archive3DModels.archive_3d_models 51:Getting 3D models for footprint of: C11
11-20 19:55:46 com_github_MitjaNemec_Archive3DModels.archive_3d_models 63:Trying to copy: ${KICAD9_3DMODEL_DIR}/Capacitor_SMD.3dshapes/C_0603_1608Metric.step
11-20 19:55:46 com_github_MitjaNemec_Archive3DModels.archive_3d_models 150:Remapping: ${KICAD9_3DMODEL_DIR}/Capacitor_SMD.3dshapes/C_0603_1608Metric.step
11-20 19:55:46 com_github_MitjaNemec_Archive3DModels.archive_3d_models 51:Getting 3D models for footprint of: R53
11-20 19:55:46 com_github_MitjaNemec_Archive3DModels.archive_3d_models 63:Trying to copy: ${KICAD9_3DMODEL_DIR}/Resistor_SMD.3dshapes/R_0603_1608Metric.step
11-20 19:55:47 com_github_MitjaNemec_Archive3DModels.archive_3d_models 150:Remapping: ${KICAD9_3DMODEL_DIR}/Resistor_SMD.3dshapes/R_0603_1608Metric.step
11-20 19:55:47 com_github_MitjaNemec_Archive3DModels.archive_3d_models 51:Getting 3D models for footprint of: R71
11-20 19:55:47 com_github_MitjaNemec_Archive3DModels.archive_3d_models 63:Trying to copy: ${KICAD9_3DMODEL_DIR}/Resistor_SMD.3dshapes/R_0603_1608Metric.step
11-20 19:55:47 com_github_MitjaNemec_Archive3DModels.archive_3d_models 150:Remapping: ${KICAD9_3DMODEL_DIR}/Resistor_SMD.3dshapes/R_0603_1608Metric.step
11-20 19:55:47 com_github_MitjaNemec_Archive3DModels.archive_3d_models 51:Getting 3D models for footprint of: J14
11-20 19:55:47 com_github_MitjaNemec_Archive3DModels.archive_3d_models 63:Trying to copy: G:/My Drive/Projects (GDrive)/32_The Animation Platter/Electrical Design/3D Models/1985195.stp
11-20 19:55:47 com_github_MitjaNemec_Archive3DModels.archive_3d_models 150:Remapping: G:/My Drive/Projects (GDrive)/32_The Animation Platter/Electrical Design/3D Models/1985195.stp
11-20 19:55:47 com_github_MitjaNemec_Archive3DModels.archive_3d_models 51:Getting 3D models for footprint of: SW5
11-20 19:55:47 com_github_MitjaNemec_Archive3DModels.archive_3d_models 63:Trying to copy: //DESKTOP-ARTLMTU/Projects/07_VFD Tube Clocks/02_IV-12 & IV-22/IV-22 VFD Tube CLock V2.0/PCBs/PCB Component stp/slide switch/L-KLS7-SS-12F20A-G5.step
11-20 19:55:47 com_github_MitjaNemec_Archive3DModels.archive_3d_models 150:Remapping: //DESKTOP-ARTLMTU/Projects/07_VFD Tube Clocks/02_IV-12 & IV-22/IV-22 VFD Tube CLock V2.0/PCBs/PCB Component stp/slide switch/L-KLS7-SS-12F20A-G5.step
11-20 19:55:47 com_github_MitjaNemec_Archive3DModels.archive_3d_models 51:Getting 3D models for footprint of: R25
11-20 19:55:47 com_github_MitjaNemec_Archive3DModels.archive_3d_models 63:Trying to copy: ${KICAD9_3DMODEL_DIR}/Resistor_SMD.3dshapes/R_0603_1608Metric.step
11-20 19:55:47 com_github_MitjaNemec_Archive3DModels.archive_3d_models 150:Remapping: ${KICAD9_3DMODEL_DIR}/Resistor_SMD.3dshapes/R_0603_1608Metric.step
11-20 19:55:47 com_github_MitjaNemec_Archive3DModels.archive_3d_models 51:Getting 3D models for footprint of: Q1
11-20 19:55:47 com_github_MitjaNemec_Archive3DModels.archive_3d_models 63:Trying to copy: ${KICAD9_3DMODEL_DIR}/Package_TO_SOT_SMD.3dshapes/SOT-23.step
11-20 19:55:47 com_github_MitjaNemec_Archive3DModels.archive_3d_models 150:Remapping: ${KICAD9_3DMODEL_DIR}/Package_TO_SOT_SMD.3dshapes/SOT-23.step
11-20 19:55:47 com_github_MitjaNemec_Archive3DModels.archive_3d_models 51:Getting 3D models for footprint of: D21
11-20 19:55:47 com_github_MitjaNemec_Archive3DModels.archive_3d_models 63:Trying to copy: ${KICAD9_3DMODEL_DIR}/Resistor_SMD.3dshapes/R_0603_1608Metric.step
11-20 19:55:47 com_github_MitjaNemec_Archive3DModels.archive_3d_models 150:Remapping: ${KICAD9_3DMODEL_DIR}/Resistor_SMD.3dshapes/R_0603_1608Metric.step
11-20 19:55:47 com_github_MitjaNemec_Archive3DModels.archive_3d_models 51:Getting 3D models for footprint of: SW4
11-20 19:55:47 com_github_MitjaNemec_Archive3DModels.archive_3d_models 63:Trying to copy: G:/My Drive/Projects (GDrive)/32_The Animation Platter/Electrical Design/3D Models/1985195.stp
11-20 19:55:47 com_github_MitjaNemec_Archive3DModels.archive_3d_models 150:Remapping: G:/My Drive/Projects (GDrive)/32_The Animation Platter/Electrical Design/3D Models/1985195.stp
11-20 19:55:47 com_github_MitjaNemec_Archive3DModels.archive_3d_models 51:Getting 3D models for footprint of: R32
11-20 19:55:47 com_github_MitjaNemec_Archive3DModels.archive_3d_models 63:Trying to copy: ${KICAD9_3DMODEL_DIR}/Resistor_SMD.3dshapes/R_0603_1608Metric.step
11-20 19:55:47 com_github_MitjaNemec_Archive3DModels.archive_3d_models 150:Remapping: ${KICAD9_3DMODEL_DIR}/Resistor_SMD.3dshapes/R_0603_1608Metric.step
11-20 19:55:47 com_github_MitjaNemec_Archive3DModels.archive_3d_models 51:Getting 3D models for footprint of: H1
11-20 19:55:47 com_github_MitjaNemec_Archive3DModels.archive_3d_models 51:Getting 3D models for footprint of: R31
11-20 19:55:47 com_github_MitjaNemec_Archive3DModels.archive_3d_models 63:Trying to copy: ${KICAD9_3DMODEL_DIR}/Resistor_SMD.3dshapes/R_0603_1608Metric.step
11-20 19:55:47 com_github_MitjaNemec_Archive3DModels.archive_3d_models 150:Remapping: ${KICAD9_3DMODEL_DIR}/Resistor_SMD.3dshapes/R_0603_1608Metric.step
11-20 19:55:47 com_github_MitjaNemec_Archive3DModels.archive_3d_models 51:Getting 3D models for footprint of: C30
11-20 19:55:47 com_github_MitjaNemec_Archive3DModels.archive_3d_models 63:Trying to copy: ${KICAD9_3DMODEL_DIR}/Capacitor_SMD.3dshapes/C_0603_1608Metric.step
11-20 19:55:47 com_github_MitjaNemec_Archive3DModels.archive_3d_models 150:Remapping: ${KICAD9_3DMODEL_DIR}/Capacitor_SMD.3dshapes/C_0603_1608Metric.step
11-20 19:55:47 com_github_MitjaNemec_Archive3DModels.archive_3d_models 51:Getting 3D models for footprint of: R14
11-20 19:55:47 com_github_MitjaNemec_Archive3DModels.archive_3d_models 63:Trying to copy: ${KICAD9_3DMODEL_DIR}/Resistor_SMD.3dshapes/R_0603_1608Metric.step
11-20 19:55:47 com_github_MitjaNemec_Archive3DModels.archive_3d_models 150:Remapping: ${KICAD9_3DMODEL_DIR}/Resistor_SMD.3dshapes/R_0603_1608Metric.step
11-20 19:55:47 com_github_MitjaNemec_Archive3DModels.archive_3d_models 51:Getting 3D models for footprint of: R35
11-20 19:55:47 com_github_MitjaNemec_Archive3DModels.archive_3d_models 63:Trying to copy: ${KICAD9_3DMODEL_DIR}/Resistor_SMD.3dshapes/R_0603_1608Metric.step
11-20 19:55:47 com_github_MitjaNemec_Archive3DModels.archive_3d_models 150:Remapping: ${KICAD9_3DMODEL_DIR}/Resistor_SMD.3dshapes/R_0603_1608Metric.step
11-20 19:55:47 com_github_MitjaNemec_Archive3DModels.archive_3d_models 51:Getting 3D models for footprint of: K5
11-20 19:55:47 com_github_MitjaNemec_Archive3DModels.archive_3d_models 63:Trying to copy: G:/My Drive/Projects (GDrive)/00_General Kicad/Library Dump 1/3D/PR30-12V-450-1A-E.stp
11-20 19:55:47 com_github_MitjaNemec_Archive3DModels.archive_3d_models 150:Remapping: G:/My Drive/Projects (GDrive)/00_General Kicad/Library Dump 1/3D/PR30-12V-450-1A-E.stp
11-20 19:55:47 com_github_MitjaNemec_Archive3DModels.archive_3d_models 51:Getting 3D models for footprint of: U4
11-20 19:55:47 com_github_MitjaNemec_Archive3DModels.archive_3d_models 63:Trying to copy: G:/My Drive/Projects (GDrive)/24_HDDCLK_V6.0/Electrical/PCBs/00_KiCad Library/HDDCLK_V6.0_Parts.3dshapes/PCA9306DCUR.stp
11-20 19:55:48 com_github_MitjaNemec_Archive3DModels.archive_3d_models 150:Remapping: G:/My Drive/Projects (GDrive)/24_HDDCLK_V6.0/Electrical/PCBs/00_KiCad Library/HDDCLK_V6.0_Parts.3dshapes/PCA9306DCUR.stp
11-20 19:55:48 com_github_MitjaNemec_Archive3DModels.archive_3d_models 51:Getting 3D models for footprint of: D22
11-20 19:55:48 com_github_MitjaNemec_Archive3DModels.archive_3d_models 63:Trying to copy: ${KICAD9_3DMODEL_DIR}/Resistor_SMD.3dshapes/R_0603_1608Metric.step
11-20 19:55:48 com_github_MitjaNemec_Archive3DModels.archive_3d_models 150:Remapping: ${KICAD9_3DMODEL_DIR}/Resistor_SMD.3dshapes/R_0603_1608Metric.step
11-20 19:55:48 com_github_MitjaNemec_Archive3DModels.archive_3d_models 51:Getting 3D models for footprint of: R75
11-20 19:55:48 com_github_MitjaNemec_Archive3DModels.archive_3d_models 63:Trying to copy: ${KICAD9_3DMODEL_DIR}/Resistor_SMD.3dshapes/R_0603_1608Metric.step
11-20 19:55:48 com_github_MitjaNemec_Archive3DModels.archive_3d_models 150:Remapping: ${KICAD9_3DMODEL_DIR}/Resistor_SMD.3dshapes/R_0603_1608Metric.step
11-20 19:55:48 com_github_MitjaNemec_Archive3DModels.archive_3d_models 51:Getting 3D models for footprint of: R43
11-20 19:55:48 com_github_MitjaNemec_Archive3DModels.archive_3d_models 63:Trying to copy: ${KICAD9_3DMODEL_DIR}/Resistor_SMD.3dshapes/R_0603_1608Metric.step
11-20 19:55:48 com_github_MitjaNemec_Archive3DModels.archive_3d_models 150:Remapping: ${KICAD9_3DMODEL_DIR}/Resistor_SMD.3dshapes/R_0603_1608Metric.step
11-20 19:55:48 com_github_MitjaNemec_Archive3DModels.archive_3d_models 51:Getting 3D models for footprint of: R24
11-20 19:55:48 com_github_MitjaNemec_Archive3DModels.archive_3d_models 63:Trying to copy: ${KICAD9_3DMODEL_DIR}/Resistor_SMD.3dshapes/R_0603_1608Metric.step
11-20 19:55:48 com_github_MitjaNemec_Archive3DModels.archive_3d_models 150:Remapping: ${KICAD9_3DMODEL_DIR}/Resistor_SMD.3dshapes/R_0603_1608Metric.step
11-20 19:55:48 com_github_MitjaNemec_Archive3DModels.archive_3d_models 51:Getting 3D models for footprint of: R66
11-20 19:55:48 com_github_MitjaNemec_Archive3DModels.archive_3d_models 63:Trying to copy: ${KICAD9_3DMODEL_DIR}/Resistor_SMD.3dshapes/R_0603_1608Metric.step
11-20 19:55:48 com_github_MitjaNemec_Archive3DModels.archive_3d_models 150:Remapping: ${KICAD9_3DMODEL_DIR}/Resistor_SMD.3dshapes/R_0603_1608Metric.step
11-20 19:55:48 com_github_MitjaNemec_Archive3DModels.archive_3d_models 51:Getting 3D models for footprint of: R48
11-20 19:55:48 com_github_MitjaNemec_Archive3DModels.archive_3d_models 63:Trying to copy: ${KICAD9_3DMODEL_DIR}/Resistor_SMD.3dshapes/R_0603_1608Metric.step
11-20 19:55:48 com_github_MitjaNemec_Archive3DModels.archive_3d_models 150:Remapping: ${KICAD9_3DMODEL_DIR}/Resistor_SMD.3dshapes/R_0603_1608Metric.step
11-20 19:55:48 com_github_MitjaNemec_Archive3DModels.archive_3d_models 51:Getting 3D models for footprint of: R36
11-20 19:55:48 com_github_MitjaNemec_Archive3DModels.archive_3d_models 63:Trying to copy: ${KICAD9_3DMODEL_DIR}/Resistor_SMD.3dshapes/R_2010_5025Metric.step
11-20 19:55:48 com_github_MitjaNemec_Archive3DModels.archive_3d_models 150:Remapping: ${KICAD9_3DMODEL_DIR}/Resistor_SMD.3dshapes/R_2010_5025Metric.step
11-20 19:55:48 com_github_MitjaNemec_Archive3DModels.archive_3d_models 51:Getting 3D models for footprint of: C14
11-20 19:55:48 com_github_MitjaNemec_Archive3DModels.archive_3d_models 63:Trying to copy: ${KICAD9_3DMODEL_DIR}/Capacitor_SMD.3dshapes/C_0603_1608Metric.step
11-20 19:55:48 com_github_MitjaNemec_Archive3DModels.archive_3d_models 150:Remapping: ${KICAD9_3DMODEL_DIR}/Capacitor_SMD.3dshapes/C_0603_1608Metric.step
11-20 19:55:48 com_github_MitjaNemec_Archive3DModels.archive_3d_models 51:Getting 3D models for footprint of: P1
11-20 19:55:48 com_github_MitjaNemec_Archive3DModels.archive_3d_models 63:Trying to copy: ${KICAD9_3DMODEL_DIR}/Connector_PinHeader_2.54mm.3dshapes/PinHeader_1x02_P2.54mm_Vertical.step
11-20 19:55:48 com_github_MitjaNemec_Archive3DModels.archive_3d_models 150:Remapping: ${KICAD9_3DMODEL_DIR}/Connector_PinHeader_2.54mm.3dshapes/PinHeader_1x02_P2.54mm_Vertical.step
11-20 19:55:48 com_github_MitjaNemec_Archive3DModels.archive_3d_models 51:Getting 3D models for footprint of: D10
11-20 19:55:48 com_github_MitjaNemec_Archive3DModels.archive_3d_models 63:Trying to copy: ${KICAD9_3DMODEL_DIR}/Resistor_SMD.3dshapes/R_0603_1608Metric.step
11-20 19:55:48 com_github_MitjaNemec_Archive3DModels.archive_3d_models 150:Remapping: ${KICAD9_3DMODEL_DIR}/Resistor_SMD.3dshapes/R_0603_1608Metric.step
11-20 19:55:48 com_github_MitjaNemec_Archive3DModels.archive_3d_models 51:Getting 3D models for footprint of: D27
11-20 19:55:48 com_github_MitjaNemec_Archive3DModels.archive_3d_models 63:Trying to copy: ${KICAD9_3DMODEL_DIR}/Resistor_SMD.3dshapes/R_0603_1608Metric.step
11-20 19:55:48 com_github_MitjaNemec_Archive3DModels.archive_3d_models 150:Remapping: ${KICAD9_3DMODEL_DIR}/Resistor_SMD.3dshapes/R_0603_1608Metric.step
11-20 19:55:48 com_github_MitjaNemec_Archive3DModels.archive_3d_models 51:Getting 3D models for footprint of: K1
11-20 19:55:48 com_github_MitjaNemec_Archive3DModels.archive_3d_models 63:Trying to copy: G:/My Drive/Projects (GDrive)/00_General Kicad/Library Dump 1/3D/JS-12N-K.stp
11-20 19:55:48 com_github_MitjaNemec_Archive3DModels.archive_3d_models 150:Remapping: G:/My Drive/Projects (GDrive)/00_General Kicad/Library Dump 1/3D/JS-12N-K.stp
11-20 19:55:48 com_github_MitjaNemec_Archive3DModels.archive_3d_models 51:Getting 3D models for footprint of: R45
11-20 19:55:48 com_github_MitjaNemec_Archive3DModels.archive_3d_models 63:Trying to copy: ${KICAD9_3DMODEL_DIR}/Resistor_SMD.3dshapes/R_0603_1608Metric.step
11-20 19:55:48 com_github_MitjaNemec_Archive3DModels.archive_3d_models 150:Remapping: ${KICAD9_3DMODEL_DIR}/Resistor_SMD.3dshapes/R_0603_1608Metric.step
11-20 19:55:48 com_github_MitjaNemec_Archive3DModels.archive_3d_models 51:Getting 3D models for footprint of: R8
11-20 19:55:48 com_github_MitjaNemec_Archive3DModels.archive_3d_models 63:Trying to copy: ${KICAD9_3DMODEL_DIR}/Resistor_SMD.3dshapes/R_0603_1608Metric.step
11-20 19:55:48 com_github_MitjaNemec_Archive3DModels.archive_3d_models 150:Remapping: ${KICAD9_3DMODEL_DIR}/Resistor_SMD.3dshapes/R_0603_1608Metric.step
11-20 19:55:48 com_github_MitjaNemec_Archive3DModels.archive_3d_models 51:Getting 3D models for footprint of: VR3
11-20 19:55:48 com_github_MitjaNemec_Archive3DModels.archive_3d_models 63:Trying to copy: G:/My Drive/Projects (GDrive)/00_General Kicad/Library Dump 1/3D/AZ1117CH2-5.0TRG1.stp
11-20 19:55:48 com_github_MitjaNemec_Archive3DModels.archive_3d_models 150:Remapping: G:/My Drive/Projects (GDrive)/00_General Kicad/Library Dump 1/3D/AZ1117CH2-5.0TRG1.stp
11-20 19:55:48 com_github_MitjaNemec_Archive3DModels.archive_3d_models 51:Getting 3D models for footprint of: R55
11-20 19:55:48 com_github_MitjaNemec_Archive3DModels.archive_3d_models 63:Trying to copy: ${KICAD9_3DMODEL_DIR}/Resistor_SMD.3dshapes/R_0603_1608Metric.step
11-20 19:55:48 com_github_MitjaNemec_Archive3DModels.archive_3d_models 150:Remapping: ${KICAD9_3DMODEL_DIR}/Resistor_SMD.3dshapes/R_0603_1608Metric.step
11-20 19:55:48 com_github_MitjaNemec_Archive3DModels.archive_3d_models 51:Getting 3D models for footprint of: C25
11-20 19:55:48 com_github_MitjaNemec_Archive3DModels.archive_3d_models 63:Trying to copy: ${KICAD9_3DMODEL_DIR}/Capacitor_THT.3dshapes/CP_Radial_D13.0mm_P5.00mm.step
11-20 19:55:48 com_github_MitjaNemec_Archive3DModels.archive_3d_models 150:Remapping: ${KICAD9_3DMODEL_DIR}/Capacitor_THT.3dshapes/CP_Radial_D13.0mm_P5.00mm.step
11-20 19:55:48 com_github_MitjaNemec_Archive3DModels.archive_3d_models 51:Getting 3D models for footprint of: R15
11-20 19:55:48 com_github_MitjaNemec_Archive3DModels.archive_3d_models 63:Trying to copy: ${KICAD9_3DMODEL_DIR}/Resistor_SMD.3dshapes/R_0603_1608Metric.step
11-20 19:55:48 com_github_MitjaNemec_Archive3DModels.archive_3d_models 150:Remapping: ${KICAD9_3DMODEL_DIR}/Resistor_SMD.3dshapes/R_0603_1608Metric.step
11-20 19:55:48 com_github_MitjaNemec_Archive3DModels.archive_3d_models 51:Getting 3D models for footprint of: C6
11-20 19:55:48 com_github_MitjaNemec_Archive3DModels.archive_3d_models 63:Trying to copy: ${KICAD9_3DMODEL_DIR}/Capacitor_SMD.3dshapes/C_0603_1608Metric.step
11-20 19:55:48 com_github_MitjaNemec_Archive3DModels.archive_3d_models 150:Remapping: ${KICAD9_3DMODEL_DIR}/Capacitor_SMD.3dshapes/C_0603_1608Metric.step
11-20 19:55:48 com_github_MitjaNemec_Archive3DModels.archive_3d_models 51:Getting 3D models for footprint of: VR5
11-20 19:55:48 com_github_MitjaNemec_Archive3DModels.archive_3d_models 63:Trying to copy: G:/My Drive/Projects (GDrive)/00_General Kicad/Library Dump 1/3D/AZ1117CH2-5.0TRG1.stp
11-20 19:55:48 com_github_MitjaNemec_Archive3DModels.archive_3d_models 150:Remapping: G:/My Drive/Projects (GDrive)/00_General Kicad/Library Dump 1/3D/AZ1117CH2-5.0TRG1.stp
11-20 19:55:48 com_github_MitjaNemec_Archive3DModels.archive_3d_models 51:Getting 3D models for footprint of: D17
11-20 19:55:48 com_github_MitjaNemec_Archive3DModels.archive_3d_models 63:Trying to copy: ${KICAD9_3DMODEL_DIR}/Resistor_SMD.3dshapes/R_0603_1608Metric.step
11-20 19:55:48 com_github_MitjaNemec_Archive3DModels.archive_3d_models 150:Remapping: ${KICAD9_3DMODEL_DIR}/Resistor_SMD.3dshapes/R_0603_1608Metric.step
11-20 19:55:48 com_github_MitjaNemec_Archive3DModels.archive_3d_models 51:Getting 3D models for footprint of: H2
11-20 19:55:48 com_github_MitjaNemec_Archive3DModels.archive_3d_models 51:Getting 3D models for footprint of: C19
11-20 19:55:48 com_github_MitjaNemec_Archive3DModels.archive_3d_models 63:Trying to copy: ${KICAD9_3DMODEL_DIR}/Capacitor_SMD.3dshapes/C_0603_1608Metric.step
11-20 19:55:48 com_github_MitjaNemec_Archive3DModels.archive_3d_models 150:Remapping: ${KICAD9_3DMODEL_DIR}/Capacitor_SMD.3dshapes/C_0603_1608Metric.step
11-20 19:55:48 com_github_MitjaNemec_Archive3DModels.archive_3d_models 51:Getting 3D models for footprint of: R34
11-20 19:55:48 com_github_MitjaNemec_Archive3DModels.archive_3d_models 63:Trying to copy: ${KICAD9_3DMODEL_DIR}/Resistor_SMD.3dshapes/R_0603_1608Metric.step
11-20 19:55:48 com_github_MitjaNemec_Archive3DModels.archive_3d_models 150:Remapping: ${KICAD9_3DMODEL_DIR}/Resistor_SMD.3dshapes/R_0603_1608Metric.step
11-20 19:55:48 com_github_MitjaNemec_Archive3DModels.archive_3d_models 51:Getting 3D models for footprint of: R5
11-20 19:55:48 com_github_MitjaNemec_Archive3DModels.archive_3d_models 63:Trying to copy: ${KICAD9_3DMODEL_DIR}/Resistor_SMD.3dshapes/R_0603_1608Metric.step
11-20 19:55:49 com_github_MitjaNemec_Archive3DModels.archive_3d_models 150:Remapping: ${KICAD9_3DMODEL_DIR}/Resistor_SMD.3dshapes/R_0603_1608Metric.step
11-20 19:55:49 com_github_MitjaNemec_Archive3DModels.archive_3d_models 51:Getting 3D models for footprint of: D28
11-20 19:55:49 com_github_MitjaNemec_Archive3DModels.archive_3d_models 63:Trying to copy: ${KICAD9_3DMODEL_DIR}/Resistor_SMD.3dshapes/R_0603_1608Metric.step
11-20 19:55:49 com_github_MitjaNemec_Archive3DModels.archive_3d_models 150:Remapping: ${KICAD9_3DMODEL_DIR}/Resistor_SMD.3dshapes/R_0603_1608Metric.step
11-20 19:55:49 com_github_MitjaNemec_Archive3DModels.archive_3d_models 51:Getting 3D models for footprint of: H4
11-20 19:55:49 com_github_MitjaNemec_Archive3DModels.archive_3d_models 51:Getting 3D models for footprint of: U7
11-20 19:55:49 com_github_MitjaNemec_Archive3DModels.archive_3d_models 63:Trying to copy: //DESKTOP-ARTLMTU/Projects/14_HDD Clock V3.0/Electrical/PCBs/01_Driver Board V3.0/PCB Design Reference/Component 3d Models/encoder/EN12-VS11AF18.stp
11-20 19:55:49 com_github_MitjaNemec_Archive3DModels.archive_3d_models 150:Remapping: //DESKTOP-ARTLMTU/Projects/14_HDD Clock V3.0/Electrical/PCBs/01_Driver Board V3.0/PCB Design Reference/Component 3d Models/encoder/EN12-VS11AF18.stp
11-20 19:55:49 com_github_MitjaNemec_Archive3DModels.archive_3d_models 63:Trying to copy: \\DESKTOP-ARTLMTU\KiCad\KiCad6\SamacSys\SamacSys_Parts.3dshapes\EN12-VS20AF20.stp
11-20 19:55:50 com_github_MitjaNemec_Archive3DModels.archive_3d_models 150:Remapping: \\DESKTOP-ARTLMTU\KiCad\KiCad6\SamacSys\SamacSys_Parts.3dshapes\EN12-VS20AF20.stp
11-20 19:55:50 com_github_MitjaNemec_Archive3DModels.archive_3d_models 51:Getting 3D models for footprint of: R9
11-20 19:55:50 com_github_MitjaNemec_Archive3DModels.archive_3d_models 63:Trying to copy: ${KICAD9_3DMODEL_DIR}/Resistor_SMD.3dshapes/R_0603_1608Metric.step
11-20 19:55:50 com_github_MitjaNemec_Archive3DModels.archive_3d_models 150:Remapping: ${KICAD9_3DMODEL_DIR}/Resistor_SMD.3dshapes/R_0603_1608Metric.step
11-20 19:55:50 com_github_MitjaNemec_Archive3DModels.archive_3d_models 51:Getting 3D models for footprint of: R28
11-20 19:55:50 com_github_MitjaNemec_Archive3DModels.archive_3d_models 63:Trying to copy: ${KICAD9_3DMODEL_DIR}/Resistor_SMD.3dshapes/R_0603_1608Metric.step
11-20 19:55:50 com_github_MitjaNemec_Archive3DModels.archive_3d_models 150:Remapping: ${KICAD9_3DMODEL_DIR}/Resistor_SMD.3dshapes/R_0603_1608Metric.step
11-20 19:55:50 com_github_MitjaNemec_Archive3DModels.archive_3d_models 51:Getting 3D models for footprint of: D32
11-20 19:55:50 com_github_MitjaNemec_Archive3DModels.archive_3d_models 63:Trying to copy: ${KICAD9_3DMODEL_DIR}/Resistor_SMD.3dshapes/R_0603_1608Metric.step
11-20 19:55:50 com_github_MitjaNemec_Archive3DModels.archive_3d_models 150:Remapping: ${KICAD9_3DMODEL_DIR}/Resistor_SMD.3dshapes/R_0603_1608Metric.step
11-20 19:55:50 com_github_MitjaNemec_Archive3DModels.archive_3d_models 51:Getting 3D models for footprint of: R62
11-20 19:55:50 com_github_MitjaNemec_Archive3DModels.archive_3d_models 63:Trying to copy: ${KICAD9_3DMODEL_DIR}/Resistor_SMD.3dshapes/R_0603_1608Metric.step
11-20 19:55:50 com_github_MitjaNemec_Archive3DModels.archive_3d_models 150:Remapping: ${KICAD9_3DMODEL_DIR}/Resistor_SMD.3dshapes/R_0603_1608Metric.step
11-20 19:55:50 com_github_MitjaNemec_Archive3DModels.archive_3d_models 51:Getting 3D models for footprint of: R13
11-20 19:55:50 com_github_MitjaNemec_Archive3DModels.archive_3d_models 63:Trying to copy: ${KICAD9_3DMODEL_DIR}/Resistor_SMD.3dshapes/R_0603_1608Metric.step
11-20 19:55:50 com_github_MitjaNemec_Archive3DModels.archive_3d_models 150:Remapping: ${KICAD9_3DMODEL_DIR}/Resistor_SMD.3dshapes/R_0603_1608Metric.step
11-20 19:55:50 com_github_MitjaNemec_Archive3DModels.archive_3d_models 51:Getting 3D models for footprint of: R4
11-20 19:55:50 com_github_MitjaNemec_Archive3DModels.archive_3d_models 63:Trying to copy: ${KICAD9_3DMODEL_DIR}/Resistor_SMD.3dshapes/R_0603_1608Metric.step
11-20 19:55:50 com_github_MitjaNemec_Archive3DModels.archive_3d_models 150:Remapping: ${KICAD9_3DMODEL_DIR}/Resistor_SMD.3dshapes/R_0603_1608Metric.step
11-20 19:55:50 com_github_MitjaNemec_Archive3DModels.archive_3d_models 51:Getting 3D models for footprint of: J1
11-20 19:55:50 com_github_MitjaNemec_Archive3DModels.archive_3d_models 63:Trying to copy: G:/My Drive/Projects (GDrive)/31_My First Nixie Clock/01_My First Nixie Clock/Reference/61301021821 (rev1).stp
11-20 19:55:50 com_github_MitjaNemec_Archive3DModels.archive_3d_models 150:Remapping: G:/My Drive/Projects (GDrive)/31_My First Nixie Clock/01_My First Nixie Clock/Reference/61301021821 (rev1).stp
11-20 19:55:50 com_github_MitjaNemec_Archive3DModels.archive_3d_models 63:Trying to copy: G:/My Drive/Projects (GDrive)/00_General Kicad/Library Dump 1/3D/61301021821.stp
11-20 19:55:50 com_github_MitjaNemec_Archive3DModels.archive_3d_models 150:Remapping: G:/My Drive/Projects (GDrive)/00_General Kicad/Library Dump 1/3D/61301021821.stp
11-20 19:55:50 com_github_MitjaNemec_Archive3DModels.archive_3d_models 51:Getting 3D models for footprint of: D9
11-20 19:55:50 com_github_MitjaNemec_Archive3DModels.archive_3d_models 63:Trying to copy: ${KICAD9_3DMODEL_DIR}/Resistor_SMD.3dshapes/R_0603_1608Metric.step
11-20 19:55:50 com_github_MitjaNemec_Archive3DModels.archive_3d_models 150:Remapping: ${KICAD9_3DMODEL_DIR}/Resistor_SMD.3dshapes/R_0603_1608Metric.step
11-20 19:55:50 com_github_MitjaNemec_Archive3DModels.archive_3d_models 51:Getting 3D models for footprint of: H3
11-20 19:55:50 com_github_MitjaNemec_Archive3DModels.archive_3d_models 51:Getting 3D models for footprint of: K3
11-20 19:55:50 com_github_MitjaNemec_Archive3DModels.archive_3d_models 63:Trying to copy: G:/My Drive/Projects (GDrive)/00_General Kicad/Library Dump 1/3D/JS-12N-K.stp
11-20 19:55:50 com_github_MitjaNemec_Archive3DModels.archive_3d_models 150:Remapping: G:/My Drive/Projects (GDrive)/00_General Kicad/Library Dump 1/3D/JS-12N-K.stp
11-20 19:55:50 com_github_MitjaNemec_Archive3DModels.archive_3d_models 51:Getting 3D models for footprint of: R67
11-20 19:55:50 com_github_MitjaNemec_Archive3DModels.archive_3d_models 63:Trying to copy: ${KICAD9_3DMODEL_DIR}/Resistor_SMD.3dshapes/R_0603_1608Metric.step
11-20 19:55:50 com_github_MitjaNemec_Archive3DModels.archive_3d_models 150:Remapping: ${KICAD9_3DMODEL_DIR}/Resistor_SMD.3dshapes/R_0603_1608Metric.step
11-20 19:55:50 com_github_MitjaNemec_Archive3DModels.archive_3d_models 51:Getting 3D models for footprint of: J3
11-20 19:55:50 com_github_MitjaNemec_Archive3DModels.archive_3d_models 63:Trying to copy: G:/My Drive/Projects (GDrive)/31_My First Nixie Clock/01_My First Nixie Clock/Reference/61301021821 (rev1).stp
11-20 19:55:50 com_github_MitjaNemec_Archive3DModels.archive_3d_models 150:Remapping: G:/My Drive/Projects (GDrive)/31_My First Nixie Clock/01_My First Nixie Clock/Reference/61301021821 (rev1).stp
11-20 19:55:50 com_github_MitjaNemec_Archive3DModels.archive_3d_models 63:Trying to copy: G:/My Drive/Projects (GDrive)/00_General Kicad/Library Dump 1/3D/61301021821.stp
11-20 19:55:50 com_github_MitjaNemec_Archive3DModels.archive_3d_models 150:Remapping: G:/My Drive/Projects (GDrive)/00_General Kicad/Library Dump 1/3D/61301021821.stp
11-20 19:55:50 com_github_MitjaNemec_Archive3DModels.archive_3d_models 51:Getting 3D models for footprint of: Y2
11-20 19:55:50 com_github_MitjaNemec_Archive3DModels.archive_3d_models 63:Trying to copy: //DESKTOP-ARTLMTU/Projects/07_VFD Tube Clocks/02_IV-12 & IV-22/IV-22 VFD Tube CLock V2.0/PCBs/PCB Component stp/RTC Crystal/Crystal IQXC-90.stp
11-20 19:55:50 com_github_MitjaNemec_Archive3DModels.archive_3d_models 150:Remapping: //DESKTOP-ARTLMTU/Projects/07_VFD Tube Clocks/02_IV-12 & IV-22/IV-22 VFD Tube CLock V2.0/PCBs/PCB Component stp/RTC Crystal/Crystal IQXC-90.stp
11-20 19:55:50 com_github_MitjaNemec_Archive3DModels.archive_3d_models 51:Getting 3D models for footprint of: R60
11-20 19:55:50 com_github_MitjaNemec_Archive3DModels.archive_3d_models 63:Trying to copy: ${KICAD9_3DMODEL_DIR}/Resistor_SMD.3dshapes/R_0603_1608Metric.step
11-20 19:55:51 com_github_MitjaNemec_Archive3DModels.archive_3d_models 150:Remapping: ${KICAD9_3DMODEL_DIR}/Resistor_SMD.3dshapes/R_0603_1608Metric.step
11-20 19:55:51 com_github_MitjaNemec_Archive3DModels.archive_3d_models 51:Getting 3D models for footprint of: R37
11-20 19:55:51 com_github_MitjaNemec_Archive3DModels.archive_3d_models 63:Trying to copy: ${KICAD9_3DMODEL_DIR}/Resistor_SMD.3dshapes/R_0603_1608Metric.step
11-20 19:55:51 com_github_MitjaNemec_Archive3DModels.archive_3d_models 150:Remapping: ${KICAD9_3DMODEL_DIR}/Resistor_SMD.3dshapes/R_0603_1608Metric.step
11-20 19:55:51 com_github_MitjaNemec_Archive3DModels.archive_3d_models 51:Getting 3D models for footprint of: Q9
11-20 19:55:51 com_github_MitjaNemec_Archive3DModels.archive_3d_models 63:Trying to copy: ${KICAD9_3DMODEL_DIR}/Package_TO_SOT_SMD.3dshapes/SOT-23.step
11-20 19:55:51 com_github_MitjaNemec_Archive3DModels.archive_3d_models 150:Remapping: ${KICAD9_3DMODEL_DIR}/Package_TO_SOT_SMD.3dshapes/SOT-23.step
11-20 19:55:51 com_github_MitjaNemec_Archive3DModels.archive_3d_models 51:Getting 3D models for footprint of: Y3
11-20 19:55:51 com_github_MitjaNemec_Archive3DModels.archive_3d_models 63:Trying to copy: //DESKTOP-ARTLMTU/Projects/07_VFD Tube Clocks/02_IV-12 & IV-22/IV-22 VFD Tube CLock V2.0/PCBs/PCB Component stp/RTC Crystal/Crystal IQXC-90.stp
11-20 19:55:51 com_github_MitjaNemec_Archive3DModels.archive_3d_models 150:Remapping: //DESKTOP-ARTLMTU/Projects/07_VFD Tube Clocks/02_IV-12 & IV-22/IV-22 VFD Tube CLock V2.0/PCBs/PCB Component stp/RTC Crystal/Crystal IQXC-90.stp
11-20 19:55:51 com_github_MitjaNemec_Archive3DModels.archive_3d_models 51:Getting 3D models for footprint of: D12
11-20 19:55:51 com_github_MitjaNemec_Archive3DModels.archive_3d_models 63:Trying to copy: ${KICAD9_3DMODEL_DIR}/Resistor_SMD.3dshapes/R_0603_1608Metric.step
11-20 19:55:51 com_github_MitjaNemec_Archive3DModels.archive_3d_models 150:Remapping: ${KICAD9_3DMODEL_DIR}/Resistor_SMD.3dshapes/R_0603_1608Metric.step
11-20 19:55:51 com_github_MitjaNemec_Archive3DModels.archive_3d_models 51:Getting 3D models for footprint of: U8
11-20 19:55:51 com_github_MitjaNemec_Archive3DModels.archive_3d_models 63:Trying to copy: G:/My Drive/Projects (GDrive)/24_HDDCLK_V6.0/Electrical/PCBs/00_KiCad Library/HDDCLK_V6.0_Parts.3dshapes/RTC.stp
11-20 19:55:51 com_github_MitjaNemec_Archive3DModels.archive_3d_models 150:Remapping: G:/My Drive/Projects (GDrive)/24_HDDCLK_V6.0/Electrical/PCBs/00_KiCad Library/HDDCLK_V6.0_Parts.3dshapes/RTC.stp
11-20 19:55:51 com_github_MitjaNemec_Archive3DModels.archive_3d_models 51:Getting 3D models for footprint of: BT1
11-20 19:55:51 com_github_MitjaNemec_Archive3DModels.archive_3d_models 63:Trying to copy: //DESKTOP-ARTLMTU/Projects/07_VFD Tube Clocks/02_IV-12 & IV-22/IV-22 VFD Tube CLock V2.0/PCBs/PCB Component stp/battery connector/Keystone 3008 Coin Cell Holder.stp
11-20 19:55:51 com_github_MitjaNemec_Archive3DModels.archive_3d_models 150:Remapping: //DESKTOP-ARTLMTU/Projects/07_VFD Tube Clocks/02_IV-12 & IV-22/IV-22 VFD Tube CLock V2.0/PCBs/PCB Component stp/battery connector/Keystone 3008 Coin Cell Holder.stp
11-20 19:55:51 com_github_MitjaNemec_Archive3DModels.archive_3d_models 51:Getting 3D models for footprint of: C3
11-20 19:55:51 com_github_MitjaNemec_Archive3DModels.archive_3d_models 63:Trying to copy: ${KICAD9_3DMODEL_DIR}/Capacitor_SMD.3dshapes/C_0603_1608Metric.step
11-20 19:55:51 com_github_MitjaNemec_Archive3DModels.archive_3d_models 150:Remapping: ${KICAD9_3DMODEL_DIR}/Capacitor_SMD.3dshapes/C_0603_1608Metric.step
11-20 19:55:51 com_github_MitjaNemec_Archive3DModels.archive_3d_models 51:Getting 3D models for footprint of: R3
11-20 19:55:51 com_github_MitjaNemec_Archive3DModels.archive_3d_models 63:Trying to copy: ${KICAD9_3DMODEL_DIR}/Resistor_SMD.3dshapes/R_0603_1608Metric.step
11-20 19:55:51 com_github_MitjaNemec_Archive3DModels.archive_3d_models 150:Remapping: ${KICAD9_3DMODEL_DIR}/Resistor_SMD.3dshapes/R_0603_1608Metric.step
11-20 19:55:51 com_github_MitjaNemec_Archive3DModels.archive_3d_models 51:Getting 3D models for footprint of: Q8
11-20 19:55:51 com_github_MitjaNemec_Archive3DModels.archive_3d_models 63:Trying to copy: ${KICAD9_3DMODEL_DIR}/Package_TO_SOT_SMD.3dshapes/SOT-23.step
11-20 19:55:51 com_github_MitjaNemec_Archive3DModels.archive_3d_models 150:Remapping: ${KICAD9_3DMODEL_DIR}/Package_TO_SOT_SMD.3dshapes/SOT-23.step
11-20 19:55:51 com_github_MitjaNemec_Archive3DModels.archive_3d_models 51:Getting 3D models for footprint of: R65
11-20 19:55:51 com_github_MitjaNemec_Archive3DModels.archive_3d_models 63:Trying to copy: ${KICAD9_3DMODEL_DIR}/Resistor_SMD.3dshapes/R_0603_1608Metric.step
11-20 19:55:51 com_github_MitjaNemec_Archive3DModels.archive_3d_models 150:Remapping: ${KICAD9_3DMODEL_DIR}/Resistor_SMD.3dshapes/R_0603_1608Metric.step
11-20 19:55:51 com_github_MitjaNemec_Archive3DModels.archive_3d_models 51:Getting 3D models for footprint of: D4
11-20 19:55:51 com_github_MitjaNemec_Archive3DModels.archive_3d_models 63:Trying to copy: ${KICAD9_3DMODEL_DIR}/Resistor_SMD.3dshapes/R_0603_1608Metric.step
11-20 19:55:51 com_github_MitjaNemec_Archive3DModels.archive_3d_models 150:Remapping: ${KICAD9_3DMODEL_DIR}/Resistor_SMD.3dshapes/R_0603_1608Metric.step
11-20 19:55:51 com_github_MitjaNemec_Archive3DModels.archive_3d_models 51:Getting 3D models for footprint of: R69
11-20 19:55:51 com_github_MitjaNemec_Archive3DModels.archive_3d_models 63:Trying to copy: ${KICAD9_3DMODEL_DIR}/Resistor_SMD.3dshapes/R_0603_1608Metric.step
11-20 19:55:52 com_github_MitjaNemec_Archive3DModels.archive_3d_models 150:Remapping: ${KICAD9_3DMODEL_DIR}/Resistor_SMD.3dshapes/R_0603_1608Metric.step
11-20 19:55:52 com_github_MitjaNemec_Archive3DModels.archive_3d_models 51:Getting 3D models for footprint of: SW2
11-20 19:55:52 com_github_MitjaNemec_Archive3DModels.archive_3d_models 63:Trying to copy: G:/My Drive/Projects (GDrive)/32_The Animation Platter/Electrical Design/3D Models/1985195.stp
11-20 19:55:52 com_github_MitjaNemec_Archive3DModels.archive_3d_models 150:Remapping: G:/My Drive/Projects (GDrive)/32_The Animation Platter/Electrical Design/3D Models/1985195.stp
11-20 19:55:52 com_github_MitjaNemec_Archive3DModels.archive_3d_models 51:Getting 3D models for footprint of: C23
11-20 19:55:52 com_github_MitjaNemec_Archive3DModels.archive_3d_models 63:Trying to copy: ${KICAD9_3DMODEL_DIR}/Capacitor_SMD.3dshapes/C_1210_3225Metric.step
11-20 19:55:52 com_github_MitjaNemec_Archive3DModels.archive_3d_models 150:Remapping: ${KICAD9_3DMODEL_DIR}/Capacitor_SMD.3dshapes/C_1210_3225Metric.step
11-20 19:55:52 com_github_MitjaNemec_Archive3DModels.archive_3d_models 51:Getting 3D models for footprint of: C22
11-20 19:55:52 com_github_MitjaNemec_Archive3DModels.archive_3d_models 63:Trying to copy: ${KICAD9_3DMODEL_DIR}/Capacitor_SMD.3dshapes/C_1210_3225Metric.step
11-20 19:55:52 com_github_MitjaNemec_Archive3DModels.archive_3d_models 150:Remapping: ${KICAD9_3DMODEL_DIR}/Capacitor_SMD.3dshapes/C_1210_3225Metric.step
11-20 19:55:52 com_github_MitjaNemec_Archive3DModels.archive_3d_models 51:Getting 3D models for footprint of: R6
11-20 19:55:52 com_github_MitjaNemec_Archive3DModels.archive_3d_models 63:Trying to copy: ${KICAD9_3DMODEL_DIR}/Resistor_SMD.3dshapes/R_0603_1608Metric.step
11-20 19:55:52 com_github_MitjaNemec_Archive3DModels.archive_3d_models 150:Remapping: ${KICAD9_3DMODEL_DIR}/Resistor_SMD.3dshapes/R_0603_1608Metric.step
11-20 19:55:52 com_github_MitjaNemec_Archive3DModels.archive_3d_models 51:Getting 3D models for footprint of: D8
11-20 19:55:52 com_github_MitjaNemec_Archive3DModels.archive_3d_models 63:Trying to copy: ${KICAD9_3DMODEL_DIR}/Resistor_SMD.3dshapes/R_0603_1608Metric.step
11-20 19:55:52 com_github_MitjaNemec_Archive3DModels.archive_3d_models 150:Remapping: ${KICAD9_3DMODEL_DIR}/Resistor_SMD.3dshapes/R_0603_1608Metric.step
11-20 19:55:52 com_github_MitjaNemec_Archive3DModels.archive_3d_models 51:Getting 3D models for footprint of: C10
11-20 19:55:52 com_github_MitjaNemec_Archive3DModels.archive_3d_models 63:Trying to copy: ${KICAD9_3DMODEL_DIR}/Capacitor_SMD.3dshapes/C_0603_1608Metric.step
11-20 19:55:52 com_github_MitjaNemec_Archive3DModels.archive_3d_models 150:Remapping: ${KICAD9_3DMODEL_DIR}/Capacitor_SMD.3dshapes/C_0603_1608Metric.step
11-20 19:55:52 com_github_MitjaNemec_Archive3DModels.archive_3d_models 51:Getting 3D models for footprint of: D24
11-20 19:55:52 com_github_MitjaNemec_Archive3DModels.archive_3d_models 63:Trying to copy: ${KICAD9_3DMODEL_DIR}/Resistor_SMD.3dshapes/R_0603_1608Metric.step
11-20 19:55:52 com_github_MitjaNemec_Archive3DModels.archive_3d_models 150:Remapping: ${KICAD9_3DMODEL_DIR}/Resistor_SMD.3dshapes/R_0603_1608Metric.step
11-20 19:55:52 com_github_MitjaNemec_Archive3DModels.archive_3d_models 51:Getting 3D models for footprint of: C20
11-20 19:55:52 com_github_MitjaNemec_Archive3DModels.archive_3d_models 63:Trying to copy: ${KICAD9_3DMODEL_DIR}/Capacitor_SMD.3dshapes/C_0603_1608Metric.step
11-20 19:55:52 com_github_MitjaNemec_Archive3DModels.archive_3d_models 150:Remapping: ${KICAD9_3DMODEL_DIR}/Capacitor_SMD.3dshapes/C_0603_1608Metric.step
11-20 19:55:52 com_github_MitjaNemec_Archive3DModels.archive_3d_models 51:Getting 3D models for footprint of: R42
11-20 19:55:52 com_github_MitjaNemec_Archive3DModels.archive_3d_models 63:Trying to copy: ${KICAD9_3DMODEL_DIR}/Resistor_SMD.3dshapes/R_0603_1608Metric.step
11-20 19:55:52 com_github_MitjaNemec_Archive3DModels.archive_3d_models 150:Remapping: ${KICAD9_3DMODEL_DIR}/Resistor_SMD.3dshapes/R_0603_1608Metric.step
11-20 19:55:52 com_github_MitjaNemec_Archive3DModels.archive_3d_models 51:Getting 3D models for footprint of: C29
11-20 19:55:52 com_github_MitjaNemec_Archive3DModels.archive_3d_models 63:Trying to copy: ${KICAD9_3DMODEL_DIR}/Capacitor_SMD.3dshapes/C_1210_3225Metric.step
11-20 19:55:52 com_github_MitjaNemec_Archive3DModels.archive_3d_models 150:Remapping: ${KICAD9_3DMODEL_DIR}/Capacitor_SMD.3dshapes/C_1210_3225Metric.step
11-20 19:55:52 com_github_MitjaNemec_Archive3DModels.archive_3d_models 51:Getting 3D models for footprint of: D6
11-20 19:55:52 com_github_MitjaNemec_Archive3DModels.archive_3d_models 63:Trying to copy: ${KICAD9_3DMODEL_DIR}/Resistor_SMD.3dshapes/R_0603_1608Metric.step
11-20 19:55:52 com_github_MitjaNemec_Archive3DModels.archive_3d_models 150:Remapping: ${KICAD9_3DMODEL_DIR}/Resistor_SMD.3dshapes/R_0603_1608Metric.step
11-20 19:55:52 com_github_MitjaNemec_Archive3DModels.archive_3d_models 51:Getting 3D models for footprint of: R16
11-20 19:55:52 com_github_MitjaNemec_Archive3DModels.archive_3d_models 63:Trying to copy: ${KICAD9_3DMODEL_DIR}/Resistor_SMD.3dshapes/R_0603_1608Metric.step
11-20 19:55:52 com_github_MitjaNemec_Archive3DModels.archive_3d_models 150:Remapping: ${KICAD9_3DMODEL_DIR}/Resistor_SMD.3dshapes/R_0603_1608Metric.step
11-20 19:55:52 com_github_MitjaNemec_Archive3DModels.archive_3d_models 51:Getting 3D models for footprint of: D31
11-20 19:55:52 com_github_MitjaNemec_Archive3DModels.archive_3d_models 63:Trying to copy: ${KICAD9_3DMODEL_DIR}/Resistor_SMD.3dshapes/R_0603_1608Metric.step
11-20 19:55:52 com_github_MitjaNemec_Archive3DModels.archive_3d_models 150:Remapping: ${KICAD9_3DMODEL_DIR}/Resistor_SMD.3dshapes/R_0603_1608Metric.step
11-20 19:55:52 com_github_MitjaNemec_Archive3DModels.archive_3d_models 51:Getting 3D models for footprint of: D20
11-20 19:55:52 com_github_MitjaNemec_Archive3DModels.archive_3d_models 63:Trying to copy: ${KICAD9_3DMODEL_DIR}/Resistor_SMD.3dshapes/R_0603_1608Metric.step
11-20 19:55:52 com_github_MitjaNemec_Archive3DModels.archive_3d_models 150:Remapping: ${KICAD9_3DMODEL_DIR}/Resistor_SMD.3dshapes/R_0603_1608Metric.step
11-20 19:55:52 com_github_MitjaNemec_Archive3DModels.archive_3d_models 51:Getting 3D models for footprint of: D18
11-20 19:55:52 com_github_MitjaNemec_Archive3DModels.archive_3d_models 63:Trying to copy: ${KICAD9_3DMODEL_DIR}/Resistor_SMD.3dshapes/R_0603_1608Metric.step
11-20 19:55:52 com_github_MitjaNemec_Archive3DModels.archive_3d_models 150:Remapping: ${KICAD9_3DMODEL_DIR}/Resistor_SMD.3dshapes/R_0603_1608Metric.step
11-20 19:55:52 com_github_MitjaNemec_Archive3DModels.archive_3d_models 51:Getting 3D models for footprint of: VR4
11-20 19:55:52 com_github_MitjaNemec_Archive3DModels.archive_3d_models 63:Trying to copy: G:/My Drive/Projects (GDrive)/00_General Kicad/Library Dump 1/3D/AZ1117CH2-3.3TRG1.stp
11-20 19:55:52 com_github_MitjaNemec_Archive3DModels.archive_3d_models 150:Remapping: G:/My Drive/Projects (GDrive)/00_General Kicad/Library Dump 1/3D/AZ1117CH2-3.3TRG1.stp
11-20 19:55:52 com_github_MitjaNemec_Archive3DModels.archive_3d_models 51:Getting 3D models for footprint of: R23
11-20 19:55:52 com_github_MitjaNemec_Archive3DModels.archive_3d_models 63:Trying to copy: ${KICAD9_3DMODEL_DIR}/Resistor_SMD.3dshapes/R_0603_1608Metric.step
11-20 19:55:52 com_github_MitjaNemec_Archive3DModels.archive_3d_models 150:Remapping: ${KICAD9_3DMODEL_DIR}/Resistor_SMD.3dshapes/R_0603_1608Metric.step
11-20 19:55:52 com_github_MitjaNemec_Archive3DModels.archive_3d_models 51:Getting 3D models for footprint of: R70
11-20 19:55:52 com_github_MitjaNemec_Archive3DModels.archive_3d_models 63:Trying to copy: ${KICAD9_3DMODEL_DIR}/Resistor_SMD.3dshapes/R_0603_1608Metric.step
11-20 19:55:52 com_github_MitjaNemec_Archive3DModels.archive_3d_models 150:Remapping: ${KICAD9_3DMODEL_DIR}/Resistor_SMD.3dshapes/R_0603_1608Metric.step
11-20 19:55:52 com_github_MitjaNemec_Archive3DModels.archive_3d_models 51:Getting 3D models for footprint of: R72
11-20 19:55:52 com_github_MitjaNemec_Archive3DModels.archive_3d_models 63:Trying to copy: ${KICAD9_3DMODEL_DIR}/Resistor_SMD.3dshapes/R_0603_1608Metric.step
11-20 19:55:52 com_github_MitjaNemec_Archive3DModels.archive_3d_models 150:Remapping: ${KICAD9_3DMODEL_DIR}/Resistor_SMD.3dshapes/R_0603_1608Metric.step
11-20 19:55:52 com_github_MitjaNemec_Archive3DModels.archive_3d_models 51:Getting 3D models for footprint of: C1
11-20 19:55:52 com_github_MitjaNemec_Archive3DModels.archive_3d_models 63:Trying to copy: ${KICAD9_3DMODEL_DIR}/Capacitor_SMD.3dshapes/C_0603_1608Metric.step
11-20 19:55:52 com_github_MitjaNemec_Archive3DModels.archive_3d_models 150:Remapping: ${KICAD9_3DMODEL_DIR}/Capacitor_SMD.3dshapes/C_0603_1608Metric.step
11-20 19:55:52 com_github_MitjaNemec_Archive3DModels.archive_3d_models 51:Getting 3D models for footprint of: D13
11-20 19:55:52 com_github_MitjaNemec_Archive3DModels.archive_3d_models 63:Trying to copy: ${KICAD9_3DMODEL_DIR}/Resistor_SMD.3dshapes/R_0603_1608Metric.step
11-20 19:55:52 com_github_MitjaNemec_Archive3DModels.archive_3d_models 150:Remapping: ${KICAD9_3DMODEL_DIR}/Resistor_SMD.3dshapes/R_0603_1608Metric.step
11-20 19:55:52 com_github_MitjaNemec_Archive3DModels.archive_3d_models 51:Getting 3D models for footprint of: REF**
11-20 19:55:52 com_github_MitjaNemec_Archive3DModels.archive_3d_models 51:Getting 3D models for footprint of: R2
11-20 19:55:52 com_github_MitjaNemec_Archive3DModels.archive_3d_models 63:Trying to copy: ${KICAD9_3DMODEL_DIR}/Resistor_SMD.3dshapes/R_0603_1608Metric.step
11-20 19:55:52 com_github_MitjaNemec_Archive3DModels.archive_3d_models 150:Remapping: ${KICAD9_3DMODEL_DIR}/Resistor_SMD.3dshapes/R_0603_1608Metric.step
11-20 19:55:52 com_github_MitjaNemec_Archive3DModels.archive_3d_models 51:Getting 3D models for footprint of: D11
11-20 19:55:52 com_github_MitjaNemec_Archive3DModels.archive_3d_models 63:Trying to copy: ${KICAD9_3DMODEL_DIR}/Resistor_SMD.3dshapes/R_0603_1608Metric.step
11-20 19:55:52 com_github_MitjaNemec_Archive3DModels.archive_3d_models 150:Remapping: ${KICAD9_3DMODEL_DIR}/Resistor_SMD.3dshapes/R_0603_1608Metric.step
11-20 19:55:52 com_github_MitjaNemec_Archive3DModels.archive_3d_models 51:Getting 3D models for footprint of: R73
11-20 19:55:52 com_github_MitjaNemec_Archive3DModels.archive_3d_models 63:Trying to copy: ${KICAD9_3DMODEL_DIR}/Resistor_SMD.3dshapes/R_0603_1608Metric.step
11-20 19:55:52 com_github_MitjaNemec_Archive3DModels.archive_3d_models 150:Remapping: ${KICAD9_3DMODEL_DIR}/Resistor_SMD.3dshapes/R_0603_1608Metric.step
11-20 19:55:52 com_github_MitjaNemec_Archive3DModels.archive_3d_models 51:Getting 3D models for footprint of: D15
11-20 19:55:52 com_github_MitjaNemec_Archive3DModels.archive_3d_models 63:Trying to copy: ${KICAD9_3DMODEL_DIR}/Resistor_SMD.3dshapes/R_0603_1608Metric.step
11-20 19:55:52 com_github_MitjaNemec_Archive3DModels.archive_3d_models 150:Remapping: ${KICAD9_3DMODEL_DIR}/Resistor_SMD.3dshapes/R_0603_1608Metric.step
11-20 19:55:52 com_github_MitjaNemec_Archive3DModels.archive_3d_models 51:Getting 3D models for footprint of: U5
11-20 19:55:52 com_github_MitjaNemec_Archive3DModels.archive_3d_models 63:Trying to copy: G:/My Drive/Projects (GDrive)/24_HDDCLK_V6.0/Electrical/PCBs/00_KiCad Library/HDDCLK_V6.0_Parts.3dshapes/PCA9306DCUR.stp
11-20 19:55:53 com_github_MitjaNemec_Archive3DModels.archive_3d_models 150:Remapping: G:/My Drive/Projects (GDrive)/24_HDDCLK_V6.0/Electrical/PCBs/00_KiCad Library/HDDCLK_V6.0_Parts.3dshapes/PCA9306DCUR.stp
11-20 19:55:53 com_github_MitjaNemec_Archive3DModels.archive_3d_models 51:Getting 3D models for footprint of: R39
11-20 19:55:53 com_github_MitjaNemec_Archive3DModels.archive_3d_models 63:Trying to copy: ${KICAD9_3DMODEL_DIR}/Resistor_SMD.3dshapes/R_2010_5025Metric.step
11-20 19:55:53 com_github_MitjaNemec_Archive3DModels.archive_3d_models 150:Remapping: ${KICAD9_3DMODEL_DIR}/Resistor_SMD.3dshapes/R_2010_5025Metric.step
11-20 19:55:53 com_github_MitjaNemec_Archive3DModels.archive_3d_models 51:Getting 3D models for footprint of: TP6
11-20 19:55:53 com_github_MitjaNemec_Archive3DModels.archive_3d_models 51:Getting 3D models for footprint of: D33
11-20 19:55:53 com_github_MitjaNemec_Archive3DModels.archive_3d_models 63:Trying to copy: G:/My Drive/Projects (GDrive)/24_HDDCLK_V6.0/Electrical/PCBs/00_KiCad Library/HDDCLK_V6.0_Parts.3dshapes/diode.stp
11-20 19:55:53 com_github_MitjaNemec_Archive3DModels.archive_3d_models 150:Remapping: G:/My Drive/Projects (GDrive)/24_HDDCLK_V6.0/Electrical/PCBs/00_KiCad Library/HDDCLK_V6.0_Parts.3dshapes/diode.stp
11-20 19:55:53 com_github_MitjaNemec_Archive3DModels.archive_3d_models 51:Getting 3D models for footprint of: Q6
11-20 19:55:53 com_github_MitjaNemec_Archive3DModels.archive_3d_models 63:Trying to copy: G:/My Drive/Projects (GDrive)/24_HDDCLK_V6.0/Electrical/PCBs/00_KiCad Library/HDDCLK_V6.0_Parts.3dshapes/XP231P0201TR-G.stp
11-20 19:55:53 com_github_MitjaNemec_Archive3DModels.archive_3d_models 150:Remapping: G:/My Drive/Projects (GDrive)/24_HDDCLK_V6.0/Electrical/PCBs/00_KiCad Library/HDDCLK_V6.0_Parts.3dshapes/XP231P0201TR-G.stp
11-20 19:55:53 com_github_MitjaNemec_Archive3DModels.archive_3d_models 51:Getting 3D models for footprint of: K4
11-20 19:55:53 com_github_MitjaNemec_Archive3DModels.archive_3d_models 63:Trying to copy: G:/My Drive/Projects (GDrive)/00_General Kicad/Library Dump 1/3D/PR30-12V-450-1A-E.stp
11-20 19:55:53 com_github_MitjaNemec_Archive3DModels.archive_3d_models 150:Remapping: G:/My Drive/Projects (GDrive)/00_General Kicad/Library Dump 1/3D/PR30-12V-450-1A-E.stp
11-20 19:55:53 com_github_MitjaNemec_Archive3DModels.archive_3d_models 51:Getting 3D models for footprint of: C8
11-20 19:55:53 com_github_MitjaNemec_Archive3DModels.archive_3d_models 63:Trying to copy: ${KICAD9_3DMODEL_DIR}/Capacitor_SMD.3dshapes/C_0603_1608Metric.step
11-20 19:55:53 com_github_MitjaNemec_Archive3DModels.archive_3d_models 150:Remapping: ${KICAD9_3DMODEL_DIR}/Capacitor_SMD.3dshapes/C_0603_1608Metric.step
11-20 19:55:53 com_github_MitjaNemec_Archive3DModels.archive_3d_models 51:Getting 3D models for footprint of: C26
11-20 19:55:53 com_github_MitjaNemec_Archive3DModels.archive_3d_models 63:Trying to copy: ${KICAD9_3DMODEL_DIR}/Capacitor_THT.3dshapes/CP_Radial_D13.0mm_P5.00mm.step
11-20 19:55:53 com_github_MitjaNemec_Archive3DModels.archive_3d_models 150:Remapping: ${KICAD9_3DMODEL_DIR}/Capacitor_THT.3dshapes/CP_Radial_D13.0mm_P5.00mm.step
11-20 19:55:53 com_github_MitjaNemec_Archive3DModels.archive_3d_models 51:Getting 3D models for footprint of: D23
11-20 19:55:53 com_github_MitjaNemec_Archive3DModels.archive_3d_models 63:Trying to copy: ${KICAD9_3DMODEL_DIR}/Resistor_SMD.3dshapes/R_0603_1608Metric.step
11-20 19:55:53 com_github_MitjaNemec_Archive3DModels.archive_3d_models 150:Remapping: ${KICAD9_3DMODEL_DIR}/Resistor_SMD.3dshapes/R_0603_1608Metric.step
11-20 19:55:53 com_github_MitjaNemec_Archive3DModels.archive_3d_models 51:Getting 3D models for footprint of: R50
11-20 19:55:53 com_github_MitjaNemec_Archive3DModels.archive_3d_models 63:Trying to copy: ${KICAD9_3DMODEL_DIR}/Resistor_SMD.3dshapes/R_0603_1608Metric.step
11-20 19:55:53 com_github_MitjaNemec_Archive3DModels.archive_3d_models 150:Remapping: ${KICAD9_3DMODEL_DIR}/Resistor_SMD.3dshapes/R_0603_1608Metric.step
11-20 19:55:53 com_github_MitjaNemec_Archive3DModels.archive_3d_models 51:Getting 3D models for footprint of: Q11
11-20 19:55:53 com_github_MitjaNemec_Archive3DModels.archive_3d_models 63:Trying to copy: ${KICAD9_3DMODEL_DIR}/Package_TO_SOT_SMD.3dshapes/SOT-23.step
11-20 19:55:53 com_github_MitjaNemec_Archive3DModels.archive_3d_models 150:Remapping: ${KICAD9_3DMODEL_DIR}/Package_TO_SOT_SMD.3dshapes/SOT-23.step
11-20 19:55:53 com_github_MitjaNemec_Archive3DModels.archive_3d_models 51:Getting 3D models for footprint of: U6
11-20 19:55:53 com_github_MitjaNemec_Archive3DModels.archive_3d_models 63:Trying to copy: G:/My Drive/Projects (GDrive)/24_HDDCLK_V6.0/Electrical/PCBs/00_KiCad Library/HDDCLK_V6.0_Parts.3dshapes/PCA9306DCUR.stp
11-20 19:55:53 com_github_MitjaNemec_Archive3DModels.archive_3d_models 150:Remapping: G:/My Drive/Projects (GDrive)/24_HDDCLK_V6.0/Electrical/PCBs/00_KiCad Library/HDDCLK_V6.0_Parts.3dshapes/PCA9306DCUR.stp
11-20 19:55:53 com_github_MitjaNemec_Archive3DModels.archive_3d_models 51:Getting 3D models for footprint of: R1
11-20 19:55:53 com_github_MitjaNemec_Archive3DModels.archive_3d_models 63:Trying to copy: ${KICAD9_3DMODEL_DIR}/Resistor_SMD.3dshapes/R_0603_1608Metric.step
11-20 19:55:53 com_github_MitjaNemec_Archive3DModels.archive_3d_models 150:Remapping: ${KICAD9_3DMODEL_DIR}/Resistor_SMD.3dshapes/R_0603_1608Metric.step
11-20 19:55:53 com_github_MitjaNemec_Archive3DModels.archive_3d_models 51:Getting 3D models for footprint of: R44
11-20 19:55:53 com_github_MitjaNemec_Archive3DModels.archive_3d_models 63:Trying to copy: ${KICAD9_3DMODEL_DIR}/Resistor_SMD.3dshapes/R_0603_1608Metric.step
11-20 19:55:53 com_github_MitjaNemec_Archive3DModels.archive_3d_models 150:Remapping: ${KICAD9_3DMODEL_DIR}/Resistor_SMD.3dshapes/R_0603_1608Metric.step
11-20 19:55:53 com_github_MitjaNemec_Archive3DModels.archive_3d_models 51:Getting 3D models for footprint of: SW1
11-20 19:55:53 com_github_MitjaNemec_Archive3DModels.archive_3d_models 63:Trying to copy: G:/My Drive/Projects (GDrive)/32_The Animation Platter/Electrical Design/3D Models/1985195.stp
11-20 19:55:53 com_github_MitjaNemec_Archive3DModels.archive_3d_models 150:Remapping: G:/My Drive/Projects (GDrive)/32_The Animation Platter/Electrical Design/3D Models/1985195.stp
11-20 19:55:53 com_github_MitjaNemec_Archive3DModels.archive_3d_models 51:Getting 3D models for footprint of: DSP1
11-20 19:55:53 com_github_MitjaNemec_Archive3DModels.archive_3d_models 63:Trying to copy: G:/My Drive/Projects (GDrive)/31_My First Nixie Clock/01_My First Nixie Clock/Reference/WAVESHARE 1.69in IPS LCD.step
11-20 19:55:53 com_github_MitjaNemec_Archive3DModels.archive_3d_models 150:Remapping: G:/My Drive/Projects (GDrive)/31_My First Nixie Clock/01_My First Nixie Clock/Reference/WAVESHARE 1.69in IPS LCD.step
11-20 19:55:53 com_github_MitjaNemec_Archive3DModels.archive_3d_models 63:Trying to copy: G:/My Drive/Projects (GDrive)/31_My First Nixie Clock/01_My First Nixie Clock/Reference/610108249221 (rev1).stp
11-20 19:55:53 com_github_MitjaNemec_Archive3DModels.archive_3d_models 150:Remapping: G:/My Drive/Projects (GDrive)/31_My First Nixie Clock/01_My First Nixie Clock/Reference/610108249221 (rev1).stp
11-20 19:55:53 com_github_MitjaNemec_Archive3DModels.archive_3d_models 51:Getting 3D models for footprint of: C31
11-20 19:55:53 com_github_MitjaNemec_Archive3DModels.archive_3d_models 63:Trying to copy: ${KICAD9_3DMODEL_DIR}/Capacitor_SMD.3dshapes/C_0603_1608Metric.step
11-20 19:55:53 com_github_MitjaNemec_Archive3DModels.archive_3d_models 150:Remapping: ${KICAD9_3DMODEL_DIR}/Capacitor_SMD.3dshapes/C_0603_1608Metric.step
11-20 19:55:53 com_github_MitjaNemec_Archive3DModels.archive_3d_models 51:Getting 3D models for footprint of: J7
11-20 19:55:53 com_github_MitjaNemec_Archive3DModels.archive_3d_models 63:Trying to copy: G:/My Drive/Projects (GDrive)/24_HDDCLK_V6.0/Electrical/PCBs/00_KiCad Library/HDDCLK_V6.0_Parts.3dshapes/PJ-102A.stp
11-20 19:55:54 com_github_MitjaNemec_Archive3DModels.archive_3d_models 150:Remapping: G:/My Drive/Projects (GDrive)/24_HDDCLK_V6.0/Electrical/PCBs/00_KiCad Library/HDDCLK_V6.0_Parts.3dshapes/PJ-102A.stp
11-20 19:55:54 com_github_MitjaNemec_Archive3DModels.archive_3d_models 51:Getting 3D models for footprint of: U2
11-20 19:55:54 com_github_MitjaNemec_Archive3DModels.archive_3d_models 63:Trying to copy: G:/My Drive/Projects (GDrive)/24_HDDCLK_V6.0/Electrical/PCBs/00_KiCad Library/HDDCLK_V6.0_Parts.3dshapes/PCA9306DCUR.stp
11-20 19:55:54 com_github_MitjaNemec_Archive3DModels.archive_3d_models 150:Remapping: G:/My Drive/Projects (GDrive)/24_HDDCLK_V6.0/Electrical/PCBs/00_KiCad Library/HDDCLK_V6.0_Parts.3dshapes/PCA9306DCUR.stp
11-20 19:55:54 com_github_MitjaNemec_Archive3DModels.archive_3d_models 51:Getting 3D models for footprint of: J4
11-20 19:55:54 com_github_MitjaNemec_Archive3DModels.archive_3d_models 63:Trying to copy: //DESKTOP-ARTLMTU/Users/Kadin/Documents/KiCad/libraries/Created By Me/SamacSys_Parts.3dshapes/M20-7920242R.stp
11-20 19:55:54 com_github_MitjaNemec_Archive3DModels.archive_3d_models 150:Remapping: //DESKTOP-ARTLMTU/Users/Kadin/Documents/KiCad/libraries/Created By Me/SamacSys_Parts.3dshapes/M20-7920242R.stp
11-20 19:55:54 com_github_MitjaNemec_Archive3DModels.archive_3d_models 51:Getting 3D models for footprint of: R17
11-20 19:55:54 com_github_MitjaNemec_Archive3DModels.archive_3d_models 63:Trying to copy: ${KICAD9_3DMODEL_DIR}/Resistor_SMD.3dshapes/R_0603_1608Metric.step
11-20 19:55:54 com_github_MitjaNemec_Archive3DModels.archive_3d_models 150:Remapping: ${KICAD9_3DMODEL_DIR}/Resistor_SMD.3dshapes/R_0603_1608Metric.step
11-20 19:55:54 com_github_MitjaNemec_Archive3DModels.archive_3d_models 51:Getting 3D models for footprint of: R47
11-20 19:55:54 com_github_MitjaNemec_Archive3DModels.archive_3d_models 63:Trying to copy: ${KICAD9_3DMODEL_DIR}/Resistor_SMD.3dshapes/R_0603_1608Metric.step
11-20 19:55:54 com_github_MitjaNemec_Archive3DModels.archive_3d_models 150:Remapping: ${KICAD9_3DMODEL_DIR}/Resistor_SMD.3dshapes/R_0603_1608Metric.step
11-20 19:55:54 com_github_MitjaNemec_Archive3DModels.archive_3d_models 51:Getting 3D models for footprint of: R29
11-20 19:55:54 com_github_MitjaNemec_Archive3DModels.archive_3d_models 63:Trying to copy: ${KICAD9_3DMODEL_DIR}/Resistor_SMD.3dshapes/R_0603_1608Metric.step
11-20 19:55:54 com_github_MitjaNemec_Archive3DModels.archive_3d_models 150:Remapping: ${KICAD9_3DMODEL_DIR}/Resistor_SMD.3dshapes/R_0603_1608Metric.step
11-20 19:55:54 com_github_MitjaNemec_Archive3DModels.archive_3d_models 51:Getting 3D models for footprint of: D25
11-20 19:55:54 com_github_MitjaNemec_Archive3DModels.archive_3d_models 63:Trying to copy: ${KICAD9_3DMODEL_DIR}/Resistor_SMD.3dshapes/R_0603_1608Metric.step
11-20 19:55:54 com_github_MitjaNemec_Archive3DModels.archive_3d_models 150:Remapping: ${KICAD9_3DMODEL_DIR}/Resistor_SMD.3dshapes/R_0603_1608Metric.step
11-20 19:55:54 com_github_MitjaNemec_Archive3DModels.archive_3d_models 51:Getting 3D models for footprint of: C7
11-20 19:55:54 com_github_MitjaNemec_Archive3DModels.archive_3d_models 63:Trying to copy: ${KICAD9_3DMODEL_DIR}/Capacitor_SMD.3dshapes/C_0603_1608Metric.step
11-20 19:55:54 com_github_MitjaNemec_Archive3DModels.archive_3d_models 150:Remapping: ${KICAD9_3DMODEL_DIR}/Capacitor_SMD.3dshapes/C_0603_1608Metric.step
11-20 19:55:54 com_github_MitjaNemec_Archive3DModels.archive_3d_models 51:Getting 3D models for footprint of: D14
11-20 19:55:54 com_github_MitjaNemec_Archive3DModels.archive_3d_models 63:Trying to copy: ${KICAD9_3DMODEL_DIR}/Resistor_SMD.3dshapes/R_0603_1608Metric.step
11-20 19:55:54 com_github_MitjaNemec_Archive3DModels.archive_3d_models 150:Remapping: ${KICAD9_3DMODEL_DIR}/Resistor_SMD.3dshapes/R_0603_1608Metric.step
11-20 19:55:54 com_github_MitjaNemec_Archive3DModels.archive_3d_models 51:Getting 3D models for footprint of: D3
11-20 19:55:54 com_github_MitjaNemec_Archive3DModels.archive_3d_models 63:Trying to copy: ${KICAD9_3DMODEL_DIR}/LED_SMD.3dshapes/LED_0603_1608Metric.step
11-20 19:55:54 com_github_MitjaNemec_Archive3DModels.archive_3d_models 150:Remapping: ${KICAD9_3DMODEL_DIR}/LED_SMD.3dshapes/LED_0603_1608Metric.step
11-20 19:55:54 com_github_MitjaNemec_Archive3DModels.archive_3d_models 51:Getting 3D models for footprint of: C18
11-20 19:55:54 com_github_MitjaNemec_Archive3DModels.archive_3d_models 63:Trying to copy: ${KICAD9_3DMODEL_DIR}/Capacitor_SMD.3dshapes/C_0603_1608Metric.step
11-20 19:55:54 com_github_MitjaNemec_Archive3DModels.archive_3d_models 150:Remapping: ${KICAD9_3DMODEL_DIR}/Capacitor_SMD.3dshapes/C_0603_1608Metric.step
11-20 19:55:54 com_github_MitjaNemec_Archive3DModels.archive_3d_models 51:Getting 3D models for footprint of: REF**
11-20 19:55:54 com_github_MitjaNemec_Archive3DModels.archive_3d_models 51:Getting 3D models for footprint of: J12
11-20 19:55:54 com_github_MitjaNemec_Archive3DModels.archive_3d_models 63:Trying to copy: //DESKTOP-ARTLMTU/Users/Kadin/Documents/KiCad/libraries/Created By Me/SamacSys_Parts.3dshapes/M20-7920242R.stp
11-20 19:55:54 com_github_MitjaNemec_Archive3DModels.archive_3d_models 150:Remapping: //DESKTOP-ARTLMTU/Users/Kadin/Documents/KiCad/libraries/Created By Me/SamacSys_Parts.3dshapes/M20-7920242R.stp
11-20 19:55:54 com_github_MitjaNemec_Archive3DModels.archive_3d_models 51:Getting 3D models for footprint of: REF**
11-20 19:55:54 com_github_MitjaNemec_Archive3DModels.archive_3d_models 51:Getting 3D models for footprint of: J8
11-20 19:55:54 com_github_MitjaNemec_Archive3DModels.archive_3d_models 63:Trying to copy: //DESKTOP-ARTLMTU/Users/Kadin/Documents/KiCad/libraries/Created By Me/SamacSys_Parts.3dshapes/M20-7920242R.stp
11-20 19:55:55 com_github_MitjaNemec_Archive3DModels.archive_3d_models 150:Remapping: //DESKTOP-ARTLMTU/Users/Kadin/Documents/KiCad/libraries/Created By Me/SamacSys_Parts.3dshapes/M20-7920242R.stp
11-20 19:55:55 com_github_MitjaNemec_Archive3DModels.archive_3d_models 51:Getting 3D models for footprint of: C15
11-20 19:55:55 com_github_MitjaNemec_Archive3DModels.archive_3d_models 63:Trying to copy: ${KICAD9_3DMODEL_DIR}/Capacitor_SMD.3dshapes/C_0603_1608Metric.step
11-20 19:55:55 com_github_MitjaNemec_Archive3DModels.archive_3d_models 150:Remapping: ${KICAD9_3DMODEL_DIR}/Capacitor_SMD.3dshapes/C_0603_1608Metric.step
11-20 19:55:55 com_github_MitjaNemec_Archive3DModels.archive_3d_models 51:Getting 3D models for footprint of: R54
11-20 19:55:55 com_github_MitjaNemec_Archive3DModels.archive_3d_models 63:Trying to copy: ${KICAD9_3DMODEL_DIR}/Resistor_SMD.3dshapes/R_2512_6332Metric.step
11-20 19:55:55 com_github_MitjaNemec_Archive3DModels.archive_3d_models 150:Remapping: ${KICAD9_3DMODEL_DIR}/Resistor_SMD.3dshapes/R_2512_6332Metric.step
11-20 19:55:55 com_github_MitjaNemec_Archive3DModels.archive_3d_models 51:Getting 3D models for footprint of: J13
11-20 19:55:55 com_github_MitjaNemec_Archive3DModels.archive_3d_models 63:Trying to copy: //DESKTOP-ARTLMTU/Users/Kadin/Documents/KiCad/libraries/Created By Me/SamacSys_Parts.3dshapes/M20-7920242R.stp
11-20 19:55:55 com_github_MitjaNemec_Archive3DModels.archive_3d_models 150:Remapping: //DESKTOP-ARTLMTU/Users/Kadin/Documents/KiCad/libraries/Created By Me/SamacSys_Parts.3dshapes/M20-7920242R.stp
11-20 19:55:55 com_github_MitjaNemec_Archive3DModels.archive_3d_models 51:Getting 3D models for footprint of: VR1
11-20 19:55:55 com_github_MitjaNemec_Archive3DModels.archive_3d_models 63:Trying to copy: //DESKTOP-ARTLMTU/Projects/07_VFD Tube Clocks/02_IV-12 & IV-22/IV-22 VFD Tube CLock V2.0/PCBs/PCB Component stp/boost converter/XL6009.stp
11-20 19:55:55 com_github_MitjaNemec_Archive3DModels.archive_3d_models 150:Remapping: //DESKTOP-ARTLMTU/Projects/07_VFD Tube Clocks/02_IV-12 & IV-22/IV-22 VFD Tube CLock V2.0/PCBs/PCB Component stp/boost converter/XL6009.stp
11-20 19:55:55 com_github_MitjaNemec_Archive3DModels.archive_3d_models 63:Trying to copy: //DESKTOP-ARTLMTU/Projects/07_VFD Tube Clocks/02_IV-12 & IV-22/IV-22 VFD Tube CLock V2.0/PCBs/PCB Component stp/boost converter/1x_Male_Pin_2.54_mm.STEP
11-20 19:55:56 com_github_MitjaNemec_Archive3DModels.archive_3d_models 150:Remapping: //DESKTOP-ARTLMTU/Projects/07_VFD Tube Clocks/02_IV-12 & IV-22/IV-22 VFD Tube CLock V2.0/PCBs/PCB Component stp/boost converter/1x_Male_Pin_2.54_mm.STEP
11-20 19:55:56 com_github_MitjaNemec_Archive3DModels.archive_3d_models 63:Trying to copy: //DESKTOP-ARTLMTU/Projects/07_VFD Tube Clocks/02_IV-12 & IV-22/IV-22 VFD Tube CLock V2.0/PCBs/PCB Component stp/boost converter/1x_Male_Pin_2.54_mm.STEP
11-20 19:55:56 com_github_MitjaNemec_Archive3DModels.archive_3d_models 150:Remapping: //DESKTOP-ARTLMTU/Projects/07_VFD Tube Clocks/02_IV-12 & IV-22/IV-22 VFD Tube CLock V2.0/PCBs/PCB Component stp/boost converter/1x_Male_Pin_2.54_mm.STEP
11-20 19:55:56 com_github_MitjaNemec_Archive3DModels.archive_3d_models 63:Trying to copy: //DESKTOP-ARTLMTU/Projects/07_VFD Tube Clocks/02_IV-12 & IV-22/IV-22 VFD Tube CLock V2.0/PCBs/PCB Component stp/boost converter/1x_Male_Pin_2.54_mm.STEP
11-20 19:55:56 com_github_MitjaNemec_Archive3DModels.archive_3d_models 150:Remapping: //DESKTOP-ARTLMTU/Projects/07_VFD Tube Clocks/02_IV-12 & IV-22/IV-22 VFD Tube CLock V2.0/PCBs/PCB Component stp/boost converter/1x_Male_Pin_2.54_mm.STEP
11-20 19:55:56 com_github_MitjaNemec_Archive3DModels.archive_3d_models 63:Trying to copy: //DESKTOP-ARTLMTU/Projects/07_VFD Tube Clocks/02_IV-12 & IV-22/IV-22 VFD Tube CLock V2.0/PCBs/PCB Component stp/boost converter/1x_Male_Pin_2.54_mm.STEP
11-20 19:55:56 com_github_MitjaNemec_Archive3DModels.archive_3d_models 150:Remapping: //DESKTOP-ARTLMTU/Projects/07_VFD Tube Clocks/02_IV-12 & IV-22/IV-22 VFD Tube CLock V2.0/PCBs/PCB Component stp/boost converter/1x_Male_Pin_2.54_mm.STEP
11-20 19:55:56 com_github_MitjaNemec_Archive3DModels.archive_3d_models 51:Getting 3D models for footprint of: R52
11-20 19:55:56 com_github_MitjaNemec_Archive3DModels.archive_3d_models 63:Trying to copy: ${KICAD9_3DMODEL_DIR}/Resistor_SMD.3dshapes/R_2512_6332Metric.step
11-20 19:55:56 com_github_MitjaNemec_Archive3DModels.archive_3d_models 150:Remapping: ${KICAD9_3DMODEL_DIR}/Resistor_SMD.3dshapes/R_2512_6332Metric.step
11-20 19:55:56 com_github_MitjaNemec_Archive3DModels.archive_3d_models 51:Getting 3D models for footprint of: C16
11-20 19:55:56 com_github_MitjaNemec_Archive3DModels.archive_3d_models 63:Trying to copy: ${KICAD9_3DMODEL_DIR}/Capacitor_SMD.3dshapes/C_0603_1608Metric.step
11-20 19:55:56 com_github_MitjaNemec_Archive3DModels.archive_3d_models 150:Remapping: ${KICAD9_3DMODEL_DIR}/Capacitor_SMD.3dshapes/C_0603_1608Metric.step
11-20 19:55:56 com_github_MitjaNemec_Archive3DModels.archive_3d_models 51:Getting 3D models for footprint of: J11
11-20 19:55:56 com_github_MitjaNemec_Archive3DModels.archive_3d_models 63:Trying to copy: //DESKTOP-ARTLMTU/Users/Kadin/Documents/KiCad/libraries/Created By Me/SamacSys_Parts.3dshapes/M20-7920242R.stp
11-20 19:55:56 com_github_MitjaNemec_Archive3DModels.archive_3d_models 150:Remapping: //DESKTOP-ARTLMTU/Users/Kadin/Documents/KiCad/libraries/Created By Me/SamacSys_Parts.3dshapes/M20-7920242R.stp
11-20 19:55:56 com_github_MitjaNemec_Archive3DModels.archive_3d_models 51:Getting 3D models for footprint of: C33
11-20 19:55:56 com_github_MitjaNemec_Archive3DModels.archive_3d_models 63:Trying to copy: ${KICAD9_3DMODEL_DIR}/Capacitor_SMD.3dshapes/C_1210_3225Metric.step
11-20 19:55:56 com_github_MitjaNemec_Archive3DModels.archive_3d_models 150:Remapping: ${KICAD9_3DMODEL_DIR}/Capacitor_SMD.3dshapes/C_1210_3225Metric.step
11-20 19:55:56 com_github_MitjaNemec_Archive3DModels.archive_3d_models 51:Getting 3D models for footprint of: C17
11-20 19:55:56 com_github_MitjaNemec_Archive3DModels.archive_3d_models 63:Trying to copy: ${KICAD9_3DMODEL_DIR}/Capacitor_SMD.3dshapes/C_0603_1608Metric.step
11-20 19:55:57 com_github_MitjaNemec_Archive3DModels.archive_3d_models 150:Remapping: ${KICAD9_3DMODEL_DIR}/Capacitor_SMD.3dshapes/C_0603_1608Metric.step
11-20 19:55:57 com_github_MitjaNemec_Archive3DModels.archive_3d_models 51:Getting 3D models for footprint of: J10
11-20 19:55:57 com_github_MitjaNemec_Archive3DModels.archive_3d_models 63:Trying to copy: //DESKTOP-ARTLMTU/Users/Kadin/Documents/KiCad/libraries/Created By Me/SamacSys_Parts.3dshapes/M20-7920242R.stp
11-20 19:55:57 com_github_MitjaNemec_Archive3DModels.archive_3d_models 150:Remapping: //DESKTOP-ARTLMTU/Users/Kadin/Documents/KiCad/libraries/Created By Me/SamacSys_Parts.3dshapes/M20-7920242R.stp
11-20 19:55:57 com_github_MitjaNemec_Archive3DModels.archive_3d_models 51:Getting 3D models for footprint of: J6
11-20 19:55:57 com_github_MitjaNemec_Archive3DModels.archive_3d_models 63:Trying to copy: //DESKTOP-ARTLMTU/Users/Kadin/Documents/KiCad/libraries/Created By Me/SamacSys_Parts.3dshapes/M20-7920242R.stp
11-20 19:55:57 com_github_MitjaNemec_Archive3DModels.archive_3d_models 150:Remapping: //DESKTOP-ARTLMTU/Users/Kadin/Documents/KiCad/libraries/Created By Me/SamacSys_Parts.3dshapes/M20-7920242R.stp
11-20 19:55:57 com_github_MitjaNemec_Archive3DModels.archive_3d_models 51:Getting 3D models for footprint of: VR2
11-20 19:55:57 com_github_MitjaNemec_Archive3DModels.archive_3d_models 63:Trying to copy: G:/My Drive/Projects (GDrive)/31_My First Nixie Clock/Mechanical/HV Power Supply/HV Power Supply.IGS
11-20 19:55:57 com_github_MitjaNemec_Archive3DModels.archive_3d_models 150:Remapping: G:/My Drive/Projects (GDrive)/31_My First Nixie Clock/Mechanical/HV Power Supply/HV Power Supply.IGS
11-20 19:55:57 com_github_MitjaNemec_Archive3DModels.archive_3d_models 63:Trying to copy: G:/My Drive/Projects (GDrive)/32_The Animation Platter/Electrical Design/3D Models/1985195.stp
11-20 19:55:57 com_github_MitjaNemec_Archive3DModels.archive_3d_models 150:Remapping: G:/My Drive/Projects (GDrive)/32_The Animation Platter/Electrical Design/3D Models/1985195.stp
11-20 19:55:57 com_github_MitjaNemec_Archive3DModels.archive_3d_models 63:Trying to copy: G:/My Drive/Projects (GDrive)/32_The Animation Platter/Electrical Design/3D Models/1985195.stp
11-20 19:55:57 com_github_MitjaNemec_Archive3DModels.archive_3d_models 150:Remapping: G:/My Drive/Projects (GDrive)/32_The Animation Platter/Electrical Design/3D Models/1985195.stp
11-20 19:55:57 com_github_MitjaNemec_Archive3DModels.archive_3d_models 51:Getting 3D models for footprint of: C32
11-20 19:55:57 com_github_MitjaNemec_Archive3DModels.archive_3d_models 63:Trying to copy: ${KICAD9_3DMODEL_DIR}/Capacitor_SMD.3dshapes/C_1210_3225Metric.step
11-20 19:55:57 com_github_MitjaNemec_Archive3DModels.archive_3d_models 150:Remapping: ${KICAD9_3DMODEL_DIR}/Capacitor_SMD.3dshapes/C_1210_3225Metric.step
11-20 19:55:57 com_github_MitjaNemec_Archive3DModels.archive_3d_models 51:Getting 3D models for footprint of: REF**
11-20 19:55:57 com_github_MitjaNemec_Archive3DModels.archive_3d_models 51:Getting 3D models for footprint of: VR6
11-20 19:55:57 com_github_MitjaNemec_Archive3DModels.archive_3d_models 63:Trying to copy: G:/My Drive/Projects (GDrive)/00_General Kicad/Library Dump 1/3D/AZ1117CH2-3.3TRG1.stp
11-20 19:55:57 com_github_MitjaNemec_Archive3DModels.archive_3d_models 150:Remapping: G:/My Drive/Projects (GDrive)/00_General Kicad/Library Dump 1/3D/AZ1117CH2-3.3TRG1.stp
11-20 19:55:57 com_github_MitjaNemec_Archive3DModels.archive_3d_models 51:Getting 3D models for footprint of: J9
11-20 19:55:57 com_github_MitjaNemec_Archive3DModels.archive_3d_models 63:Trying to copy: //DESKTOP-ARTLMTU/Users/Kadin/Documents/KiCad/libraries/Created By Me/SamacSys_Parts.3dshapes/M20-7920242R.stp
11-20 19:55:57 com_github_MitjaNemec_Archive3DModels.archive_3d_models 150:Remapping: //DESKTOP-ARTLMTU/Users/Kadin/Documents/KiCad/libraries/Created By Me/SamacSys_Parts.3dshapes/M20-7920242R.stp
