11-20 19:59:50 com_github_MitjaNemec_Archive3DModels.action_archive_3d_models 238:Plugin executed on: 'win32'
11-20 19:59:50 com_github_MitjaNemec_Archive3DModels.action_archive_3d_models 239:Plugin executed with python version: '3.11.5 (main, Jun 15 2025, 06:45:45) [MSC v.1942 64 bit (AMD64)]'
11-20 19:59:50 com_github_MitjaNemec_Archive3DModels.action_archive_3d_models 240:KiCad build version: 9.0.4
11-20 19:59:50 com_github_MitjaNemec_Archive3DModels.action_archive_3d_models 241:Plugin version: 1.0.15
11-20 19:59:50 com_github_MitjaNemec_Archive3DModels.action_archive_3d_models 246:Screen sizes: [wx.Size(1920, 1080)]
11-20 19:59:50 com_github_MitjaNemec_Archive3DModels.action_archive_3d_models 253:Dialog size: wx.Size(213, 81)
11-20 19:59:50 com_github_MitjaNemec_Archive3DModels.action_archive_3d_models 255:Char size: 20
11-20 19:59:54 com_github_MitjaNemec_Archive3DModels.archive_3d_models 30:Starting to archive 3D models
11-20 19:59:54 com_github_MitjaNemec_Archive3DModels.archive_3d_models 51:Getting 3D models for footprint of: U7
11-20 19:59:54 com_github_MitjaNemec_Archive3DModels.archive_3d_models 63:Trying to copy: G:/My Drive/Projects (GDrive)/00_General Kicad/Library Dump 1/3D/TPIC6B595DWR.stp
11-20 19:59:54 com_github_MitjaNemec_Archive3DModels.archive_3d_models 150:Remapping: G:/My Drive/Projects (GDrive)/00_General Kicad/Library Dump 1/3D/TPIC6B595DWR.stp
11-20 19:59:54 com_github_MitjaNemec_Archive3DModels.archive_3d_models 51:Getting 3D models for footprint of: T7
11-20 19:59:54 com_github_MitjaNemec_Archive3DModels.archive_3d_models 63:Trying to copy: G:/My Drive/Projects (GDrive)/31_My First Nixie Clock/01_My First Nixie Clock/Reference/ins-1 schematic symbol/3D/INS-1.STEP
11-20 19:59:54 com_github_MitjaNemec_Archive3DModels.archive_3d_models 150:Remapping: G:/My Drive/Projects (GDrive)/31_My First Nixie Clock/01_My First Nixie Clock/Reference/ins-1 schematic symbol/3D/INS-1.STEP
11-20 19:59:54 com_github_MitjaNemec_Archive3DModels.archive_3d_models 51:Getting 3D models for footprint of: T9
11-20 19:59:54 com_github_MitjaNemec_Archive3DModels.archive_3d_models 63:Trying to copy: //DESKTOP-ARTLMTU/Projects/07_VFD Tube Clocks/02_IV-12 & IV-22/IV-22 VFD Tube Clock V1.0/Non-Electrical/Objects/PCB Models/IN-12A/IN-12A.igs
11-20 19:59:56 com_github_MitjaNemec_Archive3DModels.archive_3d_models 150:Remapping: //DESKTOP-ARTLMTU/Projects/07_VFD Tube Clocks/02_IV-12 & IV-22/IV-22 VFD Tube Clock V1.0/Non-Electrical/Objects/PCB Models/IN-12A/IN-12A.igs
11-20 19:59:56 com_github_MitjaNemec_Archive3DModels.archive_3d_models 63:Trying to copy: //DESKTOP-ARTLMTU/Projects/07_VFD Tube Clocks/02_IV-12 & IV-22/IV-22 VFD Tube Clock V1.0/Non-Electrical/Objects/PCB Models/tube pin/1mm vfd tube pin.iges
11-20 19:59:56 com_github_MitjaNemec_Archive3DModels.archive_3d_models 146:Did not copy: //DESKTOP-ARTLMTU/Projects/07_VFD Tube Clocks/02_IV-12 & IV-22/IV-22 VFD Tube Clock V1.0/Non-Electrical/Objects/PCB Models/tube pin/1mm vfd tube pin.iges
11-20 19:59:56 com_github_MitjaNemec_Archive3DModels.archive_3d_models 150:Remapping: //DESKTOP-ARTLMTU/Projects/07_VFD Tube Clocks/02_IV-12 & IV-22/IV-22 VFD Tube Clock V1.0/Non-Electrical/Objects/PCB Models/tube pin/1mm vfd tube pin.iges
11-20 19:59:56 com_github_MitjaNemec_Archive3DModels.archive_3d_models 63:Trying to copy: //DESKTOP-ARTLMTU/Projects/07_VFD Tube Clocks/02_IV-12 & IV-22/IV-22 VFD Tube Clock V1.0/Non-Electrical/Objects/PCB Models/tube pin/1mm vfd tube pin.iges
11-20 19:59:56 com_github_MitjaNemec_Archive3DModels.archive_3d_models 146:Did not copy: //DESKTOP-ARTLMTU/Projects/07_VFD Tube Clocks/02_IV-12 & IV-22/IV-22 VFD Tube Clock V1.0/Non-Electrical/Objects/PCB Models/tube pin/1mm vfd tube pin.iges
11-20 19:59:56 com_github_MitjaNemec_Archive3DModels.archive_3d_models 150:Remapping: //DESKTOP-ARTLMTU/Projects/07_VFD Tube Clocks/02_IV-12 & IV-22/IV-22 VFD Tube Clock V1.0/Non-Electrical/Objects/PCB Models/tube pin/1mm vfd tube pin.iges
11-20 19:59:56 com_github_MitjaNemec_Archive3DModels.archive_3d_models 63:Trying to copy: //DESKTOP-ARTLMTU/Projects/07_VFD Tube Clocks/02_IV-12 & IV-22/IV-22 VFD Tube Clock V1.0/Non-Electrical/Objects/PCB Models/tube pin/1mm vfd tube pin.iges
11-20 19:59:56 com_github_MitjaNemec_Archive3DModels.archive_3d_models 146:Did not copy: //DESKTOP-ARTLMTU/Projects/07_VFD Tube Clocks/02_IV-12 & IV-22/IV-22 VFD Tube Clock V1.0/Non-Electrical/Objects/PCB Models/tube pin/1mm vfd tube pin.iges
11-20 19:59:56 com_github_MitjaNemec_Archive3DModels.archive_3d_models 150:Remapping: //DESKTOP-ARTLMTU/Projects/07_VFD Tube Clocks/02_IV-12 & IV-22/IV-22 VFD Tube Clock V1.0/Non-Electrical/Objects/PCB Models/tube pin/1mm vfd tube pin.iges
11-20 19:59:56 com_github_MitjaNemec_Archive3DModels.archive_3d_models 63:Trying to copy: //DESKTOP-ARTLMTU/Projects/07_VFD Tube Clocks/02_IV-12 & IV-22/IV-22 VFD Tube Clock V1.0/Non-Electrical/Objects/PCB Models/tube pin/1mm vfd tube pin.iges
11-20 19:59:56 com_github_MitjaNemec_Archive3DModels.archive_3d_models 146:Did not copy: //DESKTOP-ARTLMTU/Projects/07_VFD Tube Clocks/02_IV-12 & IV-22/IV-22 VFD Tube Clock V1.0/Non-Electrical/Objects/PCB Models/tube pin/1mm vfd tube pin.iges
11-20 19:59:56 com_github_MitjaNemec_Archive3DModels.archive_3d_models 150:Remapping: //DESKTOP-ARTLMTU/Projects/07_VFD Tube Clocks/02_IV-12 & IV-22/IV-22 VFD Tube Clock V1.0/Non-Electrical/Objects/PCB Models/tube pin/1mm vfd tube pin.iges
11-20 19:59:56 com_github_MitjaNemec_Archive3DModels.archive_3d_models 63:Trying to copy: //DESKTOP-ARTLMTU/Projects/07_VFD Tube Clocks/02_IV-12 & IV-22/IV-22 VFD Tube Clock V1.0/Non-Electrical/Objects/PCB Models/tube pin/1mm vfd tube pin.iges
11-20 19:59:57 com_github_MitjaNemec_Archive3DModels.archive_3d_models 146:Did not copy: //DESKTOP-ARTLMTU/Projects/07_VFD Tube Clocks/02_IV-12 & IV-22/IV-22 VFD Tube Clock V1.0/Non-Electrical/Objects/PCB Models/tube pin/1mm vfd tube pin.iges
11-20 19:59:57 com_github_MitjaNemec_Archive3DModels.archive_3d_models 150:Remapping: //DESKTOP-ARTLMTU/Projects/07_VFD Tube Clocks/02_IV-12 & IV-22/IV-22 VFD Tube Clock V1.0/Non-Electrical/Objects/PCB Models/tube pin/1mm vfd tube pin.iges
11-20 19:59:57 com_github_MitjaNemec_Archive3DModels.archive_3d_models 63:Trying to copy: //DESKTOP-ARTLMTU/Projects/07_VFD Tube Clocks/02_IV-12 & IV-22/IV-22 VFD Tube Clock V1.0/Non-Electrical/Objects/PCB Models/tube pin/1mm vfd tube pin.iges
11-20 19:59:57 com_github_MitjaNemec_Archive3DModels.archive_3d_models 146:Did not copy: //DESKTOP-ARTLMTU/Projects/07_VFD Tube Clocks/02_IV-12 & IV-22/IV-22 VFD Tube Clock V1.0/Non-Electrical/Objects/PCB Models/tube pin/1mm vfd tube pin.iges
11-20 19:59:57 com_github_MitjaNemec_Archive3DModels.archive_3d_models 150:Remapping: //DESKTOP-ARTLMTU/Projects/07_VFD Tube Clocks/02_IV-12 & IV-22/IV-22 VFD Tube Clock V1.0/Non-Electrical/Objects/PCB Models/tube pin/1mm vfd tube pin.iges
11-20 19:59:57 com_github_MitjaNemec_Archive3DModels.archive_3d_models 63:Trying to copy: //DESKTOP-ARTLMTU/Projects/07_VFD Tube Clocks/02_IV-12 & IV-22/IV-22 VFD Tube Clock V1.0/Non-Electrical/Objects/PCB Models/tube pin/1mm vfd tube pin.iges
11-20 19:59:57 com_github_MitjaNemec_Archive3DModels.archive_3d_models 146:Did not copy: //DESKTOP-ARTLMTU/Projects/07_VFD Tube Clocks/02_IV-12 & IV-22/IV-22 VFD Tube Clock V1.0/Non-Electrical/Objects/PCB Models/tube pin/1mm vfd tube pin.iges
11-20 19:59:57 com_github_MitjaNemec_Archive3DModels.archive_3d_models 150:Remapping: //DESKTOP-ARTLMTU/Projects/07_VFD Tube Clocks/02_IV-12 & IV-22/IV-22 VFD Tube Clock V1.0/Non-Electrical/Objects/PCB Models/tube pin/1mm vfd tube pin.iges
11-20 19:59:57 com_github_MitjaNemec_Archive3DModels.archive_3d_models 63:Trying to copy: //DESKTOP-ARTLMTU/Projects/07_VFD Tube Clocks/02_IV-12 & IV-22/IV-22 VFD Tube Clock V1.0/Non-Electrical/Objects/PCB Models/tube pin/1mm vfd tube pin.iges
11-20 19:59:57 com_github_MitjaNemec_Archive3DModels.archive_3d_models 146:Did not copy: //DESKTOP-ARTLMTU/Projects/07_VFD Tube Clocks/02_IV-12 & IV-22/IV-22 VFD Tube Clock V1.0/Non-Electrical/Objects/PCB Models/tube pin/1mm vfd tube pin.iges
11-20 19:59:57 com_github_MitjaNemec_Archive3DModels.archive_3d_models 150:Remapping: //DESKTOP-ARTLMTU/Projects/07_VFD Tube Clocks/02_IV-12 & IV-22/IV-22 VFD Tube Clock V1.0/Non-Electrical/Objects/PCB Models/tube pin/1mm vfd tube pin.iges
11-20 19:59:57 com_github_MitjaNemec_Archive3DModels.archive_3d_models 63:Trying to copy: //DESKTOP-ARTLMTU/Projects/07_VFD Tube Clocks/02_IV-12 & IV-22/IV-22 VFD Tube Clock V1.0/Non-Electrical/Objects/PCB Models/tube pin/1mm vfd tube pin.iges
11-20 19:59:57 com_github_MitjaNemec_Archive3DModels.archive_3d_models 146:Did not copy: //DESKTOP-ARTLMTU/Projects/07_VFD Tube Clocks/02_IV-12 & IV-22/IV-22 VFD Tube Clock V1.0/Non-Electrical/Objects/PCB Models/tube pin/1mm vfd tube pin.iges
11-20 19:59:57 com_github_MitjaNemec_Archive3DModels.archive_3d_models 150:Remapping: //DESKTOP-ARTLMTU/Projects/07_VFD Tube Clocks/02_IV-12 & IV-22/IV-22 VFD Tube Clock V1.0/Non-Electrical/Objects/PCB Models/tube pin/1mm vfd tube pin.iges
11-20 19:59:57 com_github_MitjaNemec_Archive3DModels.archive_3d_models 63:Trying to copy: //DESKTOP-ARTLMTU/Projects/07_VFD Tube Clocks/02_IV-12 & IV-22/IV-22 VFD Tube Clock V1.0/Non-Electrical/Objects/PCB Models/tube pin/1mm vfd tube pin.iges
11-20 19:59:57 com_github_MitjaNemec_Archive3DModels.archive_3d_models 146:Did not copy: //DESKTOP-ARTLMTU/Projects/07_VFD Tube Clocks/02_IV-12 & IV-22/IV-22 VFD Tube Clock V1.0/Non-Electrical/Objects/PCB Models/tube pin/1mm vfd tube pin.iges
11-20 19:59:57 com_github_MitjaNemec_Archive3DModels.archive_3d_models 150:Remapping: //DESKTOP-ARTLMTU/Projects/07_VFD Tube Clocks/02_IV-12 & IV-22/IV-22 VFD Tube Clock V1.0/Non-Electrical/Objects/PCB Models/tube pin/1mm vfd tube pin.iges
11-20 19:59:57 com_github_MitjaNemec_Archive3DModels.archive_3d_models 63:Trying to copy: //DESKTOP-ARTLMTU/Projects/07_VFD Tube Clocks/02_IV-12 & IV-22/IV-22 VFD Tube Clock V1.0/Non-Electrical/Objects/PCB Models/tube pin/1mm vfd tube pin.iges
11-20 19:59:57 com_github_MitjaNemec_Archive3DModels.archive_3d_models 146:Did not copy: //DESKTOP-ARTLMTU/Projects/07_VFD Tube Clocks/02_IV-12 & IV-22/IV-22 VFD Tube Clock V1.0/Non-Electrical/Objects/PCB Models/tube pin/1mm vfd tube pin.iges
11-20 19:59:57 com_github_MitjaNemec_Archive3DModels.archive_3d_models 150:Remapping: //DESKTOP-ARTLMTU/Projects/07_VFD Tube Clocks/02_IV-12 & IV-22/IV-22 VFD Tube Clock V1.0/Non-Electrical/Objects/PCB Models/tube pin/1mm vfd tube pin.iges
11-20 19:59:57 com_github_MitjaNemec_Archive3DModels.archive_3d_models 63:Trying to copy: //DESKTOP-ARTLMTU/Projects/07_VFD Tube Clocks/02_IV-12 & IV-22/IV-22 VFD Tube Clock V1.0/Non-Electrical/Objects/PCB Models/tube pin/1mm vfd tube pin.iges
11-20 19:59:57 com_github_MitjaNemec_Archive3DModels.archive_3d_models 146:Did not copy: //DESKTOP-ARTLMTU/Projects/07_VFD Tube Clocks/02_IV-12 & IV-22/IV-22 VFD Tube Clock V1.0/Non-Electrical/Objects/PCB Models/tube pin/1mm vfd tube pin.iges
11-20 19:59:57 com_github_MitjaNemec_Archive3DModels.archive_3d_models 150:Remapping: //DESKTOP-ARTLMTU/Projects/07_VFD Tube Clocks/02_IV-12 & IV-22/IV-22 VFD Tube Clock V1.0/Non-Electrical/Objects/PCB Models/tube pin/1mm vfd tube pin.iges
11-20 19:59:57 com_github_MitjaNemec_Archive3DModels.archive_3d_models 51:Getting 3D models for footprint of: T4
11-20 19:59:57 com_github_MitjaNemec_Archive3DModels.archive_3d_models 63:Trying to copy: G:/My Drive/Projects (GDrive)/31_My First Nixie Clock/01_My First Nixie Clock/Reference/ins-1 schematic symbol/3D/INS-1.STEP
11-20 19:59:57 com_github_MitjaNemec_Archive3DModels.archive_3d_models 150:Remapping: G:/My Drive/Projects (GDrive)/31_My First Nixie Clock/01_My First Nixie Clock/Reference/ins-1 schematic symbol/3D/INS-1.STEP
11-20 19:59:57 com_github_MitjaNemec_Archive3DModels.archive_3d_models 51:Getting 3D models for footprint of: H4
11-20 19:59:57 com_github_MitjaNemec_Archive3DModels.archive_3d_models 51:Getting 3D models for footprint of: T10
11-20 19:59:57 com_github_MitjaNemec_Archive3DModels.archive_3d_models 63:Trying to copy: D:/new download location/IN-12 Nixie Tube.STEP
11-20 19:59:57 com_github_MitjaNemec_Archive3DModels.archive_3d_models 150:Remapping: D:/new download location/IN-12 Nixie Tube.STEP
11-20 19:59:57 com_github_MitjaNemec_Archive3DModels.archive_3d_models 63:Trying to copy: //DESKTOP-ARTLMTU/Projects/07_VFD Tube Clocks/02_IV-12 & IV-22/IV-22 VFD Tube Clock V1.0/Non-Electrical/Objects/PCB Models/IN-12A/IN-12A.igs
11-20 19:59:58 com_github_MitjaNemec_Archive3DModels.archive_3d_models 150:Remapping: //DESKTOP-ARTLMTU/Projects/07_VFD Tube Clocks/02_IV-12 & IV-22/IV-22 VFD Tube Clock V1.0/Non-Electrical/Objects/PCB Models/IN-12A/IN-12A.igs
11-20 19:59:58 com_github_MitjaNemec_Archive3DModels.archive_3d_models 63:Trying to copy: //DESKTOP-ARTLMTU/Projects/07_VFD Tube Clocks/02_IV-12 & IV-22/IV-22 VFD Tube Clock V1.0/Non-Electrical/Objects/PCB Models/tube pin/1mm vfd tube pin.iges
11-20 19:59:58 com_github_MitjaNemec_Archive3DModels.archive_3d_models 146:Did not copy: //DESKTOP-ARTLMTU/Projects/07_VFD Tube Clocks/02_IV-12 & IV-22/IV-22 VFD Tube Clock V1.0/Non-Electrical/Objects/PCB Models/tube pin/1mm vfd tube pin.iges
11-20 19:59:58 com_github_MitjaNemec_Archive3DModels.archive_3d_models 150:Remapping: //DESKTOP-ARTLMTU/Projects/07_VFD Tube Clocks/02_IV-12 & IV-22/IV-22 VFD Tube Clock V1.0/Non-Electrical/Objects/PCB Models/tube pin/1mm vfd tube pin.iges
11-20 19:59:58 com_github_MitjaNemec_Archive3DModels.archive_3d_models 63:Trying to copy: //DESKTOP-ARTLMTU/Projects/07_VFD Tube Clocks/02_IV-12 & IV-22/IV-22 VFD Tube Clock V1.0/Non-Electrical/Objects/PCB Models/tube pin/1mm vfd tube pin.iges
11-20 19:59:58 com_github_MitjaNemec_Archive3DModels.archive_3d_models 146:Did not copy: //DESKTOP-ARTLMTU/Projects/07_VFD Tube Clocks/02_IV-12 & IV-22/IV-22 VFD Tube Clock V1.0/Non-Electrical/Objects/PCB Models/tube pin/1mm vfd tube pin.iges
11-20 19:59:58 com_github_MitjaNemec_Archive3DModels.archive_3d_models 150:Remapping: //DESKTOP-ARTLMTU/Projects/07_VFD Tube Clocks/02_IV-12 & IV-22/IV-22 VFD Tube Clock V1.0/Non-Electrical/Objects/PCB Models/tube pin/1mm vfd tube pin.iges
11-20 19:59:58 com_github_MitjaNemec_Archive3DModels.archive_3d_models 63:Trying to copy: //DESKTOP-ARTLMTU/Projects/07_VFD Tube Clocks/02_IV-12 & IV-22/IV-22 VFD Tube Clock V1.0/Non-Electrical/Objects/PCB Models/tube pin/1mm vfd tube pin.iges
11-20 19:59:58 com_github_MitjaNemec_Archive3DModels.archive_3d_models 146:Did not copy: //DESKTOP-ARTLMTU/Projects/07_VFD Tube Clocks/02_IV-12 & IV-22/IV-22 VFD Tube Clock V1.0/Non-Electrical/Objects/PCB Models/tube pin/1mm vfd tube pin.iges
11-20 19:59:58 com_github_MitjaNemec_Archive3DModels.archive_3d_models 150:Remapping: //DESKTOP-ARTLMTU/Projects/07_VFD Tube Clocks/02_IV-12 & IV-22/IV-22 VFD Tube Clock V1.0/Non-Electrical/Objects/PCB Models/tube pin/1mm vfd tube pin.iges
11-20 19:59:58 com_github_MitjaNemec_Archive3DModels.archive_3d_models 63:Trying to copy: //DESKTOP-ARTLMTU/Projects/07_VFD Tube Clocks/02_IV-12 & IV-22/IV-22 VFD Tube Clock V1.0/Non-Electrical/Objects/PCB Models/tube pin/1mm vfd tube pin.iges
11-20 19:59:58 com_github_MitjaNemec_Archive3DModels.archive_3d_models 146:Did not copy: //DESKTOP-ARTLMTU/Projects/07_VFD Tube Clocks/02_IV-12 & IV-22/IV-22 VFD Tube Clock V1.0/Non-Electrical/Objects/PCB Models/tube pin/1mm vfd tube pin.iges
11-20 19:59:58 com_github_MitjaNemec_Archive3DModels.archive_3d_models 150:Remapping: //DESKTOP-ARTLMTU/Projects/07_VFD Tube Clocks/02_IV-12 & IV-22/IV-22 VFD Tube Clock V1.0/Non-Electrical/Objects/PCB Models/tube pin/1mm vfd tube pin.iges
11-20 19:59:58 com_github_MitjaNemec_Archive3DModels.archive_3d_models 63:Trying to copy: //DESKTOP-ARTLMTU/Projects/07_VFD Tube Clocks/02_IV-12 & IV-22/IV-22 VFD Tube Clock V1.0/Non-Electrical/Objects/PCB Models/tube pin/1mm vfd tube pin.iges
11-20 19:59:58 com_github_MitjaNemec_Archive3DModels.archive_3d_models 146:Did not copy: //DESKTOP-ARTLMTU/Projects/07_VFD Tube Clocks/02_IV-12 & IV-22/IV-22 VFD Tube Clock V1.0/Non-Electrical/Objects/PCB Models/tube pin/1mm vfd tube pin.iges
11-20 19:59:58 com_github_MitjaNemec_Archive3DModels.archive_3d_models 150:Remapping: //DESKTOP-ARTLMTU/Projects/07_VFD Tube Clocks/02_IV-12 & IV-22/IV-22 VFD Tube Clock V1.0/Non-Electrical/Objects/PCB Models/tube pin/1mm vfd tube pin.iges
11-20 19:59:58 com_github_MitjaNemec_Archive3DModels.archive_3d_models 63:Trying to copy: //DESKTOP-ARTLMTU/Projects/07_VFD Tube Clocks/02_IV-12 & IV-22/IV-22 VFD Tube Clock V1.0/Non-Electrical/Objects/PCB Models/tube pin/1mm vfd tube pin.iges
11-20 19:59:58 com_github_MitjaNemec_Archive3DModels.archive_3d_models 146:Did not copy: //DESKTOP-ARTLMTU/Projects/07_VFD Tube Clocks/02_IV-12 & IV-22/IV-22 VFD Tube Clock V1.0/Non-Electrical/Objects/PCB Models/tube pin/1mm vfd tube pin.iges
11-20 19:59:58 com_github_MitjaNemec_Archive3DModels.archive_3d_models 150:Remapping: //DESKTOP-ARTLMTU/Projects/07_VFD Tube Clocks/02_IV-12 & IV-22/IV-22 VFD Tube Clock V1.0/Non-Electrical/Objects/PCB Models/tube pin/1mm vfd tube pin.iges
11-20 19:59:58 com_github_MitjaNemec_Archive3DModels.archive_3d_models 63:Trying to copy: //DESKTOP-ARTLMTU/Projects/07_VFD Tube Clocks/02_IV-12 & IV-22/IV-22 VFD Tube Clock V1.0/Non-Electrical/Objects/PCB Models/tube pin/1mm vfd tube pin.iges
11-20 19:59:58 com_github_MitjaNemec_Archive3DModels.archive_3d_models 146:Did not copy: //DESKTOP-ARTLMTU/Projects/07_VFD Tube Clocks/02_IV-12 & IV-22/IV-22 VFD Tube Clock V1.0/Non-Electrical/Objects/PCB Models/tube pin/1mm vfd tube pin.iges
11-20 19:59:58 com_github_MitjaNemec_Archive3DModels.archive_3d_models 150:Remapping: //DESKTOP-ARTLMTU/Projects/07_VFD Tube Clocks/02_IV-12 & IV-22/IV-22 VFD Tube Clock V1.0/Non-Electrical/Objects/PCB Models/tube pin/1mm vfd tube pin.iges
11-20 19:59:58 com_github_MitjaNemec_Archive3DModels.archive_3d_models 63:Trying to copy: //DESKTOP-ARTLMTU/Projects/07_VFD Tube Clocks/02_IV-12 & IV-22/IV-22 VFD Tube Clock V1.0/Non-Electrical/Objects/PCB Models/tube pin/1mm vfd tube pin.iges
11-20 19:59:58 com_github_MitjaNemec_Archive3DModels.archive_3d_models 146:Did not copy: //DESKTOP-ARTLMTU/Projects/07_VFD Tube Clocks/02_IV-12 & IV-22/IV-22 VFD Tube Clock V1.0/Non-Electrical/Objects/PCB Models/tube pin/1mm vfd tube pin.iges
11-20 19:59:58 com_github_MitjaNemec_Archive3DModels.archive_3d_models 150:Remapping: //DESKTOP-ARTLMTU/Projects/07_VFD Tube Clocks/02_IV-12 & IV-22/IV-22 VFD Tube Clock V1.0/Non-Electrical/Objects/PCB Models/tube pin/1mm vfd tube pin.iges
11-20 19:59:58 com_github_MitjaNemec_Archive3DModels.archive_3d_models 63:Trying to copy: //DESKTOP-ARTLMTU/Projects/07_VFD Tube Clocks/02_IV-12 & IV-22/IV-22 VFD Tube Clock V1.0/Non-Electrical/Objects/PCB Models/tube pin/1mm vfd tube pin.iges
11-20 19:59:58 com_github_MitjaNemec_Archive3DModels.archive_3d_models 146:Did not copy: //DESKTOP-ARTLMTU/Projects/07_VFD Tube Clocks/02_IV-12 & IV-22/IV-22 VFD Tube Clock V1.0/Non-Electrical/Objects/PCB Models/tube pin/1mm vfd tube pin.iges
11-20 19:59:58 com_github_MitjaNemec_Archive3DModels.archive_3d_models 150:Remapping: //DESKTOP-ARTLMTU/Projects/07_VFD Tube Clocks/02_IV-12 & IV-22/IV-22 VFD Tube Clock V1.0/Non-Electrical/Objects/PCB Models/tube pin/1mm vfd tube pin.iges
11-20 19:59:58 com_github_MitjaNemec_Archive3DModels.archive_3d_models 63:Trying to copy: //DESKTOP-ARTLMTU/Projects/07_VFD Tube Clocks/02_IV-12 & IV-22/IV-22 VFD Tube Clock V1.0/Non-Electrical/Objects/PCB Models/tube pin/1mm vfd tube pin.iges
11-20 19:59:58 com_github_MitjaNemec_Archive3DModels.archive_3d_models 146:Did not copy: //DESKTOP-ARTLMTU/Projects/07_VFD Tube Clocks/02_IV-12 & IV-22/IV-22 VFD Tube Clock V1.0/Non-Electrical/Objects/PCB Models/tube pin/1mm vfd tube pin.iges
11-20 19:59:58 com_github_MitjaNemec_Archive3DModels.archive_3d_models 150:Remapping: //DESKTOP-ARTLMTU/Projects/07_VFD Tube Clocks/02_IV-12 & IV-22/IV-22 VFD Tube Clock V1.0/Non-Electrical/Objects/PCB Models/tube pin/1mm vfd tube pin.iges
11-20 19:59:58 com_github_MitjaNemec_Archive3DModels.archive_3d_models 63:Trying to copy: //DESKTOP-ARTLMTU/Projects/07_VFD Tube Clocks/02_IV-12 & IV-22/IV-22 VFD Tube Clock V1.0/Non-Electrical/Objects/PCB Models/tube pin/1mm vfd tube pin.iges
11-20 19:59:58 com_github_MitjaNemec_Archive3DModels.archive_3d_models 146:Did not copy: //DESKTOP-ARTLMTU/Projects/07_VFD Tube Clocks/02_IV-12 & IV-22/IV-22 VFD Tube Clock V1.0/Non-Electrical/Objects/PCB Models/tube pin/1mm vfd tube pin.iges
11-20 19:59:58 com_github_MitjaNemec_Archive3DModels.archive_3d_models 150:Remapping: //DESKTOP-ARTLMTU/Projects/07_VFD Tube Clocks/02_IV-12 & IV-22/IV-22 VFD Tube Clock V1.0/Non-Electrical/Objects/PCB Models/tube pin/1mm vfd tube pin.iges
11-20 19:59:58 com_github_MitjaNemec_Archive3DModels.archive_3d_models 63:Trying to copy: //DESKTOP-ARTLMTU/Projects/07_VFD Tube Clocks/02_IV-12 & IV-22/IV-22 VFD Tube Clock V1.0/Non-Electrical/Objects/PCB Models/tube pin/1mm vfd tube pin.iges
11-20 19:59:58 com_github_MitjaNemec_Archive3DModels.archive_3d_models 146:Did not copy: //DESKTOP-ARTLMTU/Projects/07_VFD Tube Clocks/02_IV-12 & IV-22/IV-22 VFD Tube Clock V1.0/Non-Electrical/Objects/PCB Models/tube pin/1mm vfd tube pin.iges
11-20 19:59:58 com_github_MitjaNemec_Archive3DModels.archive_3d_models 150:Remapping: //DESKTOP-ARTLMTU/Projects/07_VFD Tube Clocks/02_IV-12 & IV-22/IV-22 VFD Tube Clock V1.0/Non-Electrical/Objects/PCB Models/tube pin/1mm vfd tube pin.iges
11-20 19:59:58 com_github_MitjaNemec_Archive3DModels.archive_3d_models 51:Getting 3D models for footprint of: T11
11-20 19:59:58 com_github_MitjaNemec_Archive3DModels.archive_3d_models 63:Trying to copy: G:/My Drive/Projects (GDrive)/31_My First Nixie Clock/01_My First Nixie Clock/Reference/ins-1 schematic symbol/3D/INS-1.STEP
11-20 19:59:58 com_github_MitjaNemec_Archive3DModels.archive_3d_models 150:Remapping: G:/My Drive/Projects (GDrive)/31_My First Nixie Clock/01_My First Nixie Clock/Reference/ins-1 schematic symbol/3D/INS-1.STEP
11-20 19:59:58 com_github_MitjaNemec_Archive3DModels.archive_3d_models 51:Getting 3D models for footprint of: REF**
11-20 19:59:58 com_github_MitjaNemec_Archive3DModels.archive_3d_models 51:Getting 3D models for footprint of: H1
11-20 19:59:58 com_github_MitjaNemec_Archive3DModels.archive_3d_models 51:Getting 3D models for footprint of: T8
11-20 19:59:58 com_github_MitjaNemec_Archive3DModels.archive_3d_models 63:Trying to copy: G:/My Drive/Projects (GDrive)/31_My First Nixie Clock/01_My First Nixie Clock/Reference/ins-1 schematic symbol/3D/INS-1.STEP
11-20 19:59:58 com_github_MitjaNemec_Archive3DModels.archive_3d_models 150:Remapping: G:/My Drive/Projects (GDrive)/31_My First Nixie Clock/01_My First Nixie Clock/Reference/ins-1 schematic symbol/3D/INS-1.STEP
11-20 19:59:58 com_github_MitjaNemec_Archive3DModels.archive_3d_models 51:Getting 3D models for footprint of: T12
11-20 19:59:58 com_github_MitjaNemec_Archive3DModels.archive_3d_models 63:Trying to copy: G:/My Drive/Projects (GDrive)/31_My First Nixie Clock/01_My First Nixie Clock/Reference/ins-1 schematic symbol/3D/INS-1.STEP
11-20 19:59:58 com_github_MitjaNemec_Archive3DModels.archive_3d_models 150:Remapping: G:/My Drive/Projects (GDrive)/31_My First Nixie Clock/01_My First Nixie Clock/Reference/ins-1 schematic symbol/3D/INS-1.STEP
11-20 19:59:58 com_github_MitjaNemec_Archive3DModels.archive_3d_models 51:Getting 3D models for footprint of: REF**
11-20 19:59:58 com_github_MitjaNemec_Archive3DModels.archive_3d_models 51:Getting 3D models for footprint of: U6
11-20 19:59:58 com_github_MitjaNemec_Archive3DModels.archive_3d_models 63:Trying to copy: G:/My Drive/Projects (GDrive)/00_General Kicad/Library Dump 1/3D/TPIC6B595DWR.stp
11-20 19:59:58 com_github_MitjaNemec_Archive3DModels.archive_3d_models 150:Remapping: G:/My Drive/Projects (GDrive)/00_General Kicad/Library Dump 1/3D/TPIC6B595DWR.stp
11-20 19:59:58 com_github_MitjaNemec_Archive3DModels.archive_3d_models 51:Getting 3D models for footprint of: U2
11-20 19:59:58 com_github_MitjaNemec_Archive3DModels.archive_3d_models 63:Trying to copy: G:/My Drive/Projects (GDrive)/00_General Kicad/Library Dump 1/3D/TPIC6B595DWR.stp
11-20 19:59:59 com_github_MitjaNemec_Archive3DModels.archive_3d_models 150:Remapping: G:/My Drive/Projects (GDrive)/00_General Kicad/Library Dump 1/3D/TPIC6B595DWR.stp
11-20 19:59:59 com_github_MitjaNemec_Archive3DModels.archive_3d_models 51:Getting 3D models for footprint of: U5
11-20 19:59:59 com_github_MitjaNemec_Archive3DModels.archive_3d_models 63:Trying to copy: G:/My Drive/Projects (GDrive)/00_General Kicad/Library Dump 1/3D/TPIC6B595DWR.stp
11-20 19:59:59 com_github_MitjaNemec_Archive3DModels.archive_3d_models 150:Remapping: G:/My Drive/Projects (GDrive)/00_General Kicad/Library Dump 1/3D/TPIC6B595DWR.stp
11-20 19:59:59 com_github_MitjaNemec_Archive3DModels.archive_3d_models 51:Getting 3D models for footprint of: U1
11-20 19:59:59 com_github_MitjaNemec_Archive3DModels.archive_3d_models 63:Trying to copy: G:/My Drive/Projects (GDrive)/00_General Kicad/Library Dump 1/3D/TPIC6B595DWR.stp
11-20 19:59:59 com_github_MitjaNemec_Archive3DModels.archive_3d_models 150:Remapping: G:/My Drive/Projects (GDrive)/00_General Kicad/Library Dump 1/3D/TPIC6B595DWR.stp
11-20 19:59:59 com_github_MitjaNemec_Archive3DModels.archive_3d_models 51:Getting 3D models for footprint of: U4
11-20 19:59:59 com_github_MitjaNemec_Archive3DModels.archive_3d_models 63:Trying to copy: G:/My Drive/Projects (GDrive)/00_General Kicad/Library Dump 1/3D/TPIC6B595DWR.stp
11-20 19:59:59 com_github_MitjaNemec_Archive3DModels.archive_3d_models 150:Remapping: G:/My Drive/Projects (GDrive)/00_General Kicad/Library Dump 1/3D/TPIC6B595DWR.stp
11-20 19:59:59 com_github_MitjaNemec_Archive3DModels.archive_3d_models 51:Getting 3D models for footprint of: REF**
11-20 19:59:59 com_github_MitjaNemec_Archive3DModels.archive_3d_models 51:Getting 3D models for footprint of: T5
11-20 19:59:59 com_github_MitjaNemec_Archive3DModels.archive_3d_models 63:Trying to copy: //DESKTOP-ARTLMTU/Projects/07_VFD Tube Clocks/02_IV-12 & IV-22/IV-22 VFD Tube Clock V1.0/Non-Electrical/Objects/PCB Models/IN-12A/IN-12A.igs
11-20 19:59:59 com_github_MitjaNemec_Archive3DModels.archive_3d_models 150:Remapping: //DESKTOP-ARTLMTU/Projects/07_VFD Tube Clocks/02_IV-12 & IV-22/IV-22 VFD Tube Clock V1.0/Non-Electrical/Objects/PCB Models/IN-12A/IN-12A.igs
11-20 19:59:59 com_github_MitjaNemec_Archive3DModels.archive_3d_models 63:Trying to copy: //DESKTOP-ARTLMTU/Projects/07_VFD Tube Clocks/02_IV-12 & IV-22/IV-22 VFD Tube Clock V1.0/Non-Electrical/Objects/PCB Models/tube pin/1mm vfd tube pin.iges
11-20 19:59:59 com_github_MitjaNemec_Archive3DModels.archive_3d_models 146:Did not copy: //DESKTOP-ARTLMTU/Projects/07_VFD Tube Clocks/02_IV-12 & IV-22/IV-22 VFD Tube Clock V1.0/Non-Electrical/Objects/PCB Models/tube pin/1mm vfd tube pin.iges
11-20 19:59:59 com_github_MitjaNemec_Archive3DModels.archive_3d_models 150:Remapping: //DESKTOP-ARTLMTU/Projects/07_VFD Tube Clocks/02_IV-12 & IV-22/IV-22 VFD Tube Clock V1.0/Non-Electrical/Objects/PCB Models/tube pin/1mm vfd tube pin.iges
11-20 19:59:59 com_github_MitjaNemec_Archive3DModels.archive_3d_models 63:Trying to copy: //DESKTOP-ARTLMTU/Projects/07_VFD Tube Clocks/02_IV-12 & IV-22/IV-22 VFD Tube Clock V1.0/Non-Electrical/Objects/PCB Models/tube pin/1mm vfd tube pin.iges
11-20 20:00:00 com_github_MitjaNemec_Archive3DModels.archive_3d_models 146:Did not copy: //DESKTOP-ARTLMTU/Projects/07_VFD Tube Clocks/02_IV-12 & IV-22/IV-22 VFD Tube Clock V1.0/Non-Electrical/Objects/PCB Models/tube pin/1mm vfd tube pin.iges
11-20 20:00:00 com_github_MitjaNemec_Archive3DModels.archive_3d_models 150:Remapping: //DESKTOP-ARTLMTU/Projects/07_VFD Tube Clocks/02_IV-12 & IV-22/IV-22 VFD Tube Clock V1.0/Non-Electrical/Objects/PCB Models/tube pin/1mm vfd tube pin.iges
11-20 20:00:00 com_github_MitjaNemec_Archive3DModels.archive_3d_models 63:Trying to copy: //DESKTOP-ARTLMTU/Projects/07_VFD Tube Clocks/02_IV-12 & IV-22/IV-22 VFD Tube Clock V1.0/Non-Electrical/Objects/PCB Models/tube pin/1mm vfd tube pin.iges
11-20 20:00:00 com_github_MitjaNemec_Archive3DModels.archive_3d_models 146:Did not copy: //DESKTOP-ARTLMTU/Projects/07_VFD Tube Clocks/02_IV-12 & IV-22/IV-22 VFD Tube Clock V1.0/Non-Electrical/Objects/PCB Models/tube pin/1mm vfd tube pin.iges
11-20 20:00:00 com_github_MitjaNemec_Archive3DModels.archive_3d_models 150:Remapping: //DESKTOP-ARTLMTU/Projects/07_VFD Tube Clocks/02_IV-12 & IV-22/IV-22 VFD Tube Clock V1.0/Non-Electrical/Objects/PCB Models/tube pin/1mm vfd tube pin.iges
11-20 20:00:00 com_github_MitjaNemec_Archive3DModels.archive_3d_models 63:Trying to copy: //DESKTOP-ARTLMTU/Projects/07_VFD Tube Clocks/02_IV-12 & IV-22/IV-22 VFD Tube Clock V1.0/Non-Electrical/Objects/PCB Models/tube pin/1mm vfd tube pin.iges
11-20 20:00:00 com_github_MitjaNemec_Archive3DModels.archive_3d_models 146:Did not copy: //DESKTOP-ARTLMTU/Projects/07_VFD Tube Clocks/02_IV-12 & IV-22/IV-22 VFD Tube Clock V1.0/Non-Electrical/Objects/PCB Models/tube pin/1mm vfd tube pin.iges
11-20 20:00:00 com_github_MitjaNemec_Archive3DModels.archive_3d_models 150:Remapping: //DESKTOP-ARTLMTU/Projects/07_VFD Tube Clocks/02_IV-12 & IV-22/IV-22 VFD Tube Clock V1.0/Non-Electrical/Objects/PCB Models/tube pin/1mm vfd tube pin.iges
11-20 20:00:00 com_github_MitjaNemec_Archive3DModels.archive_3d_models 63:Trying to copy: //DESKTOP-ARTLMTU/Projects/07_VFD Tube Clocks/02_IV-12 & IV-22/IV-22 VFD Tube Clock V1.0/Non-Electrical/Objects/PCB Models/tube pin/1mm vfd tube pin.iges
11-20 20:00:00 com_github_MitjaNemec_Archive3DModels.archive_3d_models 146:Did not copy: //DESKTOP-ARTLMTU/Projects/07_VFD Tube Clocks/02_IV-12 & IV-22/IV-22 VFD Tube Clock V1.0/Non-Electrical/Objects/PCB Models/tube pin/1mm vfd tube pin.iges
11-20 20:00:00 com_github_MitjaNemec_Archive3DModels.archive_3d_models 150:Remapping: //DESKTOP-ARTLMTU/Projects/07_VFD Tube Clocks/02_IV-12 & IV-22/IV-22 VFD Tube Clock V1.0/Non-Electrical/Objects/PCB Models/tube pin/1mm vfd tube pin.iges
11-20 20:00:00 com_github_MitjaNemec_Archive3DModels.archive_3d_models 63:Trying to copy: //DESKTOP-ARTLMTU/Projects/07_VFD Tube Clocks/02_IV-12 & IV-22/IV-22 VFD Tube Clock V1.0/Non-Electrical/Objects/PCB Models/tube pin/1mm vfd tube pin.iges
11-20 20:00:00 com_github_MitjaNemec_Archive3DModels.archive_3d_models 146:Did not copy: //DESKTOP-ARTLMTU/Projects/07_VFD Tube Clocks/02_IV-12 & IV-22/IV-22 VFD Tube Clock V1.0/Non-Electrical/Objects/PCB Models/tube pin/1mm vfd tube pin.iges
11-20 20:00:00 com_github_MitjaNemec_Archive3DModels.archive_3d_models 150:Remapping: //DESKTOP-ARTLMTU/Projects/07_VFD Tube Clocks/02_IV-12 & IV-22/IV-22 VFD Tube Clock V1.0/Non-Electrical/Objects/PCB Models/tube pin/1mm vfd tube pin.iges
11-20 20:00:00 com_github_MitjaNemec_Archive3DModels.archive_3d_models 63:Trying to copy: //DESKTOP-ARTLMTU/Projects/07_VFD Tube Clocks/02_IV-12 & IV-22/IV-22 VFD Tube Clock V1.0/Non-Electrical/Objects/PCB Models/tube pin/1mm vfd tube pin.iges
11-20 20:00:00 com_github_MitjaNemec_Archive3DModels.archive_3d_models 146:Did not copy: //DESKTOP-ARTLMTU/Projects/07_VFD Tube Clocks/02_IV-12 & IV-22/IV-22 VFD Tube Clock V1.0/Non-Electrical/Objects/PCB Models/tube pin/1mm vfd tube pin.iges
11-20 20:00:00 com_github_MitjaNemec_Archive3DModels.archive_3d_models 150:Remapping: //DESKTOP-ARTLMTU/Projects/07_VFD Tube Clocks/02_IV-12 & IV-22/IV-22 VFD Tube Clock V1.0/Non-Electrical/Objects/PCB Models/tube pin/1mm vfd tube pin.iges
11-20 20:00:00 com_github_MitjaNemec_Archive3DModels.archive_3d_models 63:Trying to copy: //DESKTOP-ARTLMTU/Projects/07_VFD Tube Clocks/02_IV-12 & IV-22/IV-22 VFD Tube Clock V1.0/Non-Electrical/Objects/PCB Models/tube pin/1mm vfd tube pin.iges
11-20 20:00:00 com_github_MitjaNemec_Archive3DModels.archive_3d_models 146:Did not copy: //DESKTOP-ARTLMTU/Projects/07_VFD Tube Clocks/02_IV-12 & IV-22/IV-22 VFD Tube Clock V1.0/Non-Electrical/Objects/PCB Models/tube pin/1mm vfd tube pin.iges
11-20 20:00:00 com_github_MitjaNemec_Archive3DModels.archive_3d_models 150:Remapping: //DESKTOP-ARTLMTU/Projects/07_VFD Tube Clocks/02_IV-12 & IV-22/IV-22 VFD Tube Clock V1.0/Non-Electrical/Objects/PCB Models/tube pin/1mm vfd tube pin.iges
11-20 20:00:00 com_github_MitjaNemec_Archive3DModels.archive_3d_models 63:Trying to copy: //DESKTOP-ARTLMTU/Projects/07_VFD Tube Clocks/02_IV-12 & IV-22/IV-22 VFD Tube Clock V1.0/Non-Electrical/Objects/PCB Models/tube pin/1mm vfd tube pin.iges
11-20 20:00:00 com_github_MitjaNemec_Archive3DModels.archive_3d_models 146:Did not copy: //DESKTOP-ARTLMTU/Projects/07_VFD Tube Clocks/02_IV-12 & IV-22/IV-22 VFD Tube Clock V1.0/Non-Electrical/Objects/PCB Models/tube pin/1mm vfd tube pin.iges
11-20 20:00:00 com_github_MitjaNemec_Archive3DModels.archive_3d_models 150:Remapping: //DESKTOP-ARTLMTU/Projects/07_VFD Tube Clocks/02_IV-12 & IV-22/IV-22 VFD Tube Clock V1.0/Non-Electrical/Objects/PCB Models/tube pin/1mm vfd tube pin.iges
11-20 20:00:00 com_github_MitjaNemec_Archive3DModels.archive_3d_models 63:Trying to copy: //DESKTOP-ARTLMTU/Projects/07_VFD Tube Clocks/02_IV-12 & IV-22/IV-22 VFD Tube Clock V1.0/Non-Electrical/Objects/PCB Models/tube pin/1mm vfd tube pin.iges
11-20 20:00:00 com_github_MitjaNemec_Archive3DModels.archive_3d_models 146:Did not copy: //DESKTOP-ARTLMTU/Projects/07_VFD Tube Clocks/02_IV-12 & IV-22/IV-22 VFD Tube Clock V1.0/Non-Electrical/Objects/PCB Models/tube pin/1mm vfd tube pin.iges
11-20 20:00:00 com_github_MitjaNemec_Archive3DModels.archive_3d_models 150:Remapping: //DESKTOP-ARTLMTU/Projects/07_VFD Tube Clocks/02_IV-12 & IV-22/IV-22 VFD Tube Clock V1.0/Non-Electrical/Objects/PCB Models/tube pin/1mm vfd tube pin.iges
11-20 20:00:00 com_github_MitjaNemec_Archive3DModels.archive_3d_models 63:Trying to copy: //DESKTOP-ARTLMTU/Projects/07_VFD Tube Clocks/02_IV-12 & IV-22/IV-22 VFD Tube Clock V1.0/Non-Electrical/Objects/PCB Models/tube pin/1mm vfd tube pin.iges
11-20 20:00:00 com_github_MitjaNemec_Archive3DModels.archive_3d_models 146:Did not copy: //DESKTOP-ARTLMTU/Projects/07_VFD Tube Clocks/02_IV-12 & IV-22/IV-22 VFD Tube Clock V1.0/Non-Electrical/Objects/PCB Models/tube pin/1mm vfd tube pin.iges
11-20 20:00:00 com_github_MitjaNemec_Archive3DModels.archive_3d_models 150:Remapping: //DESKTOP-ARTLMTU/Projects/07_VFD Tube Clocks/02_IV-12 & IV-22/IV-22 VFD Tube Clock V1.0/Non-Electrical/Objects/PCB Models/tube pin/1mm vfd tube pin.iges
11-20 20:00:00 com_github_MitjaNemec_Archive3DModels.archive_3d_models 63:Trying to copy: //DESKTOP-ARTLMTU/Projects/07_VFD Tube Clocks/02_IV-12 & IV-22/IV-22 VFD Tube Clock V1.0/Non-Electrical/Objects/PCB Models/tube pin/1mm vfd tube pin.iges
11-20 20:00:00 com_github_MitjaNemec_Archive3DModels.archive_3d_models 146:Did not copy: //DESKTOP-ARTLMTU/Projects/07_VFD Tube Clocks/02_IV-12 & IV-22/IV-22 VFD Tube Clock V1.0/Non-Electrical/Objects/PCB Models/tube pin/1mm vfd tube pin.iges
11-20 20:00:00 com_github_MitjaNemec_Archive3DModels.archive_3d_models 150:Remapping: //DESKTOP-ARTLMTU/Projects/07_VFD Tube Clocks/02_IV-12 & IV-22/IV-22 VFD Tube Clock V1.0/Non-Electrical/Objects/PCB Models/tube pin/1mm vfd tube pin.iges
11-20 20:00:00 com_github_MitjaNemec_Archive3DModels.archive_3d_models 51:Getting 3D models for footprint of: T1
11-20 20:00:00 com_github_MitjaNemec_Archive3DModels.archive_3d_models 63:Trying to copy: //DESKTOP-ARTLMTU/Projects/07_VFD Tube Clocks/02_IV-12 & IV-22/IV-22 VFD Tube Clock V1.0/Non-Electrical/Objects/PCB Models/IN-12A/IN-12A.igs
11-20 20:00:00 com_github_MitjaNemec_Archive3DModels.archive_3d_models 150:Remapping: //DESKTOP-ARTLMTU/Projects/07_VFD Tube Clocks/02_IV-12 & IV-22/IV-22 VFD Tube Clock V1.0/Non-Electrical/Objects/PCB Models/IN-12A/IN-12A.igs
11-20 20:00:00 com_github_MitjaNemec_Archive3DModels.archive_3d_models 63:Trying to copy: //DESKTOP-ARTLMTU/Projects/07_VFD Tube Clocks/02_IV-12 & IV-22/IV-22 VFD Tube Clock V1.0/Non-Electrical/Objects/PCB Models/tube pin/1mm vfd tube pin.iges
11-20 20:00:00 com_github_MitjaNemec_Archive3DModels.archive_3d_models 146:Did not copy: //DESKTOP-ARTLMTU/Projects/07_VFD Tube Clocks/02_IV-12 & IV-22/IV-22 VFD Tube Clock V1.0/Non-Electrical/Objects/PCB Models/tube pin/1mm vfd tube pin.iges
11-20 20:00:00 com_github_MitjaNemec_Archive3DModels.archive_3d_models 150:Remapping: //DESKTOP-ARTLMTU/Projects/07_VFD Tube Clocks/02_IV-12 & IV-22/IV-22 VFD Tube Clock V1.0/Non-Electrical/Objects/PCB Models/tube pin/1mm vfd tube pin.iges
11-20 20:00:00 com_github_MitjaNemec_Archive3DModels.archive_3d_models 63:Trying to copy: //DESKTOP-ARTLMTU/Projects/07_VFD Tube Clocks/02_IV-12 & IV-22/IV-22 VFD Tube Clock V1.0/Non-Electrical/Objects/PCB Models/tube pin/1mm vfd tube pin.iges
11-20 20:00:00 com_github_MitjaNemec_Archive3DModels.archive_3d_models 146:Did not copy: //DESKTOP-ARTLMTU/Projects/07_VFD Tube Clocks/02_IV-12 & IV-22/IV-22 VFD Tube Clock V1.0/Non-Electrical/Objects/PCB Models/tube pin/1mm vfd tube pin.iges
11-20 20:00:00 com_github_MitjaNemec_Archive3DModels.archive_3d_models 150:Remapping: //DESKTOP-ARTLMTU/Projects/07_VFD Tube Clocks/02_IV-12 & IV-22/IV-22 VFD Tube Clock V1.0/Non-Electrical/Objects/PCB Models/tube pin/1mm vfd tube pin.iges
11-20 20:00:00 com_github_MitjaNemec_Archive3DModels.archive_3d_models 63:Trying to copy: //DESKTOP-ARTLMTU/Projects/07_VFD Tube Clocks/02_IV-12 & IV-22/IV-22 VFD Tube Clock V1.0/Non-Electrical/Objects/PCB Models/tube pin/1mm vfd tube pin.iges
11-20 20:00:00 com_github_MitjaNemec_Archive3DModels.archive_3d_models 146:Did not copy: //DESKTOP-ARTLMTU/Projects/07_VFD Tube Clocks/02_IV-12 & IV-22/IV-22 VFD Tube Clock V1.0/Non-Electrical/Objects/PCB Models/tube pin/1mm vfd tube pin.iges
11-20 20:00:00 com_github_MitjaNemec_Archive3DModels.archive_3d_models 150:Remapping: //DESKTOP-ARTLMTU/Projects/07_VFD Tube Clocks/02_IV-12 & IV-22/IV-22 VFD Tube Clock V1.0/Non-Electrical/Objects/PCB Models/tube pin/1mm vfd tube pin.iges
11-20 20:00:00 com_github_MitjaNemec_Archive3DModels.archive_3d_models 63:Trying to copy: //DESKTOP-ARTLMTU/Projects/07_VFD Tube Clocks/02_IV-12 & IV-22/IV-22 VFD Tube Clock V1.0/Non-Electrical/Objects/PCB Models/tube pin/1mm vfd tube pin.iges
11-20 20:00:00 com_github_MitjaNemec_Archive3DModels.archive_3d_models 146:Did not copy: //DESKTOP-ARTLMTU/Projects/07_VFD Tube Clocks/02_IV-12 & IV-22/IV-22 VFD Tube Clock V1.0/Non-Electrical/Objects/PCB Models/tube pin/1mm vfd tube pin.iges
11-20 20:00:00 com_github_MitjaNemec_Archive3DModels.archive_3d_models 150:Remapping: //DESKTOP-ARTLMTU/Projects/07_VFD Tube Clocks/02_IV-12 & IV-22/IV-22 VFD Tube Clock V1.0/Non-Electrical/Objects/PCB Models/tube pin/1mm vfd tube pin.iges
11-20 20:00:00 com_github_MitjaNemec_Archive3DModels.archive_3d_models 63:Trying to copy: //DESKTOP-ARTLMTU/Projects/07_VFD Tube Clocks/02_IV-12 & IV-22/IV-22 VFD Tube Clock V1.0/Non-Electrical/Objects/PCB Models/tube pin/1mm vfd tube pin.iges
11-20 20:00:00 com_github_MitjaNemec_Archive3DModels.archive_3d_models 146:Did not copy: //DESKTOP-ARTLMTU/Projects/07_VFD Tube Clocks/02_IV-12 & IV-22/IV-22 VFD Tube Clock V1.0/Non-Electrical/Objects/PCB Models/tube pin/1mm vfd tube pin.iges
11-20 20:00:00 com_github_MitjaNemec_Archive3DModels.archive_3d_models 150:Remapping: //DESKTOP-ARTLMTU/Projects/07_VFD Tube Clocks/02_IV-12 & IV-22/IV-22 VFD Tube Clock V1.0/Non-Electrical/Objects/PCB Models/tube pin/1mm vfd tube pin.iges
11-20 20:00:00 com_github_MitjaNemec_Archive3DModels.archive_3d_models 63:Trying to copy: //DESKTOP-ARTLMTU/Projects/07_VFD Tube Clocks/02_IV-12 & IV-22/IV-22 VFD Tube Clock V1.0/Non-Electrical/Objects/PCB Models/tube pin/1mm vfd tube pin.iges
11-20 20:00:00 com_github_MitjaNemec_Archive3DModels.archive_3d_models 146:Did not copy: //DESKTOP-ARTLMTU/Projects/07_VFD Tube Clocks/02_IV-12 & IV-22/IV-22 VFD Tube Clock V1.0/Non-Electrical/Objects/PCB Models/tube pin/1mm vfd tube pin.iges
11-20 20:00:00 com_github_MitjaNemec_Archive3DModels.archive_3d_models 150:Remapping: //DESKTOP-ARTLMTU/Projects/07_VFD Tube Clocks/02_IV-12 & IV-22/IV-22 VFD Tube Clock V1.0/Non-Electrical/Objects/PCB Models/tube pin/1mm vfd tube pin.iges
11-20 20:00:00 com_github_MitjaNemec_Archive3DModels.archive_3d_models 63:Trying to copy: //DESKTOP-ARTLMTU/Projects/07_VFD Tube Clocks/02_IV-12 & IV-22/IV-22 VFD Tube Clock V1.0/Non-Electrical/Objects/PCB Models/tube pin/1mm vfd tube pin.iges
11-20 20:00:00 com_github_MitjaNemec_Archive3DModels.archive_3d_models 146:Did not copy: //DESKTOP-ARTLMTU/Projects/07_VFD Tube Clocks/02_IV-12 & IV-22/IV-22 VFD Tube Clock V1.0/Non-Electrical/Objects/PCB Models/tube pin/1mm vfd tube pin.iges
11-20 20:00:00 com_github_MitjaNemec_Archive3DModels.archive_3d_models 150:Remapping: //DESKTOP-ARTLMTU/Projects/07_VFD Tube Clocks/02_IV-12 & IV-22/IV-22 VFD Tube Clock V1.0/Non-Electrical/Objects/PCB Models/tube pin/1mm vfd tube pin.iges
11-20 20:00:00 com_github_MitjaNemec_Archive3DModels.archive_3d_models 63:Trying to copy: //DESKTOP-ARTLMTU/Projects/07_VFD Tube Clocks/02_IV-12 & IV-22/IV-22 VFD Tube Clock V1.0/Non-Electrical/Objects/PCB Models/tube pin/1mm vfd tube pin.iges
11-20 20:00:00 com_github_MitjaNemec_Archive3DModels.archive_3d_models 146:Did not copy: //DESKTOP-ARTLMTU/Projects/07_VFD Tube Clocks/02_IV-12 & IV-22/IV-22 VFD Tube Clock V1.0/Non-Electrical/Objects/PCB Models/tube pin/1mm vfd tube pin.iges
11-20 20:00:00 com_github_MitjaNemec_Archive3DModels.archive_3d_models 150:Remapping: //DESKTOP-ARTLMTU/Projects/07_VFD Tube Clocks/02_IV-12 & IV-22/IV-22 VFD Tube Clock V1.0/Non-Electrical/Objects/PCB Models/tube pin/1mm vfd tube pin.iges
11-20 20:00:00 com_github_MitjaNemec_Archive3DModels.archive_3d_models 63:Trying to copy: //DESKTOP-ARTLMTU/Projects/07_VFD Tube Clocks/02_IV-12 & IV-22/IV-22 VFD Tube Clock V1.0/Non-Electrical/Objects/PCB Models/tube pin/1mm vfd tube pin.iges
11-20 20:00:00 com_github_MitjaNemec_Archive3DModels.archive_3d_models 146:Did not copy: //DESKTOP-ARTLMTU/Projects/07_VFD Tube Clocks/02_IV-12 & IV-22/IV-22 VFD Tube Clock V1.0/Non-Electrical/Objects/PCB Models/tube pin/1mm vfd tube pin.iges
11-20 20:00:00 com_github_MitjaNemec_Archive3DModels.archive_3d_models 150:Remapping: //DESKTOP-ARTLMTU/Projects/07_VFD Tube Clocks/02_IV-12 & IV-22/IV-22 VFD Tube Clock V1.0/Non-Electrical/Objects/PCB Models/tube pin/1mm vfd tube pin.iges
11-20 20:00:00 com_github_MitjaNemec_Archive3DModels.archive_3d_models 63:Trying to copy: //DESKTOP-ARTLMTU/Projects/07_VFD Tube Clocks/02_IV-12 & IV-22/IV-22 VFD Tube Clock V1.0/Non-Electrical/Objects/PCB Models/tube pin/1mm vfd tube pin.iges
11-20 20:00:00 com_github_MitjaNemec_Archive3DModels.archive_3d_models 146:Did not copy: //DESKTOP-ARTLMTU/Projects/07_VFD Tube Clocks/02_IV-12 & IV-22/IV-22 VFD Tube Clock V1.0/Non-Electrical/Objects/PCB Models/tube pin/1mm vfd tube pin.iges
11-20 20:00:00 com_github_MitjaNemec_Archive3DModels.archive_3d_models 150:Remapping: //DESKTOP-ARTLMTU/Projects/07_VFD Tube Clocks/02_IV-12 & IV-22/IV-22 VFD Tube Clock V1.0/Non-Electrical/Objects/PCB Models/tube pin/1mm vfd tube pin.iges
11-20 20:00:00 com_github_MitjaNemec_Archive3DModels.archive_3d_models 63:Trying to copy: //DESKTOP-ARTLMTU/Projects/07_VFD Tube Clocks/02_IV-12 & IV-22/IV-22 VFD Tube Clock V1.0/Non-Electrical/Objects/PCB Models/tube pin/1mm vfd tube pin.iges
11-20 20:00:00 com_github_MitjaNemec_Archive3DModels.archive_3d_models 146:Did not copy: //DESKTOP-ARTLMTU/Projects/07_VFD Tube Clocks/02_IV-12 & IV-22/IV-22 VFD Tube Clock V1.0/Non-Electrical/Objects/PCB Models/tube pin/1mm vfd tube pin.iges
11-20 20:00:00 com_github_MitjaNemec_Archive3DModels.archive_3d_models 150:Remapping: //DESKTOP-ARTLMTU/Projects/07_VFD Tube Clocks/02_IV-12 & IV-22/IV-22 VFD Tube Clock V1.0/Non-Electrical/Objects/PCB Models/tube pin/1mm vfd tube pin.iges
11-20 20:00:00 com_github_MitjaNemec_Archive3DModels.archive_3d_models 63:Trying to copy: //DESKTOP-ARTLMTU/Projects/07_VFD Tube Clocks/02_IV-12 & IV-22/IV-22 VFD Tube Clock V1.0/Non-Electrical/Objects/PCB Models/tube pin/1mm vfd tube pin.iges
11-20 20:00:00 com_github_MitjaNemec_Archive3DModels.archive_3d_models 146:Did not copy: //DESKTOP-ARTLMTU/Projects/07_VFD Tube Clocks/02_IV-12 & IV-22/IV-22 VFD Tube Clock V1.0/Non-Electrical/Objects/PCB Models/tube pin/1mm vfd tube pin.iges
11-20 20:00:00 com_github_MitjaNemec_Archive3DModels.archive_3d_models 150:Remapping: //DESKTOP-ARTLMTU/Projects/07_VFD Tube Clocks/02_IV-12 & IV-22/IV-22 VFD Tube Clock V1.0/Non-Electrical/Objects/PCB Models/tube pin/1mm vfd tube pin.iges
11-20 20:00:00 com_github_MitjaNemec_Archive3DModels.archive_3d_models 51:Getting 3D models for footprint of: T3
11-20 20:00:00 com_github_MitjaNemec_Archive3DModels.archive_3d_models 63:Trying to copy: G:/My Drive/Projects (GDrive)/31_My First Nixie Clock/01_My First Nixie Clock/Reference/ins-1 schematic symbol/3D/INS-1.STEP
11-20 20:00:00 com_github_MitjaNemec_Archive3DModels.archive_3d_models 150:Remapping: G:/My Drive/Projects (GDrive)/31_My First Nixie Clock/01_My First Nixie Clock/Reference/ins-1 schematic symbol/3D/INS-1.STEP
11-20 20:00:00 com_github_MitjaNemec_Archive3DModels.archive_3d_models 51:Getting 3D models for footprint of: H2
11-20 20:00:00 com_github_MitjaNemec_Archive3DModels.archive_3d_models 51:Getting 3D models for footprint of: REF**
11-20 20:00:00 com_github_MitjaNemec_Archive3DModels.archive_3d_models 51:Getting 3D models for footprint of: T6
11-20 20:00:00 com_github_MitjaNemec_Archive3DModels.archive_3d_models 63:Trying to copy: //DESKTOP-ARTLMTU/Projects/07_VFD Tube Clocks/02_IV-12 & IV-22/IV-22 VFD Tube Clock V1.0/Non-Electrical/Objects/PCB Models/IN-12A/IN-12A.igs
11-20 20:00:01 com_github_MitjaNemec_Archive3DModels.archive_3d_models 150:Remapping: //DESKTOP-ARTLMTU/Projects/07_VFD Tube Clocks/02_IV-12 & IV-22/IV-22 VFD Tube Clock V1.0/Non-Electrical/Objects/PCB Models/IN-12A/IN-12A.igs
11-20 20:00:01 com_github_MitjaNemec_Archive3DModels.archive_3d_models 63:Trying to copy: //DESKTOP-ARTLMTU/Projects/07_VFD Tube Clocks/02_IV-12 & IV-22/IV-22 VFD Tube Clock V1.0/Non-Electrical/Objects/PCB Models/tube pin/1mm vfd tube pin.iges
11-20 20:00:01 com_github_MitjaNemec_Archive3DModels.archive_3d_models 146:Did not copy: //DESKTOP-ARTLMTU/Projects/07_VFD Tube Clocks/02_IV-12 & IV-22/IV-22 VFD Tube Clock V1.0/Non-Electrical/Objects/PCB Models/tube pin/1mm vfd tube pin.iges
11-20 20:00:01 com_github_MitjaNemec_Archive3DModels.archive_3d_models 150:Remapping: //DESKTOP-ARTLMTU/Projects/07_VFD Tube Clocks/02_IV-12 & IV-22/IV-22 VFD Tube Clock V1.0/Non-Electrical/Objects/PCB Models/tube pin/1mm vfd tube pin.iges
11-20 20:00:01 com_github_MitjaNemec_Archive3DModels.archive_3d_models 63:Trying to copy: //DESKTOP-ARTLMTU/Projects/07_VFD Tube Clocks/02_IV-12 & IV-22/IV-22 VFD Tube Clock V1.0/Non-Electrical/Objects/PCB Models/tube pin/1mm vfd tube pin.iges
11-20 20:00:01 com_github_MitjaNemec_Archive3DModels.archive_3d_models 146:Did not copy: //DESKTOP-ARTLMTU/Projects/07_VFD Tube Clocks/02_IV-12 & IV-22/IV-22 VFD Tube Clock V1.0/Non-Electrical/Objects/PCB Models/tube pin/1mm vfd tube pin.iges
11-20 20:00:01 com_github_MitjaNemec_Archive3DModels.archive_3d_models 150:Remapping: //DESKTOP-ARTLMTU/Projects/07_VFD Tube Clocks/02_IV-12 & IV-22/IV-22 VFD Tube Clock V1.0/Non-Electrical/Objects/PCB Models/tube pin/1mm vfd tube pin.iges
11-20 20:00:01 com_github_MitjaNemec_Archive3DModels.archive_3d_models 63:Trying to copy: //DESKTOP-ARTLMTU/Projects/07_VFD Tube Clocks/02_IV-12 & IV-22/IV-22 VFD Tube Clock V1.0/Non-Electrical/Objects/PCB Models/tube pin/1mm vfd tube pin.iges
11-20 20:00:01 com_github_MitjaNemec_Archive3DModels.archive_3d_models 146:Did not copy: //DESKTOP-ARTLMTU/Projects/07_VFD Tube Clocks/02_IV-12 & IV-22/IV-22 VFD Tube Clock V1.0/Non-Electrical/Objects/PCB Models/tube pin/1mm vfd tube pin.iges
11-20 20:00:01 com_github_MitjaNemec_Archive3DModels.archive_3d_models 150:Remapping: //DESKTOP-ARTLMTU/Projects/07_VFD Tube Clocks/02_IV-12 & IV-22/IV-22 VFD Tube Clock V1.0/Non-Electrical/Objects/PCB Models/tube pin/1mm vfd tube pin.iges
11-20 20:00:01 com_github_MitjaNemec_Archive3DModels.archive_3d_models 63:Trying to copy: //DESKTOP-ARTLMTU/Projects/07_VFD Tube Clocks/02_IV-12 & IV-22/IV-22 VFD Tube Clock V1.0/Non-Electrical/Objects/PCB Models/tube pin/1mm vfd tube pin.iges
11-20 20:00:01 com_github_MitjaNemec_Archive3DModels.archive_3d_models 146:Did not copy: //DESKTOP-ARTLMTU/Projects/07_VFD Tube Clocks/02_IV-12 & IV-22/IV-22 VFD Tube Clock V1.0/Non-Electrical/Objects/PCB Models/tube pin/1mm vfd tube pin.iges
11-20 20:00:01 com_github_MitjaNemec_Archive3DModels.archive_3d_models 150:Remapping: //DESKTOP-ARTLMTU/Projects/07_VFD Tube Clocks/02_IV-12 & IV-22/IV-22 VFD Tube Clock V1.0/Non-Electrical/Objects/PCB Models/tube pin/1mm vfd tube pin.iges
11-20 20:00:01 com_github_MitjaNemec_Archive3DModels.archive_3d_models 63:Trying to copy: //DESKTOP-ARTLMTU/Projects/07_VFD Tube Clocks/02_IV-12 & IV-22/IV-22 VFD Tube Clock V1.0/Non-Electrical/Objects/PCB Models/tube pin/1mm vfd tube pin.iges
11-20 20:00:01 com_github_MitjaNemec_Archive3DModels.archive_3d_models 146:Did not copy: //DESKTOP-ARTLMTU/Projects/07_VFD Tube Clocks/02_IV-12 & IV-22/IV-22 VFD Tube Clock V1.0/Non-Electrical/Objects/PCB Models/tube pin/1mm vfd tube pin.iges
11-20 20:00:01 com_github_MitjaNemec_Archive3DModels.archive_3d_models 150:Remapping: //DESKTOP-ARTLMTU/Projects/07_VFD Tube Clocks/02_IV-12 & IV-22/IV-22 VFD Tube Clock V1.0/Non-Electrical/Objects/PCB Models/tube pin/1mm vfd tube pin.iges
11-20 20:00:01 com_github_MitjaNemec_Archive3DModels.archive_3d_models 63:Trying to copy: //DESKTOP-ARTLMTU/Projects/07_VFD Tube Clocks/02_IV-12 & IV-22/IV-22 VFD Tube Clock V1.0/Non-Electrical/Objects/PCB Models/tube pin/1mm vfd tube pin.iges
11-20 20:00:01 com_github_MitjaNemec_Archive3DModels.archive_3d_models 146:Did not copy: //DESKTOP-ARTLMTU/Projects/07_VFD Tube Clocks/02_IV-12 & IV-22/IV-22 VFD Tube Clock V1.0/Non-Electrical/Objects/PCB Models/tube pin/1mm vfd tube pin.iges
11-20 20:00:01 com_github_MitjaNemec_Archive3DModels.archive_3d_models 150:Remapping: //DESKTOP-ARTLMTU/Projects/07_VFD Tube Clocks/02_IV-12 & IV-22/IV-22 VFD Tube Clock V1.0/Non-Electrical/Objects/PCB Models/tube pin/1mm vfd tube pin.iges
11-20 20:00:01 com_github_MitjaNemec_Archive3DModels.archive_3d_models 63:Trying to copy: //DESKTOP-ARTLMTU/Projects/07_VFD Tube Clocks/02_IV-12 & IV-22/IV-22 VFD Tube Clock V1.0/Non-Electrical/Objects/PCB Models/tube pin/1mm vfd tube pin.iges
11-20 20:00:01 com_github_MitjaNemec_Archive3DModels.archive_3d_models 146:Did not copy: //DESKTOP-ARTLMTU/Projects/07_VFD Tube Clocks/02_IV-12 & IV-22/IV-22 VFD Tube Clock V1.0/Non-Electrical/Objects/PCB Models/tube pin/1mm vfd tube pin.iges
11-20 20:00:01 com_github_MitjaNemec_Archive3DModels.archive_3d_models 150:Remapping: //DESKTOP-ARTLMTU/Projects/07_VFD Tube Clocks/02_IV-12 & IV-22/IV-22 VFD Tube Clock V1.0/Non-Electrical/Objects/PCB Models/tube pin/1mm vfd tube pin.iges
11-20 20:00:01 com_github_MitjaNemec_Archive3DModels.archive_3d_models 63:Trying to copy: //DESKTOP-ARTLMTU/Projects/07_VFD Tube Clocks/02_IV-12 & IV-22/IV-22 VFD Tube Clock V1.0/Non-Electrical/Objects/PCB Models/tube pin/1mm vfd tube pin.iges
11-20 20:00:01 com_github_MitjaNemec_Archive3DModels.archive_3d_models 146:Did not copy: //DESKTOP-ARTLMTU/Projects/07_VFD Tube Clocks/02_IV-12 & IV-22/IV-22 VFD Tube Clock V1.0/Non-Electrical/Objects/PCB Models/tube pin/1mm vfd tube pin.iges
11-20 20:00:01 com_github_MitjaNemec_Archive3DModels.archive_3d_models 150:Remapping: //DESKTOP-ARTLMTU/Projects/07_VFD Tube Clocks/02_IV-12 & IV-22/IV-22 VFD Tube Clock V1.0/Non-Electrical/Objects/PCB Models/tube pin/1mm vfd tube pin.iges
11-20 20:00:01 com_github_MitjaNemec_Archive3DModels.archive_3d_models 63:Trying to copy: //DESKTOP-ARTLMTU/Projects/07_VFD Tube Clocks/02_IV-12 & IV-22/IV-22 VFD Tube Clock V1.0/Non-Electrical/Objects/PCB Models/tube pin/1mm vfd tube pin.iges
11-20 20:00:01 com_github_MitjaNemec_Archive3DModels.archive_3d_models 146:Did not copy: //DESKTOP-ARTLMTU/Projects/07_VFD Tube Clocks/02_IV-12 & IV-22/IV-22 VFD Tube Clock V1.0/Non-Electrical/Objects/PCB Models/tube pin/1mm vfd tube pin.iges
11-20 20:00:01 com_github_MitjaNemec_Archive3DModels.archive_3d_models 150:Remapping: //DESKTOP-ARTLMTU/Projects/07_VFD Tube Clocks/02_IV-12 & IV-22/IV-22 VFD Tube Clock V1.0/Non-Electrical/Objects/PCB Models/tube pin/1mm vfd tube pin.iges
11-20 20:00:01 com_github_MitjaNemec_Archive3DModels.archive_3d_models 63:Trying to copy: //DESKTOP-ARTLMTU/Projects/07_VFD Tube Clocks/02_IV-12 & IV-22/IV-22 VFD Tube Clock V1.0/Non-Electrical/Objects/PCB Models/tube pin/1mm vfd tube pin.iges
11-20 20:00:01 com_github_MitjaNemec_Archive3DModels.archive_3d_models 146:Did not copy: //DESKTOP-ARTLMTU/Projects/07_VFD Tube Clocks/02_IV-12 & IV-22/IV-22 VFD Tube Clock V1.0/Non-Electrical/Objects/PCB Models/tube pin/1mm vfd tube pin.iges
11-20 20:00:01 com_github_MitjaNemec_Archive3DModels.archive_3d_models 150:Remapping: //DESKTOP-ARTLMTU/Projects/07_VFD Tube Clocks/02_IV-12 & IV-22/IV-22 VFD Tube Clock V1.0/Non-Electrical/Objects/PCB Models/tube pin/1mm vfd tube pin.iges
11-20 20:00:01 com_github_MitjaNemec_Archive3DModels.archive_3d_models 63:Trying to copy: //DESKTOP-ARTLMTU/Projects/07_VFD Tube Clocks/02_IV-12 & IV-22/IV-22 VFD Tube Clock V1.0/Non-Electrical/Objects/PCB Models/tube pin/1mm vfd tube pin.iges
11-20 20:00:01 com_github_MitjaNemec_Archive3DModels.archive_3d_models 146:Did not copy: //DESKTOP-ARTLMTU/Projects/07_VFD Tube Clocks/02_IV-12 & IV-22/IV-22 VFD Tube Clock V1.0/Non-Electrical/Objects/PCB Models/tube pin/1mm vfd tube pin.iges
11-20 20:00:01 com_github_MitjaNemec_Archive3DModels.archive_3d_models 150:Remapping: //DESKTOP-ARTLMTU/Projects/07_VFD Tube Clocks/02_IV-12 & IV-22/IV-22 VFD Tube Clock V1.0/Non-Electrical/Objects/PCB Models/tube pin/1mm vfd tube pin.iges
11-20 20:00:01 com_github_MitjaNemec_Archive3DModels.archive_3d_models 63:Trying to copy: //DESKTOP-ARTLMTU/Projects/07_VFD Tube Clocks/02_IV-12 & IV-22/IV-22 VFD Tube Clock V1.0/Non-Electrical/Objects/PCB Models/tube pin/1mm vfd tube pin.iges
11-20 20:00:01 com_github_MitjaNemec_Archive3DModels.archive_3d_models 146:Did not copy: //DESKTOP-ARTLMTU/Projects/07_VFD Tube Clocks/02_IV-12 & IV-22/IV-22 VFD Tube Clock V1.0/Non-Electrical/Objects/PCB Models/tube pin/1mm vfd tube pin.iges
11-20 20:00:01 com_github_MitjaNemec_Archive3DModels.archive_3d_models 150:Remapping: //DESKTOP-ARTLMTU/Projects/07_VFD Tube Clocks/02_IV-12 & IV-22/IV-22 VFD Tube Clock V1.0/Non-Electrical/Objects/PCB Models/tube pin/1mm vfd tube pin.iges
11-20 20:00:01 com_github_MitjaNemec_Archive3DModels.archive_3d_models 51:Getting 3D models for footprint of: T2
11-20 20:00:01 com_github_MitjaNemec_Archive3DModels.archive_3d_models 63:Trying to copy: //DESKTOP-ARTLMTU/Projects/07_VFD Tube Clocks/02_IV-12 & IV-22/IV-22 VFD Tube Clock V1.0/Non-Electrical/Objects/PCB Models/IN-12A/IN-12A.igs
11-20 20:00:01 com_github_MitjaNemec_Archive3DModels.archive_3d_models 150:Remapping: //DESKTOP-ARTLMTU/Projects/07_VFD Tube Clocks/02_IV-12 & IV-22/IV-22 VFD Tube Clock V1.0/Non-Electrical/Objects/PCB Models/IN-12A/IN-12A.igs
11-20 20:00:01 com_github_MitjaNemec_Archive3DModels.archive_3d_models 63:Trying to copy: //DESKTOP-ARTLMTU/Projects/07_VFD Tube Clocks/02_IV-12 & IV-22/IV-22 VFD Tube Clock V1.0/Non-Electrical/Objects/PCB Models/tube pin/1mm vfd tube pin.iges
11-20 20:00:01 com_github_MitjaNemec_Archive3DModels.archive_3d_models 146:Did not copy: //DESKTOP-ARTLMTU/Projects/07_VFD Tube Clocks/02_IV-12 & IV-22/IV-22 VFD Tube Clock V1.0/Non-Electrical/Objects/PCB Models/tube pin/1mm vfd tube pin.iges
11-20 20:00:01 com_github_MitjaNemec_Archive3DModels.archive_3d_models 150:Remapping: //DESKTOP-ARTLMTU/Projects/07_VFD Tube Clocks/02_IV-12 & IV-22/IV-22 VFD Tube Clock V1.0/Non-Electrical/Objects/PCB Models/tube pin/1mm vfd tube pin.iges
11-20 20:00:01 com_github_MitjaNemec_Archive3DModels.archive_3d_models 63:Trying to copy: //DESKTOP-ARTLMTU/Projects/07_VFD Tube Clocks/02_IV-12 & IV-22/IV-22 VFD Tube Clock V1.0/Non-Electrical/Objects/PCB Models/tube pin/1mm vfd tube pin.iges
11-20 20:00:01 com_github_MitjaNemec_Archive3DModels.archive_3d_models 146:Did not copy: //DESKTOP-ARTLMTU/Projects/07_VFD Tube Clocks/02_IV-12 & IV-22/IV-22 VFD Tube Clock V1.0/Non-Electrical/Objects/PCB Models/tube pin/1mm vfd tube pin.iges
11-20 20:00:01 com_github_MitjaNemec_Archive3DModels.archive_3d_models 150:Remapping: //DESKTOP-ARTLMTU/Projects/07_VFD Tube Clocks/02_IV-12 & IV-22/IV-22 VFD Tube Clock V1.0/Non-Electrical/Objects/PCB Models/tube pin/1mm vfd tube pin.iges
11-20 20:00:01 com_github_MitjaNemec_Archive3DModels.archive_3d_models 63:Trying to copy: //DESKTOP-ARTLMTU/Projects/07_VFD Tube Clocks/02_IV-12 & IV-22/IV-22 VFD Tube Clock V1.0/Non-Electrical/Objects/PCB Models/tube pin/1mm vfd tube pin.iges
11-20 20:00:01 com_github_MitjaNemec_Archive3DModels.archive_3d_models 146:Did not copy: //DESKTOP-ARTLMTU/Projects/07_VFD Tube Clocks/02_IV-12 & IV-22/IV-22 VFD Tube Clock V1.0/Non-Electrical/Objects/PCB Models/tube pin/1mm vfd tube pin.iges
11-20 20:00:01 com_github_MitjaNemec_Archive3DModels.archive_3d_models 150:Remapping: //DESKTOP-ARTLMTU/Projects/07_VFD Tube Clocks/02_IV-12 & IV-22/IV-22 VFD Tube Clock V1.0/Non-Electrical/Objects/PCB Models/tube pin/1mm vfd tube pin.iges
11-20 20:00:01 com_github_MitjaNemec_Archive3DModels.archive_3d_models 63:Trying to copy: //DESKTOP-ARTLMTU/Projects/07_VFD Tube Clocks/02_IV-12 & IV-22/IV-22 VFD Tube Clock V1.0/Non-Electrical/Objects/PCB Models/tube pin/1mm vfd tube pin.iges
11-20 20:00:01 com_github_MitjaNemec_Archive3DModels.archive_3d_models 146:Did not copy: //DESKTOP-ARTLMTU/Projects/07_VFD Tube Clocks/02_IV-12 & IV-22/IV-22 VFD Tube Clock V1.0/Non-Electrical/Objects/PCB Models/tube pin/1mm vfd tube pin.iges
11-20 20:00:01 com_github_MitjaNemec_Archive3DModels.archive_3d_models 150:Remapping: //DESKTOP-ARTLMTU/Projects/07_VFD Tube Clocks/02_IV-12 & IV-22/IV-22 VFD Tube Clock V1.0/Non-Electrical/Objects/PCB Models/tube pin/1mm vfd tube pin.iges
11-20 20:00:01 com_github_MitjaNemec_Archive3DModels.archive_3d_models 63:Trying to copy: //DESKTOP-ARTLMTU/Projects/07_VFD Tube Clocks/02_IV-12 & IV-22/IV-22 VFD Tube Clock V1.0/Non-Electrical/Objects/PCB Models/tube pin/1mm vfd tube pin.iges
11-20 20:00:01 com_github_MitjaNemec_Archive3DModels.archive_3d_models 146:Did not copy: //DESKTOP-ARTLMTU/Projects/07_VFD Tube Clocks/02_IV-12 & IV-22/IV-22 VFD Tube Clock V1.0/Non-Electrical/Objects/PCB Models/tube pin/1mm vfd tube pin.iges
11-20 20:00:01 com_github_MitjaNemec_Archive3DModels.archive_3d_models 150:Remapping: //DESKTOP-ARTLMTU/Projects/07_VFD Tube Clocks/02_IV-12 & IV-22/IV-22 VFD Tube Clock V1.0/Non-Electrical/Objects/PCB Models/tube pin/1mm vfd tube pin.iges
11-20 20:00:01 com_github_MitjaNemec_Archive3DModels.archive_3d_models 63:Trying to copy: //DESKTOP-ARTLMTU/Projects/07_VFD Tube Clocks/02_IV-12 & IV-22/IV-22 VFD Tube Clock V1.0/Non-Electrical/Objects/PCB Models/tube pin/1mm vfd tube pin.iges
11-20 20:00:01 com_github_MitjaNemec_Archive3DModels.archive_3d_models 146:Did not copy: //DESKTOP-ARTLMTU/Projects/07_VFD Tube Clocks/02_IV-12 & IV-22/IV-22 VFD Tube Clock V1.0/Non-Electrical/Objects/PCB Models/tube pin/1mm vfd tube pin.iges
11-20 20:00:01 com_github_MitjaNemec_Archive3DModels.archive_3d_models 150:Remapping: //DESKTOP-ARTLMTU/Projects/07_VFD Tube Clocks/02_IV-12 & IV-22/IV-22 VFD Tube Clock V1.0/Non-Electrical/Objects/PCB Models/tube pin/1mm vfd tube pin.iges
11-20 20:00:01 com_github_MitjaNemec_Archive3DModels.archive_3d_models 63:Trying to copy: //DESKTOP-ARTLMTU/Projects/07_VFD Tube Clocks/02_IV-12 & IV-22/IV-22 VFD Tube Clock V1.0/Non-Electrical/Objects/PCB Models/tube pin/1mm vfd tube pin.iges
11-20 20:00:01 com_github_MitjaNemec_Archive3DModels.archive_3d_models 146:Did not copy: //DESKTOP-ARTLMTU/Projects/07_VFD Tube Clocks/02_IV-12 & IV-22/IV-22 VFD Tube Clock V1.0/Non-Electrical/Objects/PCB Models/tube pin/1mm vfd tube pin.iges
11-20 20:00:01 com_github_MitjaNemec_Archive3DModels.archive_3d_models 150:Remapping: //DESKTOP-ARTLMTU/Projects/07_VFD Tube Clocks/02_IV-12 & IV-22/IV-22 VFD Tube Clock V1.0/Non-Electrical/Objects/PCB Models/tube pin/1mm vfd tube pin.iges
11-20 20:00:01 com_github_MitjaNemec_Archive3DModels.archive_3d_models 63:Trying to copy: //DESKTOP-ARTLMTU/Projects/07_VFD Tube Clocks/02_IV-12 & IV-22/IV-22 VFD Tube Clock V1.0/Non-Electrical/Objects/PCB Models/tube pin/1mm vfd tube pin.iges
11-20 20:00:01 com_github_MitjaNemec_Archive3DModels.archive_3d_models 146:Did not copy: //DESKTOP-ARTLMTU/Projects/07_VFD Tube Clocks/02_IV-12 & IV-22/IV-22 VFD Tube Clock V1.0/Non-Electrical/Objects/PCB Models/tube pin/1mm vfd tube pin.iges
11-20 20:00:01 com_github_MitjaNemec_Archive3DModels.archive_3d_models 150:Remapping: //DESKTOP-ARTLMTU/Projects/07_VFD Tube Clocks/02_IV-12 & IV-22/IV-22 VFD Tube Clock V1.0/Non-Electrical/Objects/PCB Models/tube pin/1mm vfd tube pin.iges
11-20 20:00:01 com_github_MitjaNemec_Archive3DModels.archive_3d_models 63:Trying to copy: //DESKTOP-ARTLMTU/Projects/07_VFD Tube Clocks/02_IV-12 & IV-22/IV-22 VFD Tube Clock V1.0/Non-Electrical/Objects/PCB Models/tube pin/1mm vfd tube pin.iges
11-20 20:00:01 com_github_MitjaNemec_Archive3DModels.archive_3d_models 146:Did not copy: //DESKTOP-ARTLMTU/Projects/07_VFD Tube Clocks/02_IV-12 & IV-22/IV-22 VFD Tube Clock V1.0/Non-Electrical/Objects/PCB Models/tube pin/1mm vfd tube pin.iges
11-20 20:00:01 com_github_MitjaNemec_Archive3DModels.archive_3d_models 150:Remapping: //DESKTOP-ARTLMTU/Projects/07_VFD Tube Clocks/02_IV-12 & IV-22/IV-22 VFD Tube Clock V1.0/Non-Electrical/Objects/PCB Models/tube pin/1mm vfd tube pin.iges
11-20 20:00:01 com_github_MitjaNemec_Archive3DModels.archive_3d_models 63:Trying to copy: //DESKTOP-ARTLMTU/Projects/07_VFD Tube Clocks/02_IV-12 & IV-22/IV-22 VFD Tube Clock V1.0/Non-Electrical/Objects/PCB Models/tube pin/1mm vfd tube pin.iges
11-20 20:00:02 com_github_MitjaNemec_Archive3DModels.archive_3d_models 146:Did not copy: //DESKTOP-ARTLMTU/Projects/07_VFD Tube Clocks/02_IV-12 & IV-22/IV-22 VFD Tube Clock V1.0/Non-Electrical/Objects/PCB Models/tube pin/1mm vfd tube pin.iges
11-20 20:00:02 com_github_MitjaNemec_Archive3DModels.archive_3d_models 150:Remapping: //DESKTOP-ARTLMTU/Projects/07_VFD Tube Clocks/02_IV-12 & IV-22/IV-22 VFD Tube Clock V1.0/Non-Electrical/Objects/PCB Models/tube pin/1mm vfd tube pin.iges
11-20 20:00:02 com_github_MitjaNemec_Archive3DModels.archive_3d_models 63:Trying to copy: //DESKTOP-ARTLMTU/Projects/07_VFD Tube Clocks/02_IV-12 & IV-22/IV-22 VFD Tube Clock V1.0/Non-Electrical/Objects/PCB Models/tube pin/1mm vfd tube pin.iges
11-20 20:00:02 com_github_MitjaNemec_Archive3DModels.archive_3d_models 146:Did not copy: //DESKTOP-ARTLMTU/Projects/07_VFD Tube Clocks/02_IV-12 & IV-22/IV-22 VFD Tube Clock V1.0/Non-Electrical/Objects/PCB Models/tube pin/1mm vfd tube pin.iges
11-20 20:00:02 com_github_MitjaNemec_Archive3DModels.archive_3d_models 150:Remapping: //DESKTOP-ARTLMTU/Projects/07_VFD Tube Clocks/02_IV-12 & IV-22/IV-22 VFD Tube Clock V1.0/Non-Electrical/Objects/PCB Models/tube pin/1mm vfd tube pin.iges
11-20 20:00:02 com_github_MitjaNemec_Archive3DModels.archive_3d_models 63:Trying to copy: //DESKTOP-ARTLMTU/Projects/07_VFD Tube Clocks/02_IV-12 & IV-22/IV-22 VFD Tube Clock V1.0/Non-Electrical/Objects/PCB Models/tube pin/1mm vfd tube pin.iges
11-20 20:00:02 com_github_MitjaNemec_Archive3DModels.archive_3d_models 146:Did not copy: //DESKTOP-ARTLMTU/Projects/07_VFD Tube Clocks/02_IV-12 & IV-22/IV-22 VFD Tube Clock V1.0/Non-Electrical/Objects/PCB Models/tube pin/1mm vfd tube pin.iges
11-20 20:00:02 com_github_MitjaNemec_Archive3DModels.archive_3d_models 150:Remapping: //DESKTOP-ARTLMTU/Projects/07_VFD Tube Clocks/02_IV-12 & IV-22/IV-22 VFD Tube Clock V1.0/Non-Electrical/Objects/PCB Models/tube pin/1mm vfd tube pin.iges
11-20 20:00:02 com_github_MitjaNemec_Archive3DModels.archive_3d_models 51:Getting 3D models for footprint of: U3
11-20 20:00:02 com_github_MitjaNemec_Archive3DModels.archive_3d_models 63:Trying to copy: G:/My Drive/Projects (GDrive)/00_General Kicad/Library Dump 1/3D/TPIC6B595DWR.stp
11-20 20:00:02 com_github_MitjaNemec_Archive3DModels.archive_3d_models 150:Remapping: G:/My Drive/Projects (GDrive)/00_General Kicad/Library Dump 1/3D/TPIC6B595DWR.stp
11-20 20:00:02 com_github_MitjaNemec_Archive3DModels.archive_3d_models 51:Getting 3D models for footprint of: U8
11-20 20:00:02 com_github_MitjaNemec_Archive3DModels.archive_3d_models 63:Trying to copy: G:/My Drive/Projects (GDrive)/00_General Kicad/Library Dump 1/3D/TPIC6B595DWR.stp
11-20 20:00:02 com_github_MitjaNemec_Archive3DModels.archive_3d_models 150:Remapping: G:/My Drive/Projects (GDrive)/00_General Kicad/Library Dump 1/3D/TPIC6B595DWR.stp
11-20 20:00:02 com_github_MitjaNemec_Archive3DModels.archive_3d_models 51:Getting 3D models for footprint of: H5
11-20 20:00:02 com_github_MitjaNemec_Archive3DModels.archive_3d_models 51:Getting 3D models for footprint of: H3
11-20 20:00:02 com_github_MitjaNemec_Archive3DModels.archive_3d_models 51:Getting 3D models for footprint of: R5
11-20 20:00:02 com_github_MitjaNemec_Archive3DModels.archive_3d_models 63:Trying to copy: ${KICAD9_3DMODEL_DIR}/Capacitor_SMD.3dshapes/C_1210_3225Metric.step
11-20 20:00:02 com_github_MitjaNemec_Archive3DModels.archive_3d_models 150:Remapping: ${KICAD9_3DMODEL_DIR}/Capacitor_SMD.3dshapes/C_1210_3225Metric.step
11-20 20:00:02 com_github_MitjaNemec_Archive3DModels.archive_3d_models 51:Getting 3D models for footprint of: C7
11-20 20:00:02 com_github_MitjaNemec_Archive3DModels.archive_3d_models 63:Trying to copy: ${KICAD9_3DMODEL_DIR}/Capacitor_SMD.3dshapes/C_0603_1608Metric.step
11-20 20:00:02 com_github_MitjaNemec_Archive3DModels.archive_3d_models 150:Remapping: ${KICAD9_3DMODEL_DIR}/Capacitor_SMD.3dshapes/C_0603_1608Metric.step
11-20 20:00:02 com_github_MitjaNemec_Archive3DModels.archive_3d_models 51:Getting 3D models for footprint of: P3
11-20 20:00:02 com_github_MitjaNemec_Archive3DModels.archive_3d_models 63:Trying to copy: G:/My Drive/Projects (GDrive)/00_General Kicad/Library Dump 1/3D/610110249121 (rev1).stp
11-20 20:00:02 com_github_MitjaNemec_Archive3DModels.archive_3d_models 150:Remapping: G:/My Drive/Projects (GDrive)/00_General Kicad/Library Dump 1/3D/610110249121 (rev1).stp
11-20 20:00:02 com_github_MitjaNemec_Archive3DModels.archive_3d_models 51:Getting 3D models for footprint of: C1
11-20 20:00:02 com_github_MitjaNemec_Archive3DModels.archive_3d_models 63:Trying to copy: ${KICAD9_3DMODEL_DIR}/Capacitor_SMD.3dshapes/C_0603_1608Metric.step
11-20 20:00:02 com_github_MitjaNemec_Archive3DModels.archive_3d_models 150:Remapping: ${KICAD9_3DMODEL_DIR}/Capacitor_SMD.3dshapes/C_0603_1608Metric.step
11-20 20:00:02 com_github_MitjaNemec_Archive3DModels.archive_3d_models 51:Getting 3D models for footprint of: R4
11-20 20:00:02 com_github_MitjaNemec_Archive3DModels.archive_3d_models 63:Trying to copy: ${KICAD9_3DMODEL_DIR}/Capacitor_SMD.3dshapes/C_1210_3225Metric.step
11-20 20:00:02 com_github_MitjaNemec_Archive3DModels.archive_3d_models 150:Remapping: ${KICAD9_3DMODEL_DIR}/Capacitor_SMD.3dshapes/C_1210_3225Metric.step
11-20 20:00:02 com_github_MitjaNemec_Archive3DModels.archive_3d_models 51:Getting 3D models for footprint of: R8
11-20 20:00:02 com_github_MitjaNemec_Archive3DModels.archive_3d_models 63:Trying to copy: ${KICAD9_3DMODEL_DIR}/Capacitor_SMD.3dshapes/C_1210_3225Metric.step
11-20 20:00:02 com_github_MitjaNemec_Archive3DModels.archive_3d_models 150:Remapping: ${KICAD9_3DMODEL_DIR}/Capacitor_SMD.3dshapes/C_1210_3225Metric.step
11-20 20:00:02 com_github_MitjaNemec_Archive3DModels.archive_3d_models 51:Getting 3D models for footprint of: D5
11-20 20:00:02 com_github_MitjaNemec_Archive3DModels.archive_3d_models 63:Trying to copy: ${KICAD9_3DMODEL_DIR}/Resistor_SMD.3dshapes/R_0603_1608Metric.step
11-20 20:00:02 com_github_MitjaNemec_Archive3DModels.archive_3d_models 150:Remapping: ${KICAD9_3DMODEL_DIR}/Resistor_SMD.3dshapes/R_0603_1608Metric.step
11-20 20:00:02 com_github_MitjaNemec_Archive3DModels.archive_3d_models 51:Getting 3D models for footprint of: R11
11-20 20:00:02 com_github_MitjaNemec_Archive3DModels.archive_3d_models 63:Trying to copy: ${KICAD9_3DMODEL_DIR}/Capacitor_SMD.3dshapes/C_1210_3225Metric.step
11-20 20:00:02 com_github_MitjaNemec_Archive3DModels.archive_3d_models 150:Remapping: ${KICAD9_3DMODEL_DIR}/Capacitor_SMD.3dshapes/C_1210_3225Metric.step
11-20 20:00:02 com_github_MitjaNemec_Archive3DModels.archive_3d_models 51:Getting 3D models for footprint of: J2
11-20 20:00:02 com_github_MitjaNemec_Archive3DModels.archive_3d_models 63:Trying to copy: ${KICAD9_3DMODEL_DIR}/Connector_PinSocket_2.54mm.3dshapes/PinSocket_1x03_P2.54mm_Vertical.step
11-20 20:00:02 com_github_MitjaNemec_Archive3DModels.archive_3d_models 150:Remapping: ${KICAD9_3DMODEL_DIR}/Connector_PinSocket_2.54mm.3dshapes/PinSocket_1x03_P2.54mm_Vertical.step
11-20 20:00:02 com_github_MitjaNemec_Archive3DModels.archive_3d_models 51:Getting 3D models for footprint of: D2
11-20 20:00:02 com_github_MitjaNemec_Archive3DModels.archive_3d_models 63:Trying to copy: ${KICAD9_3DMODEL_DIR}/Resistor_SMD.3dshapes/R_0603_1608Metric.step
11-20 20:00:02 com_github_MitjaNemec_Archive3DModels.archive_3d_models 150:Remapping: ${KICAD9_3DMODEL_DIR}/Resistor_SMD.3dshapes/R_0603_1608Metric.step
11-20 20:00:02 com_github_MitjaNemec_Archive3DModels.archive_3d_models 51:Getting 3D models for footprint of: D6
11-20 20:00:02 com_github_MitjaNemec_Archive3DModels.archive_3d_models 63:Trying to copy: ${KICAD9_3DMODEL_DIR}/Resistor_SMD.3dshapes/R_0603_1608Metric.step
11-20 20:00:02 com_github_MitjaNemec_Archive3DModels.archive_3d_models 150:Remapping: ${KICAD9_3DMODEL_DIR}/Resistor_SMD.3dshapes/R_0603_1608Metric.step
11-20 20:00:02 com_github_MitjaNemec_Archive3DModels.archive_3d_models 51:Getting 3D models for footprint of: P2
11-20 20:00:02 com_github_MitjaNemec_Archive3DModels.archive_3d_models 63:Trying to copy: G:/My Drive/Projects (GDrive)/00_General Kicad/Library Dump 1/3D/610110249121 (rev1).stp
11-20 20:00:03 com_github_MitjaNemec_Archive3DModels.archive_3d_models 150:Remapping: G:/My Drive/Projects (GDrive)/00_General Kicad/Library Dump 1/3D/610110249121 (rev1).stp
11-20 20:00:03 com_github_MitjaNemec_Archive3DModels.archive_3d_models 51:Getting 3D models for footprint of: C4
11-20 20:00:03 com_github_MitjaNemec_Archive3DModels.archive_3d_models 63:Trying to copy: ${KICAD9_3DMODEL_DIR}/Capacitor_SMD.3dshapes/C_0603_1608Metric.step
11-20 20:00:03 com_github_MitjaNemec_Archive3DModels.archive_3d_models 150:Remapping: ${KICAD9_3DMODEL_DIR}/Capacitor_SMD.3dshapes/C_0603_1608Metric.step
11-20 20:00:03 com_github_MitjaNemec_Archive3DModels.archive_3d_models 51:Getting 3D models for footprint of: C3
11-20 20:00:03 com_github_MitjaNemec_Archive3DModels.archive_3d_models 63:Trying to copy: ${KICAD9_3DMODEL_DIR}/Capacitor_SMD.3dshapes/C_0603_1608Metric.step
11-20 20:00:03 com_github_MitjaNemec_Archive3DModels.archive_3d_models 150:Remapping: ${KICAD9_3DMODEL_DIR}/Capacitor_SMD.3dshapes/C_0603_1608Metric.step
11-20 20:00:03 com_github_MitjaNemec_Archive3DModels.archive_3d_models 51:Getting 3D models for footprint of: D4
11-20 20:00:03 com_github_MitjaNemec_Archive3DModels.archive_3d_models 63:Trying to copy: ${KICAD9_3DMODEL_DIR}/Resistor_SMD.3dshapes/R_0603_1608Metric.step
11-20 20:00:03 com_github_MitjaNemec_Archive3DModels.archive_3d_models 150:Remapping: ${KICAD9_3DMODEL_DIR}/Resistor_SMD.3dshapes/R_0603_1608Metric.step
11-20 20:00:03 com_github_MitjaNemec_Archive3DModels.archive_3d_models 51:Getting 3D models for footprint of: R2
11-20 20:00:03 com_github_MitjaNemec_Archive3DModels.archive_3d_models 63:Trying to copy: ${KICAD9_3DMODEL_DIR}/Capacitor_SMD.3dshapes/C_1210_3225Metric.step
11-20 20:00:03 com_github_MitjaNemec_Archive3DModels.archive_3d_models 150:Remapping: ${KICAD9_3DMODEL_DIR}/Capacitor_SMD.3dshapes/C_1210_3225Metric.step
11-20 20:00:03 com_github_MitjaNemec_Archive3DModels.archive_3d_models 51:Getting 3D models for footprint of: R6
11-20 20:00:03 com_github_MitjaNemec_Archive3DModels.archive_3d_models 63:Trying to copy: ${KICAD9_3DMODEL_DIR}/Capacitor_SMD.3dshapes/C_1210_3225Metric.step
11-20 20:00:03 com_github_MitjaNemec_Archive3DModels.archive_3d_models 150:Remapping: ${KICAD9_3DMODEL_DIR}/Capacitor_SMD.3dshapes/C_1210_3225Metric.step
11-20 20:00:03 com_github_MitjaNemec_Archive3DModels.archive_3d_models 51:Getting 3D models for footprint of: J1
11-20 20:00:03 com_github_MitjaNemec_Archive3DModels.archive_3d_models 63:Trying to copy: G:/My Drive/Projects (GDrive)/31_My First Nixie Clock/01_My First Nixie Clock/PCB Plots/PCB Steps/64 Bit LED Board.step
11-20 20:00:03 com_github_MitjaNemec_Archive3DModels.archive_3d_models 150:Remapping: G:/My Drive/Projects (GDrive)/31_My First Nixie Clock/01_My First Nixie Clock/PCB Plots/PCB Steps/64 Bit LED Board.step
11-20 20:00:03 com_github_MitjaNemec_Archive3DModels.archive_3d_models 63:Trying to copy: ${KICAD9_3DMODEL_DIR}/Connector_PinSocket_2.54mm.3dshapes/PinSocket_1x03_P2.54mm_Vertical.step
11-20 20:00:03 com_github_MitjaNemec_Archive3DModels.archive_3d_models 150:Remapping: ${KICAD9_3DMODEL_DIR}/Connector_PinSocket_2.54mm.3dshapes/PinSocket_1x03_P2.54mm_Vertical.step
11-20 20:00:03 com_github_MitjaNemec_Archive3DModels.archive_3d_models 51:Getting 3D models for footprint of: D1
11-20 20:00:03 com_github_MitjaNemec_Archive3DModels.archive_3d_models 63:Trying to copy: ${KICAD9_3DMODEL_DIR}/Resistor_SMD.3dshapes/R_0603_1608Metric.step
11-20 20:00:03 com_github_MitjaNemec_Archive3DModels.archive_3d_models 150:Remapping: ${KICAD9_3DMODEL_DIR}/Resistor_SMD.3dshapes/R_0603_1608Metric.step
11-20 20:00:03 com_github_MitjaNemec_Archive3DModels.archive_3d_models 51:Getting 3D models for footprint of: R7
11-20 20:00:03 com_github_MitjaNemec_Archive3DModels.archive_3d_models 63:Trying to copy: ${KICAD9_3DMODEL_DIR}/Capacitor_SMD.3dshapes/C_1210_3225Metric.step
11-20 20:00:04 com_github_MitjaNemec_Archive3DModels.archive_3d_models 150:Remapping: ${KICAD9_3DMODEL_DIR}/Capacitor_SMD.3dshapes/C_1210_3225Metric.step
11-20 20:00:04 com_github_MitjaNemec_Archive3DModels.archive_3d_models 51:Getting 3D models for footprint of: R3
11-20 20:00:04 com_github_MitjaNemec_Archive3DModels.archive_3d_models 63:Trying to copy: ${KICAD9_3DMODEL_DIR}/Capacitor_SMD.3dshapes/C_1210_3225Metric.step
11-20 20:00:04 com_github_MitjaNemec_Archive3DModels.archive_3d_models 150:Remapping: ${KICAD9_3DMODEL_DIR}/Capacitor_SMD.3dshapes/C_1210_3225Metric.step
11-20 20:00:04 com_github_MitjaNemec_Archive3DModels.archive_3d_models 51:Getting 3D models for footprint of: C6
11-20 20:00:04 com_github_MitjaNemec_Archive3DModels.archive_3d_models 63:Trying to copy: ${KICAD9_3DMODEL_DIR}/Capacitor_SMD.3dshapes/C_0603_1608Metric.step
11-20 20:00:04 com_github_MitjaNemec_Archive3DModels.archive_3d_models 150:Remapping: ${KICAD9_3DMODEL_DIR}/Capacitor_SMD.3dshapes/C_0603_1608Metric.step
11-20 20:00:04 com_github_MitjaNemec_Archive3DModels.archive_3d_models 51:Getting 3D models for footprint of: R1
11-20 20:00:04 com_github_MitjaNemec_Archive3DModels.archive_3d_models 63:Trying to copy: ${KICAD9_3DMODEL_DIR}/Capacitor_SMD.3dshapes/C_1210_3225Metric.step
11-20 20:00:04 com_github_MitjaNemec_Archive3DModels.archive_3d_models 150:Remapping: ${KICAD9_3DMODEL_DIR}/Capacitor_SMD.3dshapes/C_1210_3225Metric.step
11-20 20:00:04 com_github_MitjaNemec_Archive3DModels.archive_3d_models 51:Getting 3D models for footprint of: R10
11-20 20:00:04 com_github_MitjaNemec_Archive3DModels.archive_3d_models 63:Trying to copy: ${KICAD9_3DMODEL_DIR}/Capacitor_SMD.3dshapes/C_1210_3225Metric.step
11-20 20:00:04 com_github_MitjaNemec_Archive3DModels.archive_3d_models 150:Remapping: ${KICAD9_3DMODEL_DIR}/Capacitor_SMD.3dshapes/C_1210_3225Metric.step
11-20 20:00:04 com_github_MitjaNemec_Archive3DModels.archive_3d_models 51:Getting 3D models for footprint of: C8
11-20 20:00:04 com_github_MitjaNemec_Archive3DModels.archive_3d_models 63:Trying to copy: ${KICAD9_3DMODEL_DIR}/Capacitor_SMD.3dshapes/C_0603_1608Metric.step
11-20 20:00:04 com_github_MitjaNemec_Archive3DModels.archive_3d_models 150:Remapping: ${KICAD9_3DMODEL_DIR}/Capacitor_SMD.3dshapes/C_0603_1608Metric.step
11-20 20:00:04 com_github_MitjaNemec_Archive3DModels.archive_3d_models 51:Getting 3D models for footprint of: D3
11-20 20:00:04 com_github_MitjaNemec_Archive3DModels.archive_3d_models 63:Trying to copy: ${KICAD9_3DMODEL_DIR}/Resistor_SMD.3dshapes/R_0603_1608Metric.step
11-20 20:00:04 com_github_MitjaNemec_Archive3DModels.archive_3d_models 150:Remapping: ${KICAD9_3DMODEL_DIR}/Resistor_SMD.3dshapes/R_0603_1608Metric.step
11-20 20:00:04 com_github_MitjaNemec_Archive3DModels.archive_3d_models 51:Getting 3D models for footprint of: C5
11-20 20:00:04 com_github_MitjaNemec_Archive3DModels.archive_3d_models 63:Trying to copy: ${KICAD9_3DMODEL_DIR}/Capacitor_SMD.3dshapes/C_0603_1608Metric.step
11-20 20:00:04 com_github_MitjaNemec_Archive3DModels.archive_3d_models 150:Remapping: ${KICAD9_3DMODEL_DIR}/Capacitor_SMD.3dshapes/C_0603_1608Metric.step
11-20 20:00:04 com_github_MitjaNemec_Archive3DModels.archive_3d_models 51:Getting 3D models for footprint of: R9
11-20 20:00:04 com_github_MitjaNemec_Archive3DModels.archive_3d_models 63:Trying to copy: ${KICAD9_3DMODEL_DIR}/Capacitor_SMD.3dshapes/C_1210_3225Metric.step
11-20 20:00:04 com_github_MitjaNemec_Archive3DModels.archive_3d_models 150:Remapping: ${KICAD9_3DMODEL_DIR}/Capacitor_SMD.3dshapes/C_1210_3225Metric.step
11-20 20:00:04 com_github_MitjaNemec_Archive3DModels.archive_3d_models 51:Getting 3D models for footprint of: P1
11-20 20:00:04 com_github_MitjaNemec_Archive3DModels.archive_3d_models 63:Trying to copy: G:/My Drive/Projects (GDrive)/00_General Kicad/Library Dump 1/3D/610110249121 (rev1).stp
11-20 20:00:04 com_github_MitjaNemec_Archive3DModels.archive_3d_models 150:Remapping: G:/My Drive/Projects (GDrive)/00_General Kicad/Library Dump 1/3D/610110249121 (rev1).stp
11-20 20:00:04 com_github_MitjaNemec_Archive3DModels.archive_3d_models 51:Getting 3D models for footprint of: C2
11-20 20:00:04 com_github_MitjaNemec_Archive3DModels.archive_3d_models 63:Trying to copy: ${KICAD9_3DMODEL_DIR}/Capacitor_SMD.3dshapes/C_0603_1608Metric.step
11-20 20:00:04 com_github_MitjaNemec_Archive3DModels.archive_3d_models 150:Remapping: ${KICAD9_3DMODEL_DIR}/Capacitor_SMD.3dshapes/C_0603_1608Metric.step
11-20 20:00:04 com_github_MitjaNemec_Archive3DModels.archive_3d_models 51:Getting 3D models for footprint of: R12
11-20 20:00:04 com_github_MitjaNemec_Archive3DModels.archive_3d_models 63:Trying to copy: ${KICAD9_3DMODEL_DIR}/Capacitor_SMD.3dshapes/C_1210_3225Metric.step
11-20 20:00:04 com_github_MitjaNemec_Archive3DModels.archive_3d_models 150:Remapping: ${KICAD9_3DMODEL_DIR}/Capacitor_SMD.3dshapes/C_1210_3225Metric.step
11-20 20:00:04 com_github_MitjaNemec_Archive3DModels.archive_3d_models 164:Did not succeed to copy 3D models!
('T9', '\\\\DESKTOP-ARTLMTU\\Projects\\07_VFD Tube Clocks\\02_IV-12 & IV-22\\IV-22 VFD Tube Clock V1.0\\Non-Electrical\\Objects\\PCB Models\\tube pin\\1mm vfd tube pin.iges')
('T9', '\\\\DESKTOP-ARTLMTU\\Projects\\07_VFD Tube Clocks\\02_IV-12 & IV-22\\IV-22 VFD Tube Clock V1.0\\Non-Electrical\\Objects\\PCB Models\\tube pin\\1mm vfd tube pin.iges')
('T9', '\\\\DESKTOP-ARTLMTU\\Projects\\07_VFD Tube Clocks\\02_IV-12 & IV-22\\IV-22 VFD Tube Clock V1.0\\Non-Electrical\\Objects\\PCB Models\\tube pin\\1mm vfd tube pin.iges')
('T9', '\\\\DESKTOP-ARTLMTU\\Projects\\07_VFD Tube Clocks\\02_IV-12 & IV-22\\IV-22 VFD Tube Clock V1.0\\Non-Electrical\\Objects\\PCB Models\\tube pin\\1mm vfd tube pin.iges')
('T9', '\\\\DESKTOP-ARTLMTU\\Projects\\07_VFD Tube Clocks\\02_IV-12 & IV-22\\IV-22 VFD Tube Clock V1.0\\Non-Electrical\\Objects\\PCB Models\\tube pin\\1mm vfd tube pin.iges')
('T9', '\\\\DESKTOP-ARTLMTU\\Projects\\07_VFD Tube Clocks\\02_IV-12 & IV-22\\IV-22 VFD Tube Clock V1.0\\Non-Electrical\\Objects\\PCB Models\\tube pin\\1mm vfd tube pin.iges')
('T9', '\\\\DESKTOP-ARTLMTU\\Projects\\07_VFD Tube Clocks\\02_IV-12 & IV-22\\IV-22 VFD Tube Clock V1.0\\Non-Electrical\\Objects\\PCB Models\\tube pin\\1mm vfd tube pin.iges')
('T9', '\\\\DESKTOP-ARTLMTU\\Projects\\07_VFD Tube Clocks\\02_IV-12 & IV-22\\IV-22 VFD Tube Clock V1.0\\Non-Electrical\\Objects\\PCB Models\\tube pin\\1mm vfd tube pin.iges')
('T9', '\\\\DESKTOP-ARTLMTU\\Projects\\07_VFD Tube Clocks\\02_IV-12 & IV-22\\IV-22 VFD Tube Clock V1.0\\Non-Electrical\\Objects\\PCB Models\\tube pin\\1mm vfd tube pin.iges')
('T9', '\\\\DESKTOP-ARTLMTU\\Projects\\07_VFD Tube Clocks\\02_IV-12 & IV-22\\IV-22 VFD Tube Clock V1.0\\Non-Electrical\\Objects\\PCB Models\\tube pin\\1mm vfd tube pin.iges')
('T9', '\\\\DESKTOP-ARTLMTU\\Projects\\07_VFD Tube Clocks\\02_IV-12 & IV-22\\IV-22 VFD Tube Clock V1.0\\Non-Electrical\\Objects\\PCB Models\\tube pin\\1mm vfd tube pin.iges')
('T9', '\\\\DESKTOP-ARTLMTU\\Projects\\07_VFD Tube Clocks\\02_IV-12 & IV-22\\IV-22 VFD Tube Clock V1.0\\Non-Electrical\\Objects\\PCB Models\\tube pin\\1mm vfd tube pin.iges')
('T10', '\\\\DESKTOP-ARTLMTU\\Projects\\07_VFD Tube Clocks\\02_IV-12 & IV-22\\IV-22 VFD Tube Clock V1.0\\Non-Electrical\\Objects\\PCB Models\\tube pin\\1mm vfd tube pin.iges')
('T10', '\\\\DESKTOP-ARTLMTU\\Projects\\07_VFD Tube Clocks\\02_IV-12 & IV-22\\IV-22 VFD Tube Clock V1.0\\Non-Electrical\\Objects\\PCB Models\\tube pin\\1mm vfd tube pin.iges')
('T10', '\\\\DESKTOP-ARTLMTU\\Projects\\07_VFD Tube Clocks\\02_IV-12 & IV-22\\IV-22 VFD Tube Clock V1.0\\Non-Electrical\\Objects\\PCB Models\\tube pin\\1mm vfd tube pin.iges')
('T10', '\\\\DESKTOP-ARTLMTU\\Projects\\07_VFD Tube Clocks\\02_IV-12 & IV-22\\IV-22 VFD Tube Clock V1.0\\Non-Electrical\\Objects\\PCB Models\\tube pin\\1mm vfd tube pin.iges')
('T10', '\\\\DESKTOP-ARTLMTU\\Projects\\07_VFD Tube Clocks\\02_IV-12 & IV-22\\IV-22 VFD Tube Clock V1.0\\Non-Electrical\\Objects\\PCB Models\\tube pin\\1mm vfd tube pin.iges')
('T10', '\\\\DESKTOP-ARTLMTU\\Projects\\07_VFD Tube Clocks\\02_IV-12 & IV-22\\IV-22 VFD Tube Clock V1.0\\Non-Electrical\\Objects\\PCB Models\\tube pin\\1mm vfd tube pin.iges')
('T10', '\\\\DESKTOP-ARTLMTU\\Projects\\07_VFD Tube Clocks\\02_IV-12 & IV-22\\IV-22 VFD Tube Clock V1.0\\Non-Electrical\\Objects\\PCB Models\\tube pin\\1mm vfd tube pin.iges')
('T10', '\\\\DESKTOP-ARTLMTU\\Projects\\07_VFD Tube Clocks\\02_IV-12 & IV-22\\IV-22 VFD Tube Clock V1.0\\Non-Electrical\\Objects\\PCB Models\\tube pin\\1mm vfd tube pin.iges')
('T10', '\\\\DESKTOP-ARTLMTU\\Projects\\07_VFD Tube Clocks\\02_IV-12 & IV-22\\IV-22 VFD Tube Clock V1.0\\Non-Electrical\\Objects\\PCB Models\\tube pin\\1mm vfd tube pin.iges')
('T10', '\\\\DESKTOP-ARTLMTU\\Projects\\07_VFD Tube Clocks\\02_IV-12 & IV-22\\IV-22 VFD Tube Clock V1.0\\Non-Electrical\\Objects\\PCB Models\\tube pin\\1mm vfd tube pin.iges')
('T10', '\\\\DESKTOP-ARTLMTU\\Projects\\07_VFD Tube Clocks\\02_IV-12 & IV-22\\IV-22 VFD Tube Clock V1.0\\Non-Electrical\\Objects\\PCB Models\\tube pin\\1mm vfd tube pin.iges')
('T10', '\\\\DESKTOP-ARTLMTU\\Projects\\07_VFD Tube Clocks\\02_IV-12 & IV-22\\IV-22 VFD Tube Clock V1.0\\Non-Electrical\\Objects\\PCB Models\\tube pin\\1mm vfd tube pin.iges')
('T5', '\\\\DESKTOP-ARTLMTU\\Projects\\07_VFD Tube Clocks\\02_IV-12 & IV-22\\IV-22 VFD Tube Clock V1.0\\Non-Electrical\\Objects\\PCB Models\\tube pin\\1mm vfd tube pin.iges')
('T5', '\\\\DESKTOP-ARTLMTU\\Projects\\07_VFD Tube Clocks\\02_IV-12 & IV-22\\IV-22 VFD Tube Clock V1.0\\Non-Electrical\\Objects\\PCB Models\\tube pin\\1mm vfd tube pin.iges')
('T5', '\\\\DESKTOP-ARTLMTU\\Projects\\07_VFD Tube Clocks\\02_IV-12 & IV-22\\IV-22 VFD Tube Clock V1.0\\Non-Electrical\\Objects\\PCB Models\\tube pin\\1mm vfd tube pin.iges')
('T5', '\\\\DESKTOP-ARTLMTU\\Projects\\07_VFD Tube Clocks\\02_IV-12 & IV-22\\IV-22 VFD Tube Clock V1.0\\Non-Electrical\\Objects\\PCB Models\\tube pin\\1mm vfd tube pin.iges')
('T5', '\\\\DESKTOP-ARTLMTU\\Projects\\07_VFD Tube Clocks\\02_IV-12 & IV-22\\IV-22 VFD Tube Clock V1.0\\Non-Electrical\\Objects\\PCB Models\\tube pin\\1mm vfd tube pin.iges')
('T5', '\\\\DESKTOP-ARTLMTU\\Projects\\07_VFD Tube Clocks\\02_IV-12 & IV-22\\IV-22 VFD Tube Clock V1.0\\Non-Electrical\\Objects\\PCB Models\\tube pin\\1mm vfd tube pin.iges')
('T5', '\\\\DESKTOP-ARTLMTU\\Projects\\07_VFD Tube Clocks\\02_IV-12 & IV-22\\IV-22 VFD Tube Clock V1.0\\Non-Electrical\\Objects\\PCB Models\\tube pin\\1mm vfd tube pin.iges')
('T5', '\\\\DESKTOP-ARTLMTU\\Projects\\07_VFD Tube Clocks\\02_IV-12 & IV-22\\IV-22 VFD Tube Clock V1.0\\Non-Electrical\\Objects\\PCB Models\\tube pin\\1mm vfd tube pin.iges')
('T5', '\\\\DESKTOP-ARTLMTU\\Projects\\07_VFD Tube Clocks\\02_IV-12 & IV-22\\IV-22 VFD Tube Clock V1.0\\Non-Electrical\\Objects\\PCB Models\\tube pin\\1mm vfd tube pin.iges')
('T5', '\\\\DESKTOP-ARTLMTU\\Projects\\07_VFD Tube Clocks\\02_IV-12 & IV-22\\IV-22 VFD Tube Clock V1.0\\Non-Electrical\\Objects\\PCB Models\\tube pin\\1mm vfd tube pin.iges')
('T5', '\\\\DESKTOP-ARTLMTU\\Projects\\07_VFD Tube Clocks\\02_IV-12 & IV-22\\IV-22 VFD Tube Clock V1.0\\Non-Electrical\\Objects\\PCB Models\\tube pin\\1mm vfd tube pin.iges')
('T5', '\\\\DESKTOP-ARTLMTU\\Projects\\07_VFD Tube Clocks\\02_IV-12 & IV-22\\IV-22 VFD Tube Clock V1.0\\Non-Electrical\\Objects\\PCB Models\\tube pin\\1mm vfd tube pin.iges')
('T1', '\\\\DESKTOP-ARTLMTU\\Projects\\07_VFD Tube Clocks\\02_IV-12 & IV-22\\IV-22 VFD Tube Clock V1.0\\Non-Electrical\\Objects\\PCB Models\\tube pin\\1mm vfd tube pin.iges')
('T1', '\\\\DESKTOP-ARTLMTU\\Projects\\07_VFD Tube Clocks\\02_IV-12 & IV-22\\IV-22 VFD Tube Clock V1.0\\Non-Electrical\\Objects\\PCB Models\\tube pin\\1mm vfd tube pin.iges')
('T1', '\\\\DESKTOP-ARTLMTU\\Projects\\07_VFD Tube Clocks\\02_IV-12 & IV-22\\IV-22 VFD Tube Clock V1.0\\Non-Electrical\\Objects\\PCB Models\\tube pin\\1mm vfd tube pin.iges')
('T1', '\\\\DESKTOP-ARTLMTU\\Projects\\07_VFD Tube Clocks\\02_IV-12 & IV-22\\IV-22 VFD Tube Clock V1.0\\Non-Electrical\\Objects\\PCB Models\\tube pin\\1mm vfd tube pin.iges')
('T1', '\\\\DESKTOP-ARTLMTU\\Projects\\07_VFD Tube Clocks\\02_IV-12 & IV-22\\IV-22 VFD Tube Clock V1.0\\Non-Electrical\\Objects\\PCB Models\\tube pin\\1mm vfd tube pin.iges')
('T1', '\\\\DESKTOP-ARTLMTU\\Projects\\07_VFD Tube Clocks\\02_IV-12 & IV-22\\IV-22 VFD Tube Clock V1.0\\Non-Electrical\\Objects\\PCB Models\\tube pin\\1mm vfd tube pin.iges')
('T1', '\\\\DESKTOP-ARTLMTU\\Projects\\07_VFD Tube Clocks\\02_IV-12 & IV-22\\IV-22 VFD Tube Clock V1.0\\Non-Electrical\\Objects\\PCB Models\\tube pin\\1mm vfd tube pin.iges')
('T1', '\\\\DESKTOP-ARTLMTU\\Projects\\07_VFD Tube Clocks\\02_IV-12 & IV-22\\IV-22 VFD Tube Clock V1.0\\Non-Electrical\\Objects\\PCB Models\\tube pin\\1mm vfd tube pin.iges')
('T1', '\\\\DESKTOP-ARTLMTU\\Projects\\07_VFD Tube Clocks\\02_IV-12 & IV-22\\IV-22 VFD Tube Clock V1.0\\Non-Electrical\\Objects\\PCB Models\\tube pin\\1mm vfd tube pin.iges')
('T1', '\\\\DESKTOP-ARTLMTU\\Projects\\07_VFD Tube Clocks\\02_IV-12 & IV-22\\IV-22 VFD Tube Clock V1.0\\Non-Electrical\\Objects\\PCB Models\\tube pin\\1mm vfd tube pin.iges')
('T1', '\\\\DESKTOP-ARTLMTU\\Projects\\07_VFD Tube Clocks\\02_IV-12 & IV-22\\IV-22 VFD Tube Clock V1.0\\Non-Electrical\\Objects\\PCB Models\\tube pin\\1mm vfd tube pin.iges')
('T1', '\\\\DESKTOP-ARTLMTU\\Projects\\07_VFD Tube Clocks\\02_IV-12 & IV-22\\IV-22 VFD Tube Clock V1.0\\Non-Electrical\\Objects\\PCB Models\\tube pin\\1mm vfd tube pin.iges')
('T6', '\\\\DESKTOP-ARTLMTU\\Projects\\07_VFD Tube Clocks\\02_IV-12 & IV-22\\IV-22 VFD Tube Clock V1.0\\Non-Electrical\\Objects\\PCB Models\\tube pin\\1mm vfd tube pin.iges')
('T6', '\\\\DESKTOP-ARTLMTU\\Projects\\07_VFD Tube Clocks\\02_IV-12 & IV-22\\IV-22 VFD Tube Clock V1.0\\Non-Electrical\\Objects\\PCB Models\\tube pin\\1mm vfd tube pin.iges')
('T6', '\\\\DESKTOP-ARTLMTU\\Projects\\07_VFD Tube Clocks\\02_IV-12 & IV-22\\IV-22 VFD Tube Clock V1.0\\Non-Electrical\\Objects\\PCB Models\\tube pin\\1mm vfd tube pin.iges')
('T6', '\\\\DESKTOP-ARTLMTU\\Projects\\07_VFD Tube Clocks\\02_IV-12 & IV-22\\IV-22 VFD Tube Clock V1.0\\Non-Electrical\\Objects\\PCB Models\\tube pin\\1mm vfd tube pin.iges')
('T6', '\\\\DESKTOP-ARTLMTU\\Projects\\07_VFD Tube Clocks\\02_IV-12 & IV-22\\IV-22 VFD Tube Clock V1.0\\Non-Electrical\\Objects\\PCB Models\\tube pin\\1mm vfd tube pin.iges')
('T6', '\\\\DESKTOP-ARTLMTU\\Projects\\07_VFD Tube Clocks\\02_IV-12 & IV-22\\IV-22 VFD Tube Clock V1.0\\Non-Electrical\\Objects\\PCB Models\\tube pin\\1mm vfd tube pin.iges')
('T6', '\\\\DESKTOP-ARTLMTU\\Projects\\07_VFD Tube Clocks\\02_IV-12 & IV-22\\IV-22 VFD Tube Clock V1.0\\Non-Electrical\\Objects\\PCB Models\\tube pin\\1mm vfd tube pin.iges')
('T6', '\\\\DESKTOP-ARTLMTU\\Projects\\07_VFD Tube Clocks\\02_IV-12 & IV-22\\IV-22 VFD Tube Clock V1.0\\Non-Electrical\\Objects\\PCB Models\\tube pin\\1mm vfd tube pin.iges')
('T6', '\\\\DESKTOP-ARTLMTU\\Projects\\07_VFD Tube Clocks\\02_IV-12 & IV-22\\IV-22 VFD Tube Clock V1.0\\Non-Electrical\\Objects\\PCB Models\\tube pin\\1mm vfd tube pin.iges')
('T6', '\\\\DESKTOP-ARTLMTU\\Projects\\07_VFD Tube Clocks\\02_IV-12 & IV-22\\IV-22 VFD Tube Clock V1.0\\Non-Electrical\\Objects\\PCB Models\\tube pin\\1mm vfd tube pin.iges')
('T6', '\\\\DESKTOP-ARTLMTU\\Projects\\07_VFD Tube Clocks\\02_IV-12 & IV-22\\IV-22 VFD Tube Clock V1.0\\Non-Electrical\\Objects\\PCB Models\\tube pin\\1mm vfd tube pin.iges')
('T6', '\\\\DESKTOP-ARTLMTU\\Projects\\07_VFD Tube Clocks\\02_IV-12 & IV-22\\IV-22 VFD Tube Clock V1.0\\Non-Electrical\\Objects\\PCB Models\\tube pin\\1mm vfd tube pin.iges')
('T2', '\\\\DESKTOP-ARTLMTU\\Projects\\07_VFD Tube Clocks\\02_IV-12 & IV-22\\IV-22 VFD Tube Clock V1.0\\Non-Electrical\\Objects\\PCB Models\\tube pin\\1mm vfd tube pin.iges')
('T2', '\\\\DESKTOP-ARTLMTU\\Projects\\07_VFD Tube Clocks\\02_IV-12 & IV-22\\IV-22 VFD Tube Clock V1.0\\Non-Electrical\\Objects\\PCB Models\\tube pin\\1mm vfd tube pin.iges')
('T2', '\\\\DESKTOP-ARTLMTU\\Projects\\07_VFD Tube Clocks\\02_IV-12 & IV-22\\IV-22 VFD Tube Clock V1.0\\Non-Electrical\\Objects\\PCB Models\\tube pin\\1mm vfd tube pin.iges')
('T2', '\\\\DESKTOP-ARTLMTU\\Projects\\07_VFD Tube Clocks\\02_IV-12 & IV-22\\IV-22 VFD Tube Clock V1.0\\Non-Electrical\\Objects\\PCB Models\\tube pin\\1mm vfd tube pin.iges')
('T2', '\\\\DESKTOP-ARTLMTU\\Projects\\07_VFD Tube Clocks\\02_IV-12 & IV-22\\IV-22 VFD Tube Clock V1.0\\Non-Electrical\\Objects\\PCB Models\\tube pin\\1mm vfd tube pin.iges')
('T2', '\\\\DESKTOP-ARTLMTU\\Projects\\07_VFD Tube Clocks\\02_IV-12 & IV-22\\IV-22 VFD Tube Clock V1.0\\Non-Electrical\\Objects\\PCB Models\\tube pin\\1mm vfd tube pin.iges')
('T2', '\\\\DESKTOP-ARTLMTU\\Projects\\07_VFD Tube Clocks\\02_IV-12 & IV-22\\IV-22 VFD Tube Clock V1.0\\Non-Electrical\\Objects\\PCB Models\\tube pin\\1mm vfd tube pin.iges')
('T2', '\\\\DESKTOP-ARTLMTU\\Projects\\07_VFD Tube Clocks\\02_IV-12 & IV-22\\IV-22 VFD Tube Clock V1.0\\Non-Electrical\\Objects\\PCB Models\\tube pin\\1mm vfd tube pin.iges')
('T2', '\\\\DESKTOP-ARTLMTU\\Projects\\07_VFD Tube Clocks\\02_IV-12 & IV-22\\IV-22 VFD Tube Clock V1.0\\Non-Electrical\\Objects\\PCB Models\\tube pin\\1mm vfd tube pin.iges')
('T2', '\\\\DESKTOP-ARTLMTU\\Projects\\07_VFD Tube Clocks\\02_IV-12 & IV-22\\IV-22 VFD Tube Clock V1.0\\Non-Electrical\\Objects\\PCB Models\\tube pin\\1mm vfd tube pin.iges')
('T2', '\\\\DESKTOP-ARTLMTU\\Projects\\07_VFD Tube Clocks\\02_IV-12 & IV-22\\IV-22 VFD Tube Clock V1.0\\Non-Electrical\\Objects\\PCB Models\\tube pin\\1mm vfd tube pin.iges')
('T2', '\\\\DESKTOP-ARTLMTU\\Projects\\07_VFD Tube Clocks\\02_IV-12 & IV-22\\IV-22 VFD Tube Clock V1.0\\Non-Electrical\\Objects\\PCB Models\\tube pin\\1mm vfd tube pin.iges')
